Namespace(activ='relu', auto_augment=False, batch_size=100, bias=False, checkpoint_freq=10, conv_mode='classic', cutout=8, dataset=['cifar10'], epochs=200, filters=64, gamma=0.5, history=1, iter=14, learning_rate=0.1, min_lr=0.0001, model='res_thrifty', momentum=0.9, n_params=None, name='vanillaC10', nesterov=True, optimizer='sgd', out_mode='pool', patience=8, pool=[3], resume=None, seed=437546, test_batch_size=100, topk=None, weight_decay=0.0005)
Parameters : 39334
Filters : 64
*******
epoch : 1, time : 0.8406346201896667, train_loss : 935.7509765625, train_acc(top1) : 14483.0, test_loss : 1.6789595890045166, test_acc(top1) : 37.70000076293945, 
epoch : 2, time : 0.8283991893132527, train_loss : 794.9668579101562, train_acc(top1) : 20339.0, test_loss : 1.500983465909958, test_acc(top1) : 45.939998626708984, 
epoch : 3, time : 0.769524113337199, train_loss : 690.26318359375, train_acc(top1) : 24663.0, test_loss : 1.2360503387451172, test_acc(top1) : 54.33000183105469, 
epoch : 4, time : 0.7589702367782593, train_loss : 605.5740966796875, train_acc(top1) : 28150.0, test_loss : 1.1063726598024368, test_acc(top1) : 60.5099983215332, 
epoch : 5, time : 0.7578846732775371, train_loss : 555.1672973632812, train_acc(top1) : 30132.0, test_loss : 1.1935367208719254, test_acc(top1) : 57.650001525878906, 
epoch : 6, time : 0.7588262597719828, train_loss : 525.2620239257812, train_acc(top1) : 31361.0, test_loss : 1.0922753274440766, test_acc(top1) : 61.689998626708984, 
epoch : 7, time : 0.7756319125493367, train_loss : 503.25897216796875, train_acc(top1) : 32152.0, test_loss : 1.249059578180313, test_acc(top1) : 59.540000915527344, 
epoch : 8, time : 0.760095485051473, train_loss : 482.853271484375, train_acc(top1) : 32970.0, test_loss : 0.975316419005394, test_acc(top1) : 66.26000213623047, 
epoch : 9, time : 0.7592291831970215, train_loss : 474.73724365234375, train_acc(top1) : 33268.0, test_loss : 0.9273321676254273, test_acc(top1) : 67.44999694824219, 
epoch : 10, time : 0.7618354360262553, train_loss : 460.2409362792969, train_acc(top1) : 33860.0, test_loss : 0.8584419512748718, test_acc(top1) : 70.58000183105469, 
epoch : 11, time : 0.7639636039733887, train_loss : 401.1014099121094, train_acc(top1) : 35952.0, test_loss : 0.7796512535214424, test_acc(top1) : 73.04000091552734, 
epoch : 12, time : 0.7916496276855469, train_loss : 395.91595458984375, train_acc(top1) : 36107.0, test_loss : 0.7612807953357696, test_acc(top1) : 73.76000213623047, 
epoch : 13, time : 0.7782762249310812, train_loss : 392.0975646972656, train_acc(top1) : 36319.0, test_loss : 0.7753580063581467, test_acc(top1) : 73.30999755859375, 
epoch : 14, time : 0.7710514982541402, train_loss : 389.34051513671875, train_acc(top1) : 36407.0, test_loss : 0.7375154727697373, test_acc(top1) : 74.31999969482422, 
epoch : 15, time : 0.776636536916097, train_loss : 388.2253112792969, train_acc(top1) : 36439.0, test_loss : 0.7560868316888809, test_acc(top1) : 73.5, 
epoch : 16, time : 0.7652853449185689, train_loss : 381.5507507324219, train_acc(top1) : 36720.0, test_loss : 0.7384236174821853, test_acc(top1) : 74.80999755859375, 
epoch : 17, time : 0.7711319486300151, train_loss : 380.059326171875, train_acc(top1) : 36720.0, test_loss : 0.7069708403944969, test_acc(top1) : 75.4000015258789, 
epoch : 18, time : 0.7665213306744894, train_loss : 381.9295349121094, train_acc(top1) : 36773.0, test_loss : 0.7694623589515686, test_acc(top1) : 73.86000061035156, 
epoch : 19, time : 0.7678508043289185, train_loss : 377.4101257324219, train_acc(top1) : 36942.0, test_loss : 0.8738469982147217, test_acc(top1) : 71.0199966430664, 
epoch : 20, time : 0.7671153903007507, train_loss : 334.4605712890625, train_acc(top1) : 38385.0, test_loss : 0.6315075412392617, test_acc(top1) : 78.5, 
epoch : 21, time : 0.7669528047243754, train_loss : 428.92926025390625, train_acc(top1) : 35112.0, test_loss : 0.7524324423074722, test_acc(top1) : 74.18000030517578, 
epoch : 22, time : 0.7681872685750325, train_loss : 385.3758239746094, train_acc(top1) : 36486.0, test_loss : 0.6697547033429145, test_acc(top1) : 76.87999725341797, 
epoch : 23, time : 0.7975799640019735, train_loss : 370.28411865234375, train_acc(top1) : 36963.0, test_loss : 0.6897743597626687, test_acc(top1) : 75.62999725341797, 
epoch : 24, time : 0.8419768969217937, train_loss : 356.359130859375, train_acc(top1) : 37487.0, test_loss : 0.6966949164867401, test_acc(top1) : 76.29000091552734, 
epoch : 25, time : 0.7913178126017253, train_loss : 352.4013671875, train_acc(top1) : 37714.0, test_loss : 0.6923882722854614, test_acc(top1) : 76.12000274658203, 
epoch : 26, time : 0.7716252605120341, train_loss : 347.1207580566406, train_acc(top1) : 37838.0, test_loss : 0.6642143285274505, test_acc(top1) : 76.94000244140625, 
epoch : 27, time : 0.7674718419710795, train_loss : 347.2659606933594, train_acc(top1) : 37925.0, test_loss : 0.6577033677697182, test_acc(top1) : 77.7699966430664, 
epoch : 28, time : 0.769302248954773, train_loss : 340.17578125, train_acc(top1) : 38176.0, test_loss : 0.6165506425499916, test_acc(top1) : 78.56999969482422, 
epoch : 29, time : 0.7660759369532267, train_loss : 310.2816467285156, train_acc(top1) : 39218.0, test_loss : 0.5546288040280342, test_acc(top1) : 81.37999725341797, 
epoch : 30, time : 0.7721034606297811, train_loss : 303.3127136230469, train_acc(top1) : 39398.0, test_loss : 0.5607329687476158, test_acc(top1) : 80.7699966430664, 
epoch : 31, time : 0.7789259831110636, train_loss : 299.5440368652344, train_acc(top1) : 39498.0, test_loss : 0.5558082699775696, test_acc(top1) : 81.12999725341797, 
epoch : 32, time : 0.8497182250022888, train_loss : 300.3974304199219, train_acc(top1) : 39639.0, test_loss : 0.5433735382556916, test_acc(top1) : 81.37000274658203, 
epoch : 33, time : 0.844696319103241, train_loss : 297.15130615234375, train_acc(top1) : 39669.0, test_loss : 0.5596579796075821, test_acc(top1) : 80.5, 
epoch : 34, time : 0.8374441544214885, train_loss : 297.385498046875, train_acc(top1) : 39621.0, test_loss : 0.5770183232426643, test_acc(top1) : 80.63999938964844, 
epoch : 35, time : 0.8365324099858602, train_loss : 293.1639709472656, train_acc(top1) : 39792.0, test_loss : 0.5707015854120254, test_acc(top1) : 80.70999908447266, 
epoch : 36, time : 0.8421744743982951, train_loss : 296.02703857421875, train_acc(top1) : 39722.0, test_loss : 0.5323568114638328, test_acc(top1) : 81.91000366210938, 
epoch : 37, time : 0.8460052172342937, train_loss : 296.5868835449219, train_acc(top1) : 39719.0, test_loss : 0.569347038269043, test_acc(top1) : 80.66999816894531, 
epoch : 38, time : 0.8536972045898438, train_loss : 274.03509521484375, train_acc(top1) : 40419.0, test_loss : 0.5048768836259842, test_acc(top1) : 82.80000305175781, 
epoch : 39, time : 0.8112620552380879, train_loss : 269.2792053222656, train_acc(top1) : 40552.0, test_loss : 0.48543314531445503, test_acc(top1) : 83.75, 
epoch : 40, time : 0.7929365237553915, train_loss : 266.75347900390625, train_acc(top1) : 40720.0, test_loss : 0.5049155184626579, test_acc(top1) : 82.9800033569336, 
epoch : 41, time : 0.7793121139208475, train_loss : 266.4413757324219, train_acc(top1) : 40764.0, test_loss : 0.5056401459872722, test_acc(top1) : 82.80999755859375, 
epoch : 42, time : 0.7782700459162394, train_loss : 264.9737548828125, train_acc(top1) : 40729.0, test_loss : 0.5100168922543525, test_acc(top1) : 82.87000274658203, 
epoch : 43, time : 0.7835415244102478, train_loss : 266.03582763671875, train_acc(top1) : 40771.0, test_loss : 0.514051725268364, test_acc(top1) : 82.56999969482422, 
epoch : 44, time : 0.777050769329071, train_loss : 264.1723327636719, train_acc(top1) : 40766.0, test_loss : 0.4873818528652191, test_acc(top1) : 83.3499984741211, 
epoch : 45, time : 0.7733646670977274, train_loss : 261.6983337402344, train_acc(top1) : 40924.0, test_loss : 0.4891844490170479, test_acc(top1) : 83.44999694824219, 
epoch : 46, time : 0.7771050413449605, train_loss : 262.7500915527344, train_acc(top1) : 40894.0, test_loss : 0.4851625826954842, test_acc(top1) : 83.47000122070312, 
epoch : 47, time : 0.8005384842554728, train_loss : 250.2556915283203, train_acc(top1) : 41248.0, test_loss : 0.4540344642102718, test_acc(top1) : 84.58999633789062, 
epoch : 48, time : 0.8463861147562662, train_loss : 247.53396606445312, train_acc(top1) : 41447.0, test_loss : 0.45733692348003385, test_acc(top1) : 84.5199966430664, 
epoch : 49, time : 0.7997948964436848, train_loss : 246.0968475341797, train_acc(top1) : 41435.0, test_loss : 0.45964028030633924, test_acc(top1) : 84.08999633789062, 
epoch : 50, time : 0.7815540353457133, train_loss : 246.40455627441406, train_acc(top1) : 41411.0, test_loss : 0.46383056566119196, test_acc(top1) : 84.30000305175781, 
epoch : 51, time : 0.7763298988342285, train_loss : 242.60458374023438, train_acc(top1) : 41496.0, test_loss : 0.4502993834018707, test_acc(top1) : 84.26000213623047, 
epoch : 52, time : 0.7906544168790182, train_loss : 241.87490844726562, train_acc(top1) : 41461.0, test_loss : 0.45839461594820025, test_acc(top1) : 84.54000091552734, 
epoch : 53, time : 0.7690008560816447, train_loss : 244.07691955566406, train_acc(top1) : 41520.0, test_loss : 0.4512921032309532, test_acc(top1) : 84.45999908447266, 
epoch : 54, time : 0.772326401869456, train_loss : 243.31137084960938, train_acc(top1) : 41471.0, test_loss : 0.44681926190853116, test_acc(top1) : 84.73999786376953, 
epoch : 55, time : 0.7705408652623494, train_loss : 240.9972381591797, train_acc(top1) : 41620.0, test_loss : 0.4505595588684082, test_acc(top1) : 84.52999877929688, 
epoch : 56, time : 0.7862933715184529, train_loss : 235.16653442382812, train_acc(top1) : 41825.0, test_loss : 0.4389497277140617, test_acc(top1) : 85.0199966430664, 
epoch : 57, time : 0.764630663394928, train_loss : 229.16563415527344, train_acc(top1) : 42038.0, test_loss : 0.43714134112000463, test_acc(top1) : 85.05999755859375, 
epoch : 58, time : 0.7649931311607361, train_loss : 232.65444946289062, train_acc(top1) : 41901.0, test_loss : 0.43676884591579435, test_acc(top1) : 84.87999725341797, 
epoch : 59, time : 0.7642117420832316, train_loss : 231.00009155273438, train_acc(top1) : 42019.0, test_loss : 0.4613714882731438, test_acc(top1) : 84.31999969482422, 
epoch : 60, time : 0.7657913962999979, train_loss : 228.91159057617188, train_acc(top1) : 42080.0, test_loss : 0.44239175468683245, test_acc(top1) : 84.98999786376953, 
epoch : 61, time : 0.7629072149594625, train_loss : 228.6949462890625, train_acc(top1) : 41951.0, test_loss : 0.4341850262880325, test_acc(top1) : 85.37999725341797, 
epoch : 62, time : 0.769119660059611, train_loss : 227.99420166015625, train_acc(top1) : 41986.0, test_loss : 0.4345613095164299, test_acc(top1) : 85.18000030517578, 
epoch : 63, time : 0.764832063515981, train_loss : 227.8352508544922, train_acc(top1) : 42153.0, test_loss : 0.431449503749609, test_acc(top1) : 85.44000244140625, 
epoch : 64, time : 0.764887523651123, train_loss : 227.99110412597656, train_acc(top1) : 42042.0, test_loss : 0.4396187862753868, test_acc(top1) : 84.98999786376953, 
epoch : 65, time : 0.8487601161003113, train_loss : 225.32179260253906, train_acc(top1) : 42158.0, test_loss : 0.42869150608778, test_acc(top1) : 85.22000122070312, 
epoch : 66, time : 0.8330100655555726, train_loss : 221.8577423095703, train_acc(top1) : 42242.0, test_loss : 0.4274684292078018, test_acc(top1) : 85.55000305175781, 
epoch : 67, time : 0.8339133461316427, train_loss : 221.4229278564453, train_acc(top1) : 42328.0, test_loss : 0.41949538230895994, test_acc(top1) : 85.83999633789062, 
epoch : 68, time : 0.8343040307362874, train_loss : 221.99253845214844, train_acc(top1) : 42235.0, test_loss : 0.4253977000713348, test_acc(top1) : 85.4800033569336, 
epoch : 69, time : 0.8364980697631836, train_loss : 221.9810028076172, train_acc(top1) : 42244.0, test_loss : 0.4242447404563427, test_acc(top1) : 85.55000305175781, 
epoch : 70, time : 0.837692121664683, train_loss : 221.4325714111328, train_acc(top1) : 42315.0, test_loss : 0.4210515888035297, test_acc(top1) : 85.80999755859375, 
epoch : 71, time : 0.8364089091618856, train_loss : 219.93173217773438, train_acc(top1) : 42309.0, test_loss : 0.42623036324977875, test_acc(top1) : 85.3499984741211, 
epoch : 72, time : 0.8355197866757711, train_loss : 221.98252868652344, train_acc(top1) : 42320.0, test_loss : 0.44224369794130325, test_acc(top1) : 85.11000061035156, 
epoch : 73, time : 0.8097112059593201, train_loss : 219.46644592285156, train_acc(top1) : 42344.0, test_loss : 0.42417915642261506, test_acc(top1) : 85.5, 
epoch : 74, time : 0.7664553085962932, train_loss : 220.29281616210938, train_acc(top1) : 42294.0, test_loss : 0.4179975090920925, test_acc(top1) : 85.63999938964844, 
epoch : 75, time : 0.7660902818044026, train_loss : 218.36077880859375, train_acc(top1) : 42359.0, test_loss : 0.41804504916071894, test_acc(top1) : 85.61000061035156, 
epoch : 76, time : 0.7687784194946289, train_loss : 218.27540588378906, train_acc(top1) : 42337.0, test_loss : 0.4175809744000435, test_acc(top1) : 85.48999786376953, 
epoch : 77, time : 0.8635577479998271, train_loss : 217.7107696533203, train_acc(top1) : 42319.0, test_loss : 0.4218318872153759, test_acc(top1) : 85.54000091552734, 
epoch : 78, time : 0.7894850015640259, train_loss : 216.07969665527344, train_acc(top1) : 42468.0, test_loss : 0.41873457431793215, test_acc(top1) : 85.80000305175781, 
epoch : 79, time : 0.7831273118654887, train_loss : 217.20315551757812, train_acc(top1) : 42462.0, test_loss : 0.42708995565772057, test_acc(top1) : 85.62000274658203, 
epoch : 80, time : 0.8632488568623861, train_loss : 215.3739776611328, train_acc(top1) : 42567.0, test_loss : 0.4203108708560467, test_acc(top1) : 85.81999969482422, 
epoch : 81, time : 0.8126508633295695, train_loss : 217.72213745117188, train_acc(top1) : 42378.0, test_loss : 0.4188198511302471, test_acc(top1) : 85.80999755859375, 
epoch : 82, time : 0.8603533307711283, train_loss : 215.38438415527344, train_acc(top1) : 42486.0, test_loss : 0.420608607083559, test_acc(top1) : 86.0, 
epoch : 83, time : 0.8401785691579183, train_loss : 214.13218688964844, train_acc(top1) : 42513.0, test_loss : 0.41432389825582505, test_acc(top1) : 85.77999877929688, 
epoch : 84, time : 0.8282993555068969, train_loss : 217.2070770263672, train_acc(top1) : 42462.0, test_loss : 0.4163877746462822, test_acc(top1) : 85.91000366210938, 
epoch : 85, time : 0.8065508246421814, train_loss : 214.59152221679688, train_acc(top1) : 42543.0, test_loss : 0.4141335503757, test_acc(top1) : 85.83000183105469, 
epoch : 86, time : 0.8121878107388815, train_loss : 214.38299560546875, train_acc(top1) : 42544.0, test_loss : 0.4151338265836239, test_acc(top1) : 85.93000030517578, 
epoch : 87, time : 0.8005698601404826, train_loss : 213.8986053466797, train_acc(top1) : 42555.0, test_loss : 0.4183889803290367, test_acc(top1) : 85.77999877929688, 
epoch : 88, time : 0.8011188228925069, train_loss : 216.30905151367188, train_acc(top1) : 42443.0, test_loss : 0.4163586837053299, test_acc(top1) : 85.79000091552734, 
epoch : 89, time : 0.8057427406311035, train_loss : 214.7261505126953, train_acc(top1) : 42524.0, test_loss : 0.42409061700105666, test_acc(top1) : 85.36000061035156, 
epoch : 90, time : 0.7855477809906006, train_loss : 213.98150634765625, train_acc(top1) : 42490.0, test_loss : 0.4145534552633762, test_acc(top1) : 85.62000274658203, 
epoch : 91, time : 0.8053574363390604, train_loss : 215.14447021484375, train_acc(top1) : 42486.0, test_loss : 0.4117431744933128, test_acc(top1) : 85.95999908447266, 
epoch : 92, time : 0.7866048375765483, train_loss : 213.874267578125, train_acc(top1) : 42552.0, test_loss : 0.42362907439470293, test_acc(top1) : 85.75, 
epoch : 93, time : 0.7812794923782349, train_loss : 214.63096618652344, train_acc(top1) : 42543.0, test_loss : 0.4160210095345974, test_acc(top1) : 85.86000061035156, 
epoch : 94, time : 0.7895841280619303, train_loss : 213.47727966308594, train_acc(top1) : 42522.0, test_loss : 0.41790955409407615, test_acc(top1) : 85.83999633789062, 
epoch : 95, time : 0.7831386844317119, train_loss : 214.82566833496094, train_acc(top1) : 42508.0, test_loss : 0.41290395095944404, test_acc(top1) : 85.7699966430664, 
epoch : 96, time : 0.7823234121004741, train_loss : 212.57827758789062, train_acc(top1) : 42598.0, test_loss : 0.4146234200894833, test_acc(top1) : 85.8499984741211, 
epoch : 97, time : 0.7820161819458008, train_loss : 212.16355895996094, train_acc(top1) : 42647.0, test_loss : 0.4136390642821789, test_acc(top1) : 85.79000091552734, 
epoch : 98, time : 0.7809740980466207, train_loss : 214.03578186035156, train_acc(top1) : 42570.0, test_loss : 0.4145107479393482, test_acc(top1) : 85.6500015258789, 
epoch : 99, time : 0.7844327847162883, train_loss : 211.30380249023438, train_acc(top1) : 42643.0, test_loss : 0.42345508754253386, test_acc(top1) : 85.75, 
epoch : 100, time : 0.7896323283513387, train_loss : 211.65025329589844, train_acc(top1) : 42657.0, test_loss : 0.4122592833638191, test_acc(top1) : 85.94999694824219, 
epoch : 101, time : 0.7859697024027507, train_loss : 212.17034912109375, train_acc(top1) : 42621.0, test_loss : 0.41302149429917334, test_acc(top1) : 85.88999938964844, 
epoch : 102, time : 0.767814560731252, train_loss : 214.1008758544922, train_acc(top1) : 42552.0, test_loss : 0.4166995546221733, test_acc(top1) : 85.63999938964844, 
epoch : 103, time : 0.7642281730969747, train_loss : 212.94839477539062, train_acc(top1) : 42542.0, test_loss : 0.4128582724928856, test_acc(top1) : 85.72000122070312, 
epoch : 104, time : 0.7635648846626282, train_loss : 214.3572998046875, train_acc(top1) : 42561.0, test_loss : 0.4132042281329632, test_acc(top1) : 85.7300033569336, 
epoch : 105, time : 0.821931803226471, train_loss : 214.13851928710938, train_acc(top1) : 42515.0, test_loss : 0.4133629305660725, test_acc(top1) : 86.0, 
epoch : 106, time : 0.780113689104716, train_loss : 214.91323852539062, train_acc(top1) : 42557.0, test_loss : 0.41193241089582444, test_acc(top1) : 85.97000122070312, 
epoch : 107, time : 0.7667101422945658, train_loss : 212.5055389404297, train_acc(top1) : 42555.0, test_loss : 0.41207377150654795, test_acc(top1) : 85.76000213623047, 
epoch : 108, time : 0.7624902407328288, train_loss : 211.21664428710938, train_acc(top1) : 42602.0, test_loss : 0.41247176319360734, test_acc(top1) : 85.97000122070312, 
epoch : 109, time : 0.7628420035044352, train_loss : 212.73211669921875, train_acc(top1) : 42560.0, test_loss : 0.42059012115001676, test_acc(top1) : 85.69999694824219, 
epoch : 110, time : 0.7621467351913452, train_loss : 212.759765625, train_acc(top1) : 42595.0, test_loss : 0.41345927193760873, test_acc(top1) : 85.87000274658203, 
epoch : 111, time : 0.7611315250396729, train_loss : 212.38189697265625, train_acc(top1) : 42582.0, test_loss : 0.4132363173365593, test_acc(top1) : 85.70999908447266, 
epoch : 112, time : 0.7787582317988078, train_loss : 213.22227478027344, train_acc(top1) : 42531.0, test_loss : 0.4115713602304459, test_acc(top1) : 85.7699966430664, 
epoch : 113, time : 0.7683207114537557, train_loss : 213.53326416015625, train_acc(top1) : 42517.0, test_loss : 0.41235570669174193, test_acc(top1) : 85.80999755859375, 
epoch : 114, time : 0.7672499299049378, train_loss : 211.45083618164062, train_acc(top1) : 42625.0, test_loss : 0.4121198213100433, test_acc(top1) : 85.83000183105469, 
epoch : 115, time : 0.7697356661160787, train_loss : 210.85830688476562, train_acc(top1) : 42687.0, test_loss : 0.41160812601447105, test_acc(top1) : 85.70999908447266, 
epoch : 116, time : 0.7633559703826904, train_loss : 211.52403259277344, train_acc(top1) : 42648.0, test_loss : 0.41268033146858213, test_acc(top1) : 85.79000091552734, 
epoch : 117, time : 0.7604217330614725, train_loss : 211.81369018554688, train_acc(top1) : 42588.0, test_loss : 0.414513900578022, test_acc(top1) : 85.86000061035156, 
epoch : 118, time : 0.7648885210355123, train_loss : 212.6864013671875, train_acc(top1) : 42617.0, test_loss : 0.4090063726902008, test_acc(top1) : 86.0199966430664, 
epoch : 119, time : 0.7576583902041117, train_loss : 210.33457946777344, train_acc(top1) : 42657.0, test_loss : 0.4193562798202038, test_acc(top1) : 85.7699966430664, 
epoch : 120, time : 0.7603647947311402, train_loss : 213.51124572753906, train_acc(top1) : 42550.0, test_loss : 0.41214559704065323, test_acc(top1) : 85.76000213623047, 
epoch : 121, time : 0.7595650951067606, train_loss : 212.07562255859375, train_acc(top1) : 42588.0, test_loss : 0.4130330216884613, test_acc(top1) : 85.88999938964844, 
epoch : 122, time : 0.8022440036137899, train_loss : 210.4968719482422, train_acc(top1) : 42671.0, test_loss : 0.4125941985845566, test_acc(top1) : 85.88999938964844, 
epoch : 123, time : 0.8320369799931844, train_loss : 213.62872314453125, train_acc(top1) : 42529.0, test_loss : 0.414996420443058, test_acc(top1) : 85.86000061035156, 
epoch : 124, time : 0.8205957293510437, train_loss : 211.4003448486328, train_acc(top1) : 42605.0, test_loss : 0.41593665674328806, test_acc(top1) : 85.79000091552734, 
epoch : 125, time : 0.7733651916186015, train_loss : 210.4825897216797, train_acc(top1) : 42691.0, test_loss : 0.4156317749619484, test_acc(top1) : 85.6500015258789, 
epoch : 126, time : 0.776001513004303, train_loss : 211.87510681152344, train_acc(top1) : 42611.0, test_loss : 0.41624983623623846, test_acc(top1) : 85.80000305175781, 
epoch : 127, time : 0.7728691538174947, train_loss : 210.4056854248047, train_acc(top1) : 42652.0, test_loss : 0.4121117447316647, test_acc(top1) : 85.77999877929688, 
epoch : 128, time : 0.7775438308715821, train_loss : 213.3468017578125, train_acc(top1) : 42599.0, test_loss : 0.4083135771751404, test_acc(top1) : 85.80000305175781, 
epoch : 129, time : 0.7737865527470906, train_loss : 211.6841583251953, train_acc(top1) : 42655.0, test_loss : 0.4135006067156792, test_acc(top1) : 85.80999755859375, 
epoch : 130, time : 0.7770078579584757, train_loss : 212.8604736328125, train_acc(top1) : 42486.0, test_loss : 0.4182594795525074, test_acc(top1) : 85.83000183105469, 
epoch : 131, time : 0.77475559314092, train_loss : 212.7462921142578, train_acc(top1) : 42542.0, test_loss : 0.41139102935791017, test_acc(top1) : 85.75, 
epoch : 132, time : 0.7828011234601339, train_loss : 211.9990692138672, train_acc(top1) : 42630.0, test_loss : 0.41266631707549095, test_acc(top1) : 85.83000183105469, 
epoch : 133, time : 0.7687228600184123, train_loss : 210.6787109375, train_acc(top1) : 42722.0, test_loss : 0.41361931785941125, test_acc(top1) : 85.86000061035156, 
epoch : 134, time : 0.7631973346074422, train_loss : 211.1707000732422, train_acc(top1) : 42623.0, test_loss : 0.41221465095877646, test_acc(top1) : 86.04000091552734, 
epoch : 135, time : 0.7582204461097717, train_loss : 211.5064697265625, train_acc(top1) : 42605.0, test_loss : 0.41178528770804407, test_acc(top1) : 85.93000030517578, 
epoch : 136, time : 0.7809976696968078, train_loss : 211.58714294433594, train_acc(top1) : 42591.0, test_loss : 0.412270035892725, test_acc(top1) : 85.95999908447266, 
epoch : 137, time : 0.7606210033098857, train_loss : 211.82168579101562, train_acc(top1) : 42580.0, test_loss : 0.41342275723814964, test_acc(top1) : 85.76000213623047, 
epoch : 138, time : 0.7838433106740316, train_loss : 210.2649383544922, train_acc(top1) : 42609.0, test_loss : 0.41182165503501894, test_acc(top1) : 85.87000274658203, 
epoch : 139, time : 0.7675432682037353, train_loss : 211.3080291748047, train_acc(top1) : 42666.0, test_loss : 0.4129997816681862, test_acc(top1) : 86.01000213623047, 
epoch : 140, time : 0.7645570079485575, train_loss : 210.4461669921875, train_acc(top1) : 42617.0, test_loss : 0.4126384589076042, test_acc(top1) : 85.72000122070312, 
epoch : 141, time : 0.7606266379356384, train_loss : 211.6796112060547, train_acc(top1) : 42626.0, test_loss : 0.4084737983345985, test_acc(top1) : 85.80000305175781, 
epoch : 142, time : 0.7615640958150228, train_loss : 210.006103515625, train_acc(top1) : 42560.0, test_loss : 0.411687076240778, test_acc(top1) : 85.94999694824219, 
epoch : 143, time : 0.8486122806866964, train_loss : 211.2236328125, train_acc(top1) : 42667.0, test_loss : 0.41214867621660234, test_acc(top1) : 85.98999786376953, 
epoch : 144, time : 0.7875273982683818, train_loss : 210.5935516357422, train_acc(top1) : 42708.0, test_loss : 0.4111826120316982, test_acc(top1) : 85.87000274658203, 
epoch : 145, time : 0.7661538998285929, train_loss : 211.365478515625, train_acc(top1) : 42559.0, test_loss : 0.412329868376255, test_acc(top1) : 85.94999694824219, 
epoch : 146, time : 0.7630474964777628, train_loss : 211.49136352539062, train_acc(top1) : 42603.0, test_loss : 0.43101521000266074, test_acc(top1) : 85.62000274658203, 
epoch : 147, time : 0.7573364933331808, train_loss : 210.78274536132812, train_acc(top1) : 42660.0, test_loss : 0.4129672971367836, test_acc(top1) : 85.80999755859375, 
epoch : 148, time : 0.7611768285433451, train_loss : 211.57545471191406, train_acc(top1) : 42700.0, test_loss : 0.4076555232703686, test_acc(top1) : 85.80000305175781, 
epoch : 149, time : 0.768922754128774, train_loss : 211.06781005859375, train_acc(top1) : 42646.0, test_loss : 0.4126038646697998, test_acc(top1) : 85.68000030517578, 
epoch : 150, time : 0.7681173324584961, train_loss : 209.63668823242188, train_acc(top1) : 42703.0, test_loss : 0.41221115112304685, test_acc(top1) : 85.94999694824219, 
epoch : 151, time : 0.7664175629615784, train_loss : 211.3427276611328, train_acc(top1) : 42584.0, test_loss : 0.4209564545750618, test_acc(top1) : 85.76000213623047, 
epoch : 152, time : 0.7643141428629557, train_loss : 211.3902587890625, train_acc(top1) : 42621.0, test_loss : 0.41207398936152456, test_acc(top1) : 85.69000244140625, 
epoch : 153, time : 0.7601356466611227, train_loss : 211.12490844726562, train_acc(top1) : 42666.0, test_loss : 0.41336450949311254, test_acc(top1) : 85.94000244140625, 
epoch : 154, time : 0.7639379262924194, train_loss : 212.38429260253906, train_acc(top1) : 42587.0, test_loss : 0.4159171339869499, test_acc(top1) : 86.05000305175781, 
epoch : 155, time : 0.849528439839681, train_loss : 209.7761993408203, train_acc(top1) : 42631.0, test_loss : 0.40904699489474294, test_acc(top1) : 85.95999908447266, 
epoch : 156, time : 0.8307134707768759, train_loss : 210.9936981201172, train_acc(top1) : 42602.0, test_loss : 0.4079506368935108, test_acc(top1) : 86.0199966430664, 
epoch : 157, time : 0.8296317617098491, train_loss : 209.00721740722656, train_acc(top1) : 42755.0, test_loss : 0.4117411670088768, test_acc(top1) : 85.81999969482422, 
epoch : 158, time : 0.8309796810150146, train_loss : 211.08139038085938, train_acc(top1) : 42638.0, test_loss : 0.4098116007447243, test_acc(top1) : 85.80999755859375, 
epoch : 159, time : 0.7805112799008688, train_loss : 210.9281463623047, train_acc(top1) : 42659.0, test_loss : 0.40845624685287474, test_acc(top1) : 85.94000244140625, 
epoch : 160, time : 0.766239329179128, train_loss : 210.63682556152344, train_acc(top1) : 42592.0, test_loss : 0.4061584110558033, test_acc(top1) : 85.87000274658203, 
epoch : 161, time : 0.7586915651957195, train_loss : 210.46490478515625, train_acc(top1) : 42524.0, test_loss : 0.411104291677475, test_acc(top1) : 85.98999786376953, 
epoch : 162, time : 0.7605617006619771, train_loss : 210.640625, train_acc(top1) : 42673.0, test_loss : 0.40859024435281754, test_acc(top1) : 85.91999816894531, 
epoch : 163, time : 0.7579057772954305, train_loss : 211.1328125, train_acc(top1) : 42695.0, test_loss : 0.4112410590052605, test_acc(top1) : 85.76000213623047, 
epoch : 164, time : 0.7586665550867716, train_loss : 211.59417724609375, train_acc(top1) : 42649.0, test_loss : 0.4108242602646351, test_acc(top1) : 86.08999633789062, 
epoch : 165, time : 0.7605392297108968, train_loss : 211.23504638671875, train_acc(top1) : 42604.0, test_loss : 0.4121922892332077, test_acc(top1) : 85.91999816894531, 
epoch : 166, time : 0.7600080211957295, train_loss : 209.48223876953125, train_acc(top1) : 42656.0, test_loss : 0.40824336782097814, test_acc(top1) : 85.72000122070312, 
epoch : 167, time : 0.757893439133962, train_loss : 210.61129760742188, train_acc(top1) : 42638.0, test_loss : 0.41236585021018984, test_acc(top1) : 85.91000366210938, 
epoch : 168, time : 0.7616519093513489, train_loss : 210.55401611328125, train_acc(top1) : 42689.0, test_loss : 0.4111148755252361, test_acc(top1) : 86.02999877929688, 
epoch : 169, time : 0.7570233384768168, train_loss : 210.53729248046875, train_acc(top1) : 42690.0, test_loss : 0.41087491154670713, test_acc(top1) : 85.75, 
epoch : 170, time : 0.8519265413284302, train_loss : 209.786376953125, train_acc(top1) : 42688.0, test_loss : 0.4081679432094097, test_acc(top1) : 85.91000366210938, 
epoch : 171, time : 0.8298377235730489, train_loss : 211.1505126953125, train_acc(top1) : 42640.0, test_loss : 0.41648091763257983, test_acc(top1) : 85.80999755859375, 
epoch : 172, time : 0.8385126868883769, train_loss : 212.20059204101562, train_acc(top1) : 42542.0, test_loss : 0.4160813392698765, test_acc(top1) : 85.83000183105469, 
epoch : 173, time : 0.8356886426607768, train_loss : 209.4529571533203, train_acc(top1) : 42657.0, test_loss : 0.41193848311901093, test_acc(top1) : 85.86000061035156, 
epoch : 174, time : 0.8395742893218994, train_loss : 209.60472106933594, train_acc(top1) : 42686.0, test_loss : 0.4088595728576183, test_acc(top1) : 85.95999908447266, 
epoch : 175, time : 0.8398626685142517, train_loss : 212.7549285888672, train_acc(top1) : 42551.0, test_loss : 0.4097148828208447, test_acc(top1) : 85.86000061035156, 
epoch : 176, time : 0.8391688187917073, train_loss : 211.702392578125, train_acc(top1) : 42639.0, test_loss : 0.40897694110870364, test_acc(top1) : 85.97000122070312, 
epoch : 177, time : 0.8328234990437825, train_loss : 210.88525390625, train_acc(top1) : 42613.0, test_loss : 0.40490533322095873, test_acc(top1) : 85.88999938964844, 
epoch : 178, time : 0.8370416959126791, train_loss : 209.47634887695312, train_acc(top1) : 42674.0, test_loss : 0.4090371441841125, test_acc(top1) : 85.93000030517578, 
epoch : 179, time : 0.8285738786061605, train_loss : 210.7284698486328, train_acc(top1) : 42708.0, test_loss : 0.413126103579998, test_acc(top1) : 85.68000030517578, 
epoch : 180, time : 0.833128833770752, train_loss : 211.05235290527344, train_acc(top1) : 42593.0, test_loss : 0.4159569454193115, test_acc(top1) : 85.75, 
epoch : 181, time : 0.8291365583737691, train_loss : 210.6333465576172, train_acc(top1) : 42609.0, test_loss : 0.4114255310595036, test_acc(top1) : 85.79000091552734, 
epoch : 182, time : 0.8306505084037781, train_loss : 210.3592987060547, train_acc(top1) : 42662.0, test_loss : 0.4081763315200806, test_acc(top1) : 85.8499984741211, 
epoch : 183, time : 0.7807097792625427, train_loss : 209.6680908203125, train_acc(top1) : 42676.0, test_loss : 0.41005697011947634, test_acc(top1) : 85.98999786376953, 
epoch : 184, time : 0.7639274040857951, train_loss : 209.43212890625, train_acc(top1) : 42756.0, test_loss : 0.41294214710593224, test_acc(top1) : 85.94000244140625, 
epoch : 185, time : 0.7566202600797017, train_loss : 208.04518127441406, train_acc(top1) : 42721.0, test_loss : 0.42075339078903196, test_acc(top1) : 85.93000030517578, 
epoch : 186, time : 0.7634813626607259, train_loss : 207.13876342773438, train_acc(top1) : 42737.0, test_loss : 0.41057315781712533, test_acc(top1) : 85.91999816894531, 
epoch : 187, time : 0.7568205237388611, train_loss : 211.11126708984375, train_acc(top1) : 42608.0, test_loss : 0.4106944487988949, test_acc(top1) : 85.76000213623047, 
epoch : 188, time : 0.7585302988688151, train_loss : 209.7218780517578, train_acc(top1) : 42683.0, test_loss : 0.41451027125120166, test_acc(top1) : 85.95999908447266, 
epoch : 189, time : 0.7570366938908895, train_loss : 209.5714874267578, train_acc(top1) : 42783.0, test_loss : 0.4140613490343094, test_acc(top1) : 85.91000366210938, 
epoch : 190, time : 0.7600561738014221, train_loss : 209.4881134033203, train_acc(top1) : 42734.0, test_loss : 0.4100705364346504, test_acc(top1) : 85.87999725341797, 
epoch : 191, time : 0.7593590378761291, train_loss : 207.71360778808594, train_acc(top1) : 42723.0, test_loss : 0.41690567970275877, test_acc(top1) : 85.83000183105469, 
epoch : 192, time : 0.7599678874015808, train_loss : 208.80181884765625, train_acc(top1) : 42741.0, test_loss : 0.41325586915016177, test_acc(top1) : 85.79000091552734, 
epoch : 193, time : 0.7580718596776327, train_loss : 207.14059448242188, train_acc(top1) : 42735.0, test_loss : 0.4094120867550373, test_acc(top1) : 85.91000366210938, 
epoch : 194, time : 0.8016253709793091, train_loss : 210.3673858642578, train_acc(top1) : 42665.0, test_loss : 0.41454235509037973, test_acc(top1) : 85.91999816894531, 
epoch : 195, time : 0.8310363968213399, train_loss : 209.1012420654297, train_acc(top1) : 42702.0, test_loss : 0.4086075936257839, test_acc(top1) : 85.95999908447266, 
epoch : 196, time : 0.8345188498497009, train_loss : 209.7102508544922, train_acc(top1) : 42685.0, test_loss : 0.4109795922040939, test_acc(top1) : 85.91999816894531, 
epoch : 197, time : 0.838166371981303, train_loss : 208.32659912109375, train_acc(top1) : 42728.0, test_loss : 0.40835658252239226, test_acc(top1) : 85.93000030517578, 
epoch : 198, time : 0.8023024400075277, train_loss : 208.65536499023438, train_acc(top1) : 42641.0, test_loss : 0.42036989986896517, test_acc(top1) : 85.7300033569336, 
epoch : 199, time : 0.7786130865414937, train_loss : 209.412109375, train_acc(top1) : 42718.0, test_loss : 0.41209855407476426, test_acc(top1) : 85.7699966430664, 
epoch : 200, time : 0.7760035912195842, train_loss : 208.0295867919922, train_acc(top1) : 42696.0, test_loss : 0.4109348191320896, test_acc(top1) : 85.77999877929688, 
