Namespace(activ='tanh', auto_augment=False, batch_size=100, bias=False, checkpoint_freq=0, conv_mode='mb1', cutout=0, dataset=['cifar10'], epochs=200, filters=163, gamma=0.5, history=5, iter=30, learning_rate=0.1, min_lr=0.0001, model='resthrifty', momentum=0.9, n_mini_batch=1, n_params=40000, name='pool0_40K', nesterov=True, optimizer='sgd', out_mode='pool', patience=7, pool=[40], resume=None, seed=996675, test_batch_size=100, topk=None, weight_decay=0.0005)
Parameters : 39636
Filters : 163
*******
Epoch : 1, lr : 0.1, epoch_time : 5.988276298840841, train_loss : 2.219628095626831, train_acc(top1) : 16.945999145507812, test_loss : 2.284942202758789, test_acc(top1) : 16.979999542236328, 
Epoch : 2, lr : 0.1, epoch_time : 6.060506963729859, train_loss : 2.087517261505127, train_acc(top1) : 17.965999603271484, test_loss : 2.14711907043457, test_acc(top1) : 20.59000015258789, 
Epoch : 3, lr : 0.1, epoch_time : 6.030248808860779, train_loss : 2.0412425994873047, train_acc(top1) : 21.118000030517578, test_loss : 2.119235025024414, test_acc(top1) : 19.780000686645508, 
Epoch : 4, lr : 0.1, epoch_time : 6.022318470478058, train_loss : 2.268507719039917, train_acc(top1) : 19.624000549316406, test_loss : 2.2920133178710937, test_acc(top1) : 15.039999961853027, 
Epoch : 5, lr : 0.1, epoch_time : 6.03904801607132, train_loss : 2.123225212097168, train_acc(top1) : 21.832000732421875, test_loss : 2.3065458602905275, test_acc(top1) : 18.610000610351562, 
Epoch : 6, lr : 0.1, epoch_time : 6.055415590604146, train_loss : 2.140467405319214, train_acc(top1) : 22.239999771118164, test_loss : 2.2489891677856444, test_acc(top1) : 18.59000015258789, 
Epoch : 7, lr : 0.1, epoch_time : 6.033956996599833, train_loss : 1.9949077367782593, train_acc(top1) : 24.1299991607666, test_loss : 2.274593653869629, test_acc(top1) : 18.559999465942383, 
Epoch : 8, lr : 0.1, epoch_time : 6.046954484780629, train_loss : 2.085690975189209, train_acc(top1) : 24.163999557495117, test_loss : 2.3979422927856446, test_acc(top1) : 20.030000686645508, 
Epoch : 9, lr : 0.1, epoch_time : 6.057698218027751, train_loss : 2.013524055480957, train_acc(top1) : 26.280000686645508, test_loss : 2.1038051681518555, test_acc(top1) : 20.530000686645508, 
Epoch : 10, lr : 0.1, epoch_time : 6.050923132896424, train_loss : 1.9393631219863892, train_acc(top1) : 26.6560001373291, test_loss : 2.047666259765625, test_acc(top1) : 24.739999771118164, 
Epoch : 11, lr : 0.1, epoch_time : 6.052480447292328, train_loss : 1.9100738763809204, train_acc(top1) : 27.02199935913086, test_loss : 2.0545404541015624, test_acc(top1) : 23.6299991607666, 
Epoch : 12, lr : 0.1, epoch_time : 6.054802187283834, train_loss : 1.920946478843689, train_acc(top1) : 28.031999588012695, test_loss : 2.053369889831543, test_acc(top1) : 22.479999542236328, 
Epoch : 13, lr : 0.1, epoch_time : 6.049157226085663, train_loss : 1.899349331855774, train_acc(top1) : 29.63599967956543, test_loss : 1.9835192092895508, test_acc(top1) : 26.920000076293945, 
Epoch : 14, lr : 0.1, epoch_time : 6.064789299170176, train_loss : 1.8994512557983398, train_acc(top1) : 31.40999984741211, test_loss : 1.9334872634887694, test_acc(top1) : 29.149999618530273, 
Epoch : 15, lr : 0.1, epoch_time : 6.052627718448639, train_loss : 1.7968794107437134, train_acc(top1) : 32.57600021362305, test_loss : 1.7990350936889647, test_acc(top1) : 34.33000183105469, 
Epoch : 16, lr : 0.1, epoch_time : 6.065778954823812, train_loss : 1.6854491233825684, train_acc(top1) : 34.63199996948242, test_loss : 1.903770036315918, test_acc(top1) : 31.469999313354492, 
Epoch : 17, lr : 0.1, epoch_time : 6.045351767539978, train_loss : 1.6535228490829468, train_acc(top1) : 37.012001037597656, test_loss : 1.8436222320556641, test_acc(top1) : 31.93000030517578, 
Epoch : 18, lr : 0.1, epoch_time : 6.060418903827667, train_loss : 1.7330282926559448, train_acc(top1) : 39.220001220703125, test_loss : 1.6030894088745118, test_acc(top1) : 41.02000045776367, 
Epoch : 19, lr : 0.1, epoch_time : 6.076016978422801, train_loss : 1.4992977380752563, train_acc(top1) : 42.374000549316406, test_loss : 1.805321713256836, test_acc(top1) : 35.220001220703125, 
Epoch : 20, lr : 0.1, epoch_time : 6.049487674236298, train_loss : 1.3510507345199585, train_acc(top1) : 44.513999938964844, test_loss : 1.6770210525512694, test_acc(top1) : 38.95000076293945, 
Epoch : 21, lr : 0.1, epoch_time : 6.083960954348246, train_loss : 1.547469973564148, train_acc(top1) : 47.066001892089844, test_loss : 1.5146889785766602, test_acc(top1) : 44.63999938964844, 
Epoch : 22, lr : 0.1, epoch_time : 6.062557498613994, train_loss : 1.4796593189239502, train_acc(top1) : 48.358001708984375, test_loss : 2.0692836608886718, test_acc(top1) : 38.13999938964844, 
Epoch : 23, lr : 0.1, epoch_time : 6.072566815217336, train_loss : 1.2688624858856201, train_acc(top1) : 50.768001556396484, test_loss : 1.4643168968200684, test_acc(top1) : 47.77000045776367, 
Epoch : 24, lr : 0.1, epoch_time : 6.078569940725962, train_loss : 1.2593895196914673, train_acc(top1) : 51.198001861572266, test_loss : 1.353615786743164, test_acc(top1) : 52.7599983215332, 
Epoch : 25, lr : 0.1, epoch_time : 6.06879380941391, train_loss : 1.3735355138778687, train_acc(top1) : 52.928001403808594, test_loss : 1.3520428886413574, test_acc(top1) : 51.59000015258789, 
Epoch : 26, lr : 0.1, epoch_time : 6.049353849887848, train_loss : 1.3011680841445923, train_acc(top1) : 55.742000579833984, test_loss : 1.4017836166381836, test_acc(top1) : 50.0, 
Epoch : 27, lr : 0.1, epoch_time : 6.070390133062999, train_loss : 1.3090579509735107, train_acc(top1) : 57.29600143432617, test_loss : 1.3649997306823731, test_acc(top1) : 51.349998474121094, 
Epoch : 28, lr : 0.1, epoch_time : 6.075486389795939, train_loss : 1.1330543756484985, train_acc(top1) : 59.391998291015625, test_loss : 1.0487442642211915, test_acc(top1) : 62.459999084472656, 
Epoch : 29, lr : 0.1, epoch_time : 6.0606931924819945, train_loss : 1.051020860671997, train_acc(top1) : 61.38800048828125, test_loss : 1.149530242919922, test_acc(top1) : 60.43000030517578, 
Epoch : 30, lr : 0.1, epoch_time : 6.056033889452617, train_loss : 0.9453340172767639, train_acc(top1) : 62.37799835205078, test_loss : 1.3230560234069824, test_acc(top1) : 54.40999984741211, 
Epoch : 31, lr : 0.1, epoch_time : 6.073404677708944, train_loss : 0.9223008155822754, train_acc(top1) : 63.38600158691406, test_loss : 1.221913941192627, test_acc(top1) : 57.150001525878906, 
Epoch : 32, lr : 0.1, epoch_time : 6.077287920316061, train_loss : 0.9355025291442871, train_acc(top1) : 64.16999816894531, test_loss : 1.5991710014343261, test_acc(top1) : 47.650001525878906, 
Epoch : 33, lr : 0.1, epoch_time : 6.063424511750539, train_loss : 1.5008314847946167, train_acc(top1) : 64.83200073242188, test_loss : 1.4912965476989746, test_acc(top1) : 53.02000045776367, 
Epoch : 34, lr : 0.1, epoch_time : 6.068424387772878, train_loss : 0.9557414054870605, train_acc(top1) : 65.43599700927734, test_loss : 1.036429221343994, test_acc(top1) : 62.36000061035156, 
Epoch : 35, lr : 0.1, epoch_time : 6.068726416428884, train_loss : 1.0268558263778687, train_acc(top1) : 65.61000061035156, test_loss : 1.2566352714538573, test_acc(top1) : 56.70000076293945, 
Epoch : 36, lr : 0.1, epoch_time : 6.076566950480143, train_loss : 0.9644589424133301, train_acc(top1) : 66.36000061035156, test_loss : 1.3733030822753907, test_acc(top1) : 54.7400016784668, 
Epoch : 37, lr : 0.1, epoch_time : 6.071687964598338, train_loss : 1.0783052444458008, train_acc(top1) : 66.80999755859375, test_loss : 1.3555096282958985, test_acc(top1) : 53.84000015258789, 
Epoch : 38, lr : 0.1, epoch_time : 6.063413306077321, train_loss : 0.8387450575828552, train_acc(top1) : 66.69000244140625, test_loss : 1.993675798034668, test_acc(top1) : 43.25, 
Epoch : 39, lr : 0.1, epoch_time : 6.007655425866445, train_loss : 0.7306559085845947, train_acc(top1) : 67.3759994506836, test_loss : 1.2652442405700683, test_acc(top1) : 57.810001373291016, 
Epoch : 40, lr : 0.1, epoch_time : 6.015659948190053, train_loss : 1.037651538848877, train_acc(top1) : 67.72799682617188, test_loss : 1.074776318359375, test_acc(top1) : 62.0099983215332, 
Epoch : 41, lr : 0.1, epoch_time : 6.036627018451691, train_loss : 0.9152032732963562, train_acc(top1) : 67.88999938964844, test_loss : 1.2401253044128417, test_acc(top1) : 55.86000061035156, 
Epoch : 42, lr : 0.1, epoch_time : 6.0388513525327046, train_loss : 0.9140798449516296, train_acc(top1) : 67.98200225830078, test_loss : 1.005064102935791, test_acc(top1) : 64.29000091552734, 
Epoch : 43, lr : 0.1, epoch_time : 6.052101405461629, train_loss : 0.7421302795410156, train_acc(top1) : 68.46399688720703, test_loss : 0.9853200271606445, test_acc(top1) : 65.44000244140625, 
Epoch : 44, lr : 0.1, epoch_time : 6.03283660809199, train_loss : 0.8426973819732666, train_acc(top1) : 68.6259994506836, test_loss : 1.0850119834899903, test_acc(top1) : 62.72999954223633, 
Epoch : 45, lr : 0.1, epoch_time : 6.050399283568065, train_loss : 0.7564289569854736, train_acc(top1) : 68.55599975585938, test_loss : 1.5561282554626465, test_acc(top1) : 51.5099983215332, 
Epoch : 46, lr : 0.1, epoch_time : 6.0430012782414755, train_loss : 0.9205461740493774, train_acc(top1) : 68.93399810791016, test_loss : 1.284797499847412, test_acc(top1) : 58.380001068115234, 
Epoch : 47, lr : 0.1, epoch_time : 6.034061789512634, train_loss : 0.665252685546875, train_acc(top1) : 69.08599853515625, test_loss : 0.9270841529846191, test_acc(top1) : 67.2300033569336, 
Epoch : 48, lr : 0.1, epoch_time : 6.039643422762553, train_loss : 0.8600476980209351, train_acc(top1) : 69.22000122070312, test_loss : 0.9639366806030274, test_acc(top1) : 67.12999725341797, 
Epoch : 49, lr : 0.1, epoch_time : 6.0700604796409605, train_loss : 0.9738045334815979, train_acc(top1) : 69.44400024414062, test_loss : 1.0118641876220704, test_acc(top1) : 64.83000183105469, 
Epoch : 50, lr : 0.1, epoch_time : 6.08173291683197, train_loss : 0.7808756828308105, train_acc(top1) : 69.47799682617188, test_loss : 1.3670312141418457, test_acc(top1) : 53.2400016784668, 
Epoch : 51, lr : 0.1, epoch_time : 6.083775035540262, train_loss : 0.831859290599823, train_acc(top1) : 70.01799774169922, test_loss : 1.0127220581054688, test_acc(top1) : 64.38999938964844, 
Epoch : 52, lr : 0.1, epoch_time : 6.06617910861969, train_loss : 0.8158528208732605, train_acc(top1) : 70.4000015258789, test_loss : 1.3452418518066407, test_acc(top1) : 53.79999923706055, 
Epoch : 53, lr : 0.1, epoch_time : 6.07121391693751, train_loss : 1.064426064491272, train_acc(top1) : 70.53600311279297, test_loss : 1.1346596298217773, test_acc(top1) : 60.209999084472656, 
Epoch : 54, lr : 0.1, epoch_time : 6.0544701019922895, train_loss : 0.7452095746994019, train_acc(top1) : 70.4520034790039, test_loss : 1.1548727279663087, test_acc(top1) : 59.97999954223633, 
Epoch : 55, lr : 0.1, epoch_time : 6.068231189250946, train_loss : 0.7808390855789185, train_acc(top1) : 70.89399719238281, test_loss : 1.1967644271850586, test_acc(top1) : 59.959999084472656, 
Epoch : 56, lr : 0.05, epoch_time : 6.071656223138174, train_loss : 0.654257595539093, train_acc(top1) : 77.18000030517578, test_loss : 0.7839788558959961, test_acc(top1) : 73.05999755859375, 
Epoch : 57, lr : 0.05, epoch_time : 6.075809951623281, train_loss : 0.6629137992858887, train_acc(top1) : 77.88400268554688, test_loss : 0.7002155395507812, test_acc(top1) : 75.9000015258789, 
Epoch : 58, lr : 0.05, epoch_time : 6.071791283289591, train_loss : 0.7342931628227234, train_acc(top1) : 78.37200164794922, test_loss : 0.6799379413604736, test_acc(top1) : 75.91000366210938, 
Epoch : 59, lr : 0.05, epoch_time : 6.073442121346791, train_loss : 0.7076423168182373, train_acc(top1) : 78.36399841308594, test_loss : 0.7764279544830323, test_acc(top1) : 72.80999755859375, 
Epoch : 60, lr : 0.05, epoch_time : 6.071824069817861, train_loss : 0.5138974785804749, train_acc(top1) : 78.447998046875, test_loss : 0.7910638145446778, test_acc(top1) : 73.19999694824219, 
Epoch : 61, lr : 0.05, epoch_time : 6.067930285135905, train_loss : 0.6585729718208313, train_acc(top1) : 78.42400360107422, test_loss : 0.7955666156768799, test_acc(top1) : 73.69999694824219, 
Epoch : 62, lr : 0.05, epoch_time : 6.051087478796641, train_loss : 0.5982418656349182, train_acc(top1) : 78.51200103759766, test_loss : 0.8148453048706055, test_acc(top1) : 72.30999755859375, 
Epoch : 63, lr : 0.05, epoch_time : 6.0441583077112835, train_loss : 0.43698909878730774, train_acc(top1) : 78.89600372314453, test_loss : 0.7075378589630127, test_acc(top1) : 75.5, 
Epoch : 64, lr : 0.05, epoch_time : 6.061684962113699, train_loss : 0.8040191531181335, train_acc(top1) : 78.78800201416016, test_loss : 1.31349181060791, test_acc(top1) : 61.709999084472656, 
Epoch : 65, lr : 0.05, epoch_time : 6.061228251457214, train_loss : 0.6019830703735352, train_acc(top1) : 79.0260009765625, test_loss : 1.0405600418090821, test_acc(top1) : 64.4800033569336, 
Epoch : 66, lr : 0.05, epoch_time : 6.020592459042867, train_loss : 0.5932664275169373, train_acc(top1) : 79.18599700927734, test_loss : 0.948466068649292, test_acc(top1) : 67.81999969482422, 
Epoch : 67, lr : 0.025, epoch_time : 6.046071255207062, train_loss : 0.4925944209098816, train_acc(top1) : 83.36000061035156, test_loss : 0.5829001056671143, test_acc(top1) : 80.23999786376953, 
Epoch : 68, lr : 0.025, epoch_time : 6.05420812368393, train_loss : 0.5632227063179016, train_acc(top1) : 83.92400360107422, test_loss : 0.5774285781860351, test_acc(top1) : 80.69999694824219, 
Epoch : 69, lr : 0.025, epoch_time : 6.065885698795318, train_loss : 0.3533705472946167, train_acc(top1) : 83.9219970703125, test_loss : 0.706064712524414, test_acc(top1) : 75.51000213623047, 
Epoch : 70, lr : 0.025, epoch_time : 6.072958640257517, train_loss : 0.4307589828968048, train_acc(top1) : 84.14800262451172, test_loss : 0.5417695835113525, test_acc(top1) : 81.30999755859375, 
Epoch : 71, lr : 0.025, epoch_time : 6.050552686055501, train_loss : 0.44938865303993225, train_acc(top1) : 84.05400085449219, test_loss : 0.5590220628738404, test_acc(top1) : 80.76000213623047, 
Epoch : 72, lr : 0.025, epoch_time : 6.083232943216959, train_loss : 0.596062183380127, train_acc(top1) : 84.19599914550781, test_loss : 0.6943063671112061, test_acc(top1) : 75.69999694824219, 
Epoch : 73, lr : 0.025, epoch_time : 6.055366627375284, train_loss : 0.48186415433883667, train_acc(top1) : 84.48400115966797, test_loss : 0.5421228466033936, test_acc(top1) : 81.0999984741211, 
Epoch : 74, lr : 0.025, epoch_time : 6.072623682022095, train_loss : 0.34934860467910767, train_acc(top1) : 84.19599914550781, test_loss : 0.5738175170898437, test_acc(top1) : 80.20999908447266, 
Epoch : 75, lr : 0.025, epoch_time : 6.07115939060847, train_loss : 0.506863534450531, train_acc(top1) : 84.38999938964844, test_loss : 0.6217636020660401, test_acc(top1) : 78.87999725341797, 
Epoch : 76, lr : 0.025, epoch_time : 6.056107827027639, train_loss : 0.41470885276794434, train_acc(top1) : 84.38800048828125, test_loss : 0.5839466388702392, test_acc(top1) : 79.97000122070312, 
Epoch : 77, lr : 0.025, epoch_time : 6.074867077668508, train_loss : 0.5145456194877625, train_acc(top1) : 84.3740005493164, test_loss : 0.592333931350708, test_acc(top1) : 79.62999725341797, 
Epoch : 78, lr : 0.025, epoch_time : 6.049818058808644, train_loss : 0.6189793348312378, train_acc(top1) : 84.39600372314453, test_loss : 0.6035833618164063, test_acc(top1) : 79.79000091552734, 
Epoch : 79, lr : 0.0125, epoch_time : 6.059253867467245, train_loss : 0.3816699683666229, train_acc(top1) : 87.66600036621094, test_loss : 0.46300128021240233, test_acc(top1) : 84.05999755859375, 
Epoch : 80, lr : 0.0125, epoch_time : 6.0616518497467045, train_loss : 0.3336726129055023, train_acc(top1) : 88.41000366210938, test_loss : 0.47123996391296386, test_acc(top1) : 83.98999786376953, 
Epoch : 81, lr : 0.0125, epoch_time : 6.058615811665853, train_loss : 0.4693153500556946, train_acc(top1) : 88.31600189208984, test_loss : 0.4542961278915405, test_acc(top1) : 84.72000122070312, 
Epoch : 82, lr : 0.0125, epoch_time : 6.090529024600983, train_loss : 0.3134342432022095, train_acc(top1) : 88.18199920654297, test_loss : 0.49671656589508056, test_acc(top1) : 83.2300033569336, 
Epoch : 83, lr : 0.0125, epoch_time : 6.064609177907308, train_loss : 0.3589317202568054, train_acc(top1) : 88.51000213623047, test_loss : 0.428681392288208, test_acc(top1) : 85.54000091552734, 
Epoch : 84, lr : 0.0125, epoch_time : 6.0302205642064415, train_loss : 0.38813477754592896, train_acc(top1) : 88.33999633789062, test_loss : 0.46814846153259276, test_acc(top1) : 84.4800033569336, 
Epoch : 85, lr : 0.0125, epoch_time : 6.0428686261177065, train_loss : 0.2762453854084015, train_acc(top1) : 88.56600189208984, test_loss : 0.4856157793045044, test_acc(top1) : 83.61000061035156, 
Epoch : 86, lr : 0.0125, epoch_time : 6.060671317577362, train_loss : 0.3387136459350586, train_acc(top1) : 88.37200164794922, test_loss : 0.4438987838745117, test_acc(top1) : 85.05999755859375, 
Epoch : 87, lr : 0.0125, epoch_time : 6.029318141937256, train_loss : 0.4415266513824463, train_acc(top1) : 88.46800231933594, test_loss : 0.4873707708358765, test_acc(top1) : 83.9800033569336, 
Epoch : 88, lr : 0.0125, epoch_time : 6.060129714012146, train_loss : 0.3631262481212616, train_acc(top1) : 88.19000244140625, test_loss : 0.4664373062133789, test_acc(top1) : 84.95999908447266, 
Epoch : 89, lr : 0.0125, epoch_time : 6.061849280198415, train_loss : 0.3427186906337738, train_acc(top1) : 88.47200012207031, test_loss : 0.4651478380203247, test_acc(top1) : 84.16000366210938, 
Epoch : 90, lr : 0.0125, epoch_time : 6.078383223215739, train_loss : 0.26566019654273987, train_acc(top1) : 88.75800323486328, test_loss : 0.4967694673538208, test_acc(top1) : 82.94000244140625, 
Epoch : 91, lr : 0.0125, epoch_time : 6.073980458577474, train_loss : 0.3516062796115875, train_acc(top1) : 88.46199798583984, test_loss : 0.4825630277633667, test_acc(top1) : 84.25, 
Epoch : 92, lr : 0.00625, epoch_time : 6.0701754530270895, train_loss : 0.18711553514003754, train_acc(top1) : 91.15399932861328, test_loss : 0.4025424612045288, test_acc(top1) : 86.77999877929688, 
Epoch : 93, lr : 0.00625, epoch_time : 6.024426273504893, train_loss : 0.3405175507068634, train_acc(top1) : 91.76399993896484, test_loss : 0.4092096736907959, test_acc(top1) : 86.66000366210938, 
Epoch : 94, lr : 0.00625, epoch_time : 6.041598331928253, train_loss : 0.2550891637802124, train_acc(top1) : 91.68199920654297, test_loss : 0.44996888217926023, test_acc(top1) : 85.5199966430664, 
Epoch : 95, lr : 0.00625, epoch_time : 6.071780121326446, train_loss : 0.24949631094932556, train_acc(top1) : 91.91200256347656, test_loss : 0.4382893907546997, test_acc(top1) : 85.80999755859375, 
Epoch : 96, lr : 0.00625, epoch_time : 6.060226674874624, train_loss : 0.31957492232322693, train_acc(top1) : 91.88999938964844, test_loss : 0.43698682136535644, test_acc(top1) : 86.22000122070312, 
Epoch : 97, lr : 0.00625, epoch_time : 6.041665136814117, train_loss : 0.3181234300136566, train_acc(top1) : 91.98799896240234, test_loss : 0.4030768579483032, test_acc(top1) : 86.95999908447266, 
Epoch : 98, lr : 0.00625, epoch_time : 6.041064874331156, train_loss : 0.34100455045700073, train_acc(top1) : 92.06999969482422, test_loss : 0.40831519470214844, test_acc(top1) : 86.62000274658203, 
Epoch : 99, lr : 0.00625, epoch_time : 6.056468904018402, train_loss : 0.27413564920425415, train_acc(top1) : 92.05999755859375, test_loss : 0.4418072120666504, test_acc(top1) : 85.86000061035156, 
Epoch : 100, lr : 0.00625, epoch_time : 6.046193317572276, train_loss : 0.3574249744415283, train_acc(top1) : 91.91600036621094, test_loss : 0.43396164531707765, test_acc(top1) : 85.94000244140625, 
Epoch : 101, lr : 0.003125, epoch_time : 6.0611020962397255, train_loss : 0.17177602648735046, train_acc(top1) : 93.76200103759766, test_loss : 0.40182104482650755, test_acc(top1) : 87.26000213623047, 
Epoch : 102, lr : 0.003125, epoch_time : 6.07115029891332, train_loss : 0.07529324293136597, train_acc(top1) : 94.2979965209961, test_loss : 0.40645314750671385, test_acc(top1) : 87.12999725341797, 
Epoch : 103, lr : 0.003125, epoch_time : 6.073206901550293, train_loss : 0.12255791574716568, train_acc(top1) : 94.39600372314453, test_loss : 0.40331111965179445, test_acc(top1) : 87.11000061035156, 
Epoch : 104, lr : 0.003125, epoch_time : 6.033922370274862, train_loss : 0.194141685962677, train_acc(top1) : 94.41400146484375, test_loss : 0.40997363605499265, test_acc(top1) : 87.08000183105469, 
Epoch : 105, lr : 0.003125, epoch_time : 6.035739020506541, train_loss : 0.17354990541934967, train_acc(top1) : 94.5, test_loss : 0.41476379108428957, test_acc(top1) : 87.0999984741211, 
Epoch : 106, lr : 0.003125, epoch_time : 6.066015338897705, train_loss : 0.3076159656047821, train_acc(top1) : 94.66799926757812, test_loss : 0.4330142385482788, test_acc(top1) : 86.69000244140625, 
Epoch : 107, lr : 0.003125, epoch_time : 6.072493159770966, train_loss : 0.14926289021968842, train_acc(top1) : 94.46199798583984, test_loss : 0.41322439727783206, test_acc(top1) : 87.29000091552734, 
Epoch : 108, lr : 0.003125, epoch_time : 6.054657900333405, train_loss : 0.14884717762470245, train_acc(top1) : 94.68000030517578, test_loss : 0.42702772979736325, test_acc(top1) : 86.8499984741211, 
Epoch : 109, lr : 0.003125, epoch_time : 6.0551461180051165, train_loss : 0.20857958495616913, train_acc(top1) : 94.69599914550781, test_loss : 0.43056251564025877, test_acc(top1) : 86.61000061035156, 
Epoch : 110, lr : 0.0015625, epoch_time : 6.04419322013855, train_loss : 0.10323426127433777, train_acc(top1) : 95.91799926757812, test_loss : 0.4210276324272156, test_acc(top1) : 87.23999786376953, 
Epoch : 111, lr : 0.0015625, epoch_time : 6.058499872684479, train_loss : 0.056145504117012024, train_acc(top1) : 96.17400360107422, test_loss : 0.4297475700378418, test_acc(top1) : 87.06999969482422, 
Epoch : 112, lr : 0.0015625, epoch_time : 6.069807891050974, train_loss : 0.07012153416872025, train_acc(top1) : 96.33599853515625, test_loss : 0.4228942251205444, test_acc(top1) : 87.05000305175781, 
Epoch : 113, lr : 0.0015625, epoch_time : 6.0518212676048275, train_loss : 0.1413906067609787, train_acc(top1) : 96.33399963378906, test_loss : 0.4361492227554321, test_acc(top1) : 87.20999908447266, 
Epoch : 114, lr : 0.0015625, epoch_time : 6.055091341336568, train_loss : 0.09024171531200409, train_acc(top1) : 96.3239974975586, test_loss : 0.433686615562439, test_acc(top1) : 87.26000213623047, 
Epoch : 115, lr : 0.0015625, epoch_time : 6.033112049102783, train_loss : 0.20515859127044678, train_acc(top1) : 96.46199798583984, test_loss : 0.4487411785125732, test_acc(top1) : 86.75, 
Epoch : 116, lr : 0.0015625, epoch_time : 6.035243833065033, train_loss : 0.10429763793945312, train_acc(top1) : 96.44999694824219, test_loss : 0.45823500022888186, test_acc(top1) : 86.80000305175781, 
Epoch : 117, lr : 0.0015625, epoch_time : 6.052440555890401, train_loss : 0.13958214223384857, train_acc(top1) : 96.62799835205078, test_loss : 0.43343906593322756, test_acc(top1) : 87.33000183105469, 
Epoch : 118, lr : 0.00078125, epoch_time : 6.036617386341095, train_loss : 0.19557133316993713, train_acc(top1) : 97.19599914550781, test_loss : 0.44450976028442385, test_acc(top1) : 87.47000122070312, 
Epoch : 119, lr : 0.00078125, epoch_time : 6.0651126543680824, train_loss : 0.08644314855337143, train_acc(top1) : 97.30000305175781, test_loss : 0.44298931159973143, test_acc(top1) : 87.44000244140625, 
Epoch : 120, lr : 0.00078125, epoch_time : 6.0692619442939755, train_loss : 0.04646386578679085, train_acc(top1) : 97.40399932861328, test_loss : 0.4513379502296448, test_acc(top1) : 87.22000122070312, 
Epoch : 121, lr : 0.00078125, epoch_time : 6.059186808268229, train_loss : 0.1287015676498413, train_acc(top1) : 97.26399993896484, test_loss : 0.4534011486053467, test_acc(top1) : 87.37999725341797, 
Epoch : 122, lr : 0.00078125, epoch_time : 6.058736113707225, train_loss : 0.05619070678949356, train_acc(top1) : 97.46199798583984, test_loss : 0.4486409675598145, test_acc(top1) : 87.56999969482422, 
Epoch : 123, lr : 0.00078125, epoch_time : 6.05069127480189, train_loss : 0.05989259108901024, train_acc(top1) : 97.46399688720703, test_loss : 0.44945027513504027, test_acc(top1) : 87.5199966430664, 
Epoch : 124, lr : 0.00078125, epoch_time : 6.035419686635335, train_loss : 0.07699479907751083, train_acc(top1) : 97.40599822998047, test_loss : 0.4531302900314331, test_acc(top1) : 87.36000061035156, 
Epoch : 125, lr : 0.00078125, epoch_time : 6.037174801031749, train_loss : 0.06712624430656433, train_acc(top1) : 97.56400299072266, test_loss : 0.45263492794036864, test_acc(top1) : 87.63999938964844, 
Epoch : 126, lr : 0.000390625, epoch_time : 6.042829914887746, train_loss : 0.1396777629852295, train_acc(top1) : 97.84200286865234, test_loss : 0.4578389024734497, test_acc(top1) : 87.4800033569336, 
Epoch : 127, lr : 0.000390625, epoch_time : 6.06339571873347, train_loss : 0.07652737945318222, train_acc(top1) : 97.86199951171875, test_loss : 0.4540524305343628, test_acc(top1) : 87.55999755859375, 
Epoch : 128, lr : 0.000390625, epoch_time : 6.049351930618286, train_loss : 0.02009318768978119, train_acc(top1) : 97.9260025024414, test_loss : 0.4583697370529175, test_acc(top1) : 87.41000366210938, 
Epoch : 129, lr : 0.000390625, epoch_time : 6.038684411843618, train_loss : 0.04904681816697121, train_acc(top1) : 97.97599792480469, test_loss : 0.45499758167266846, test_acc(top1) : 87.62999725341797, 
Epoch : 130, lr : 0.000390625, epoch_time : 6.001495492458344, train_loss : 0.048258792608976364, train_acc(top1) : 97.94200134277344, test_loss : 0.4603900825500488, test_acc(top1) : 87.43000030517578, 
Epoch : 131, lr : 0.000390625, epoch_time : 6.04342858393987, train_loss : 0.04177917540073395, train_acc(top1) : 97.94400024414062, test_loss : 0.4680890125274658, test_acc(top1) : 87.36000061035156, 
Epoch : 132, lr : 0.000390625, epoch_time : 5.987174161275228, train_loss : 0.05719279870390892, train_acc(top1) : 98.11399841308594, test_loss : 0.46299240589141843, test_acc(top1) : 87.51000213623047, 
Epoch : 133, lr : 0.000390625, epoch_time : 6.050753593444824, train_loss : 0.05142216756939888, train_acc(top1) : 98.03199768066406, test_loss : 0.4679606939315796, test_acc(top1) : 87.41999816894531, 
Epoch : 134, lr : 0.0001953125, epoch_time : 6.041255029042562, train_loss : 0.050745315849781036, train_acc(top1) : 98.23799896240234, test_loss : 0.46684965019226077, test_acc(top1) : 87.41000366210938, 
Epoch : 135, lr : 0.0001953125, epoch_time : 6.073527296384175, train_loss : 0.06755493581295013, train_acc(top1) : 98.12999725341797, test_loss : 0.46385856609344484, test_acc(top1) : 87.44000244140625, 
Epoch : 136, lr : 0.0001953125, epoch_time : 6.091065200169881, train_loss : 0.04459786042571068, train_acc(top1) : 98.16999816894531, test_loss : 0.46546616067886354, test_acc(top1) : 87.48999786376953, 
Epoch : 137, lr : 0.0001953125, epoch_time : 6.015505290031433, train_loss : 0.039215706288814545, train_acc(top1) : 98.27799987792969, test_loss : 0.46804207000732423, test_acc(top1) : 87.55999755859375, 
Epoch : 138, lr : 0.0001953125, epoch_time : 6.018496894836426, train_loss : 0.07165368646383286, train_acc(top1) : 98.302001953125, test_loss : 0.4693178466796875, test_acc(top1) : 87.37999725341797, 
Epoch : 139, lr : 0.0001953125, epoch_time : 6.031671686967214, train_loss : 0.01944640651345253, train_acc(top1) : 98.24600219726562, test_loss : 0.4696547117233276, test_acc(top1) : 87.41999816894531, 
Epoch : 140, lr : 0.0001953125, epoch_time : 6.016590468088785, train_loss : 0.07085096836090088, train_acc(top1) : 98.197998046875, test_loss : 0.46642267780303953, test_acc(top1) : 87.62999725341797, 
Epoch : 141, lr : 0.0001953125, epoch_time : 6.071667897701263, train_loss : 0.04278663545846939, train_acc(top1) : 98.3280029296875, test_loss : 0.4711011203765869, test_acc(top1) : 87.43000030517578, 
Epoch : 142, lr : 0.0001, epoch_time : 6.039605613549551, train_loss : 0.07210107892751694, train_acc(top1) : 98.31999969482422, test_loss : 0.473326713180542, test_acc(top1) : 87.58999633789062, 
Epoch : 143, lr : 0.0001, epoch_time : 5.996324535210928, train_loss : 0.06625859439373016, train_acc(top1) : 98.3740005493164, test_loss : 0.4754946159362793, test_acc(top1) : 87.47000122070312, 
Epoch : 144, lr : 0.0001, epoch_time : 6.024617870648702, train_loss : 0.14534461498260498, train_acc(top1) : 98.4000015258789, test_loss : 0.4730707197189331, test_acc(top1) : 87.55000305175781, 
Epoch : 145, lr : 0.0001, epoch_time : 6.0424597779909766, train_loss : 0.07335959374904633, train_acc(top1) : 98.447998046875, test_loss : 0.47248285369873044, test_acc(top1) : 87.48999786376953, 
Epoch : 146, lr : 0.0001, epoch_time : 6.0384718378384905, train_loss : 0.05426178127527237, train_acc(top1) : 98.35600280761719, test_loss : 0.4715731874465942, test_acc(top1) : 87.66999816894531, 
Epoch : 147, lr : 0.0001, epoch_time : 6.034776663780212, train_loss : 0.06235892325639725, train_acc(top1) : 98.40799713134766, test_loss : 0.47451621265411376, test_acc(top1) : 87.5, 
Epoch : 148, lr : 0.0001, epoch_time : 6.045080459117889, train_loss : 0.03837547451257706, train_acc(top1) : 98.33399963378906, test_loss : 0.4744401613235474, test_acc(top1) : 87.48999786376953, 
Epoch : 149, lr : 0.0001, epoch_time : 6.068854288260142, train_loss : 0.053193360567092896, train_acc(top1) : 98.34200286865234, test_loss : 0.4749847222805023, test_acc(top1) : 87.54000091552734, 
Epoch : 150, lr : 0.0001, epoch_time : 6.044765110810598, train_loss : 0.0748913586139679, train_acc(top1) : 98.37999725341797, test_loss : 0.4758594398498535, test_acc(top1) : 87.47000122070312, 
Epoch : 151, lr : 0.0001, epoch_time : 6.048311010996501, train_loss : 0.06162659823894501, train_acc(top1) : 98.48999786376953, test_loss : 0.4785244020462036, test_acc(top1) : 87.37000274658203, 
Epoch : 152, lr : 0.0001, epoch_time : 6.024935750166575, train_loss : 0.07891988009214401, train_acc(top1) : 98.31800079345703, test_loss : 0.47381878547668455, test_acc(top1) : 87.44000244140625, 
Epoch : 153, lr : 0.0001, epoch_time : 6.014003717899323, train_loss : 0.033170029520988464, train_acc(top1) : 98.4000015258789, test_loss : 0.4770182693481445, test_acc(top1) : 87.48999786376953, 
Epoch : 154, lr : 0.0001, epoch_time : 6.040898191928863, train_loss : 0.0580773651599884, train_acc(top1) : 98.38200378417969, test_loss : 0.47975042629241943, test_acc(top1) : 87.38999938964844, 
Epoch : 155, lr : 0.0001, epoch_time : 6.01623774766922, train_loss : 0.032642289996147156, train_acc(top1) : 98.37999725341797, test_loss : 0.4775218803405762, test_acc(top1) : 87.41000366210938, 
Epoch : 156, lr : 0.0001, epoch_time : 6.03439576625824, train_loss : 0.06537771970033646, train_acc(top1) : 98.41600036621094, test_loss : 0.4785055938720703, test_acc(top1) : 87.41000366210938, 
Epoch : 157, lr : 0.0001, epoch_time : 6.036181775728862, train_loss : 0.10737455636262894, train_acc(top1) : 98.41799926757812, test_loss : 0.4758454696655273, test_acc(top1) : 87.47000122070312, 
Epoch : 158, lr : 0.0001, epoch_time : 6.0529144962628685, train_loss : 0.04713480919599533, train_acc(top1) : 98.33799743652344, test_loss : 0.4762846652984619, test_acc(top1) : 87.58000183105469, 
Epoch : 159, lr : 0.0001, epoch_time : 6.06554053624471, train_loss : 0.09417540580034256, train_acc(top1) : 98.21199798583984, test_loss : 0.47697714862823487, test_acc(top1) : 87.51000213623047, 
Epoch : 160, lr : 0.0001, epoch_time : 6.055492055416107, train_loss : 0.04019282013177872, train_acc(top1) : 98.4280014038086, test_loss : 0.48127202816009523, test_acc(top1) : 87.52999877929688, 
Epoch : 161, lr : 0.0001, epoch_time : 6.036477287610372, train_loss : 0.04119982570409775, train_acc(top1) : 98.41200256347656, test_loss : 0.47598960943222046, test_acc(top1) : 87.55000305175781, 
Epoch : 162, lr : 0.0001, epoch_time : 6.0312381426493324, train_loss : 0.08889200538396835, train_acc(top1) : 98.48200225830078, test_loss : 0.47880312519073487, test_acc(top1) : 87.54000091552734, 
Epoch : 163, lr : 0.0001, epoch_time : 6.031553848584493, train_loss : 0.05084509402513504, train_acc(top1) : 98.47200012207031, test_loss : 0.4798310384750366, test_acc(top1) : 87.55000305175781, 
Epoch : 164, lr : 0.0001, epoch_time : 6.049679255485534, train_loss : 0.10279396176338196, train_acc(top1) : 98.34200286865234, test_loss : 0.47977688398361207, test_acc(top1) : 87.58000183105469, 
Epoch : 165, lr : 0.0001, epoch_time : 6.048056300481161, train_loss : 0.04863886907696724, train_acc(top1) : 98.3740005493164, test_loss : 0.4815365463256836, test_acc(top1) : 87.56999969482422, 
Epoch : 166, lr : 0.0001, epoch_time : 6.0206165432929994, train_loss : 0.03725752979516983, train_acc(top1) : 98.42400360107422, test_loss : 0.4818777292251587, test_acc(top1) : 87.5199966430664, 
Epoch : 167, lr : 0.0001, epoch_time : 6.026795812447866, train_loss : 0.03173142299056053, train_acc(top1) : 98.39399719238281, test_loss : 0.48067611083984374, test_acc(top1) : 87.51000213623047, 
Epoch : 168, lr : 0.0001, epoch_time : 6.031706889470418, train_loss : 0.0715077668428421, train_acc(top1) : 98.44999694824219, test_loss : 0.4808634580612183, test_acc(top1) : 87.47000122070312, 
Epoch : 169, lr : 0.0001, epoch_time : 6.054528510570526, train_loss : 0.06086977943778038, train_acc(top1) : 98.5739974975586, test_loss : 0.4835081317901611, test_acc(top1) : 87.48999786376953, 
Epoch : 170, lr : 0.0001, epoch_time : 6.043924033641815, train_loss : 0.04450822249054909, train_acc(top1) : 98.41999816894531, test_loss : 0.48050737590789794, test_acc(top1) : 87.47000122070312, 
Epoch : 171, lr : 0.0001, epoch_time : 6.057672305901845, train_loss : 0.05135885626077652, train_acc(top1) : 98.5199966430664, test_loss : 0.47923691482543945, test_acc(top1) : 87.52999877929688, 
Epoch : 172, lr : 0.0001, epoch_time : 6.066930532455444, train_loss : 0.04761774092912674, train_acc(top1) : 98.36199951171875, test_loss : 0.4841293472290039, test_acc(top1) : 87.44000244140625, 
Epoch : 173, lr : 0.0001, epoch_time : 6.051969794432322, train_loss : 0.05355847254395485, train_acc(top1) : 98.4739990234375, test_loss : 0.4838363737106323, test_acc(top1) : 87.51000213623047, 
Epoch : 174, lr : 0.0001, epoch_time : 6.059791751702627, train_loss : 0.037038471549749374, train_acc(top1) : 98.49400329589844, test_loss : 0.4834559232711792, test_acc(top1) : 87.38999938964844, 
Epoch : 175, lr : 0.0001, epoch_time : 6.0392813920974735, train_loss : 0.07545451074838638, train_acc(top1) : 98.39399719238281, test_loss : 0.48665511894226077, test_acc(top1) : 87.41999816894531, 
Epoch : 176, lr : 0.0001, epoch_time : 6.061355117956797, train_loss : 0.04832381382584572, train_acc(top1) : 98.43399810791016, test_loss : 0.4878131178855896, test_acc(top1) : 87.38999938964844, 
Epoch : 177, lr : 0.0001, epoch_time : 6.073163712024689, train_loss : 0.04726031795144081, train_acc(top1) : 98.50399780273438, test_loss : 0.4865122365951538, test_acc(top1) : 87.33999633789062, 
Epoch : 178, lr : 0.0001, epoch_time : 6.049350909392039, train_loss : 0.09003931283950806, train_acc(top1) : 98.45600128173828, test_loss : 0.4846818021774292, test_acc(top1) : 87.52999877929688, 
Epoch : 179, lr : 0.0001, epoch_time : 6.027086738745371, train_loss : 0.06282664835453033, train_acc(top1) : 98.43599700927734, test_loss : 0.484559478187561, test_acc(top1) : 87.38999938964844, 
Epoch : 180, lr : 0.0001, epoch_time : 6.0646746277809145, train_loss : 0.034155555069446564, train_acc(top1) : 98.44400024414062, test_loss : 0.48583291263580325, test_acc(top1) : 87.30000305175781, 
Epoch : 181, lr : 0.0001, epoch_time : 6.054233304659525, train_loss : 0.027645248919725418, train_acc(top1) : 98.47599792480469, test_loss : 0.4855782873153687, test_acc(top1) : 87.38999938964844, 
Epoch : 182, lr : 0.0001, epoch_time : 6.063420128822327, train_loss : 0.045606084167957306, train_acc(top1) : 98.50199890136719, test_loss : 0.4857201008796692, test_acc(top1) : 87.41999816894531, 
Epoch : 183, lr : 0.0001, epoch_time : 6.0754994511604306, train_loss : 0.06540369242429733, train_acc(top1) : 98.43800354003906, test_loss : 0.48652155933380126, test_acc(top1) : 87.41999816894531, 
Epoch : 184, lr : 0.0001, epoch_time : 6.064389264583587, train_loss : 0.05298708751797676, train_acc(top1) : 98.5780029296875, test_loss : 0.4845977987289429, test_acc(top1) : 87.41000366210938, 
Epoch : 185, lr : 0.0001, epoch_time : 6.011463530858358, train_loss : 0.09422911703586578, train_acc(top1) : 98.48999786376953, test_loss : 0.48730603828430175, test_acc(top1) : 87.27999877929688, 
Epoch : 186, lr : 0.0001, epoch_time : 6.01664023399353, train_loss : 0.04294011741876602, train_acc(top1) : 98.50800323486328, test_loss : 0.4862885976791382, test_acc(top1) : 87.41999816894531, 
Epoch : 187, lr : 0.0001, epoch_time : 6.0307426373163855, train_loss : 0.06808966398239136, train_acc(top1) : 98.4000015258789, test_loss : 0.48850478649139406, test_acc(top1) : 87.43000030517578, 
Epoch : 188, lr : 0.0001, epoch_time : 6.023906679948171, train_loss : 0.055492792278528214, train_acc(top1) : 98.41799926757812, test_loss : 0.4879779616355896, test_acc(top1) : 87.36000061035156, 
Epoch : 189, lr : 0.0001, epoch_time : 6.034656902154286, train_loss : 0.02445315383374691, train_acc(top1) : 98.52400207519531, test_loss : 0.48901791162490843, test_acc(top1) : 87.38999938964844, 
Epoch : 190, lr : 0.0001, epoch_time : 6.01761626402537, train_loss : 0.09665233641862869, train_acc(top1) : 98.5199966430664, test_loss : 0.4894212824344635, test_acc(top1) : 87.26000213623047, 
Epoch : 191, lr : 0.0001, epoch_time : 6.0608955264091495, train_loss : 0.025434374809265137, train_acc(top1) : 98.51399993896484, test_loss : 0.49000721321105956, test_acc(top1) : 87.33999633789062, 
Epoch : 192, lr : 0.0001, epoch_time : 6.050931576887766, train_loss : 0.02048695646226406, train_acc(top1) : 98.54399871826172, test_loss : 0.48866026496887205, test_acc(top1) : 87.3499984741211, 
Epoch : 193, lr : 0.0001, epoch_time : 6.067780804634094, train_loss : 0.11168939620256424, train_acc(top1) : 98.4800033569336, test_loss : 0.4931083673477173, test_acc(top1) : 87.31999969482422, 
Epoch : 194, lr : 0.0001, epoch_time : 6.055603122711181, train_loss : 0.039635371416807175, train_acc(top1) : 98.38999938964844, test_loss : 0.4915830581665039, test_acc(top1) : 87.3499984741211, 
Epoch : 195, lr : 0.0001, epoch_time : 6.042487943172455, train_loss : 0.025052428245544434, train_acc(top1) : 98.49199676513672, test_loss : 0.489691817855835, test_acc(top1) : 87.30999755859375, 
Epoch : 196, lr : 0.0001, epoch_time : 6.075986071427663, train_loss : 0.06275469064712524, train_acc(top1) : 98.56199645996094, test_loss : 0.4914801490783691, test_acc(top1) : 87.25, 
Epoch : 197, lr : 0.0001, epoch_time : 6.059428207079569, train_loss : 0.03567144274711609, train_acc(top1) : 98.53800201416016, test_loss : 0.49238234367370604, test_acc(top1) : 87.30000305175781, 
Epoch : 198, lr : 0.0001, epoch_time : 6.057913402716319, train_loss : 0.018914608284831047, train_acc(top1) : 98.60600280761719, test_loss : 0.4930919858932495, test_acc(top1) : 87.4000015258789, 
Epoch : 199, lr : 0.0001, epoch_time : 6.04296452999115, train_loss : 0.027108024805784225, train_acc(top1) : 98.50599670410156, test_loss : 0.4930970495223999, test_acc(top1) : 87.37000274658203, 
Epoch : 200, lr : 0.0001, epoch_time : 6.038210888703664, train_loss : 0.07941404730081558, train_acc(top1) : 98.44599914550781, test_loss : 0.4913975952148438, test_acc(top1) : 87.25, 
