Namespace(activ='tanh', auto_augment=False, batch_size=100, bias=False, checkpoint_freq=0, conv_mode='mb1', cutout=0, dataset=['cifar10'], epochs=200, filters=208, gamma=0.5, history=5, iter=30, learning_rate=0.1, min_lr=0.0001, model='resthrifty', momentum=0.9, n_mini_batch=1, n_params=60000, name='pool1_60K', nesterov=True, optimizer='sgd', out_mode='pool', patience=7, pool=[15], resume=None, seed=980154, test_batch_size=100, topk=None, weight_decay=0.0005)
Parameters : 59886
Filters : 208
*******
Epoch : 1, lr : 0.1, epoch_time : 4.899923992156983, train_loss : 1.9587085247039795, train_acc(top1) : 20.47599983215332, test_loss : 2.0130449508666994, test_acc(top1) : 23.399999618530273, 
Epoch : 2, lr : 0.1, epoch_time : 4.858421178658803, train_loss : 1.9475891590118408, train_acc(top1) : 26.110000610351562, test_loss : 2.04578210144043, test_acc(top1) : 26.40999984741211, 
Epoch : 3, lr : 0.1, epoch_time : 4.850226187705994, train_loss : 1.8146897554397583, train_acc(top1) : 29.902000427246094, test_loss : 1.8807042922973634, test_acc(top1) : 31.40999984741211, 
Epoch : 4, lr : 0.1, epoch_time : 4.862164457639058, train_loss : 1.6170451641082764, train_acc(top1) : 35.89400100708008, test_loss : 2.133285095214844, test_acc(top1) : 28.059999465942383, 
Epoch : 5, lr : 0.1, epoch_time : 4.855399262905121, train_loss : 1.6800651550292969, train_acc(top1) : 43.97200012207031, test_loss : 1.7478424560546875, test_acc(top1) : 37.77000045776367, 
Epoch : 6, lr : 0.1, epoch_time : 4.857949014504751, train_loss : 1.3582490682601929, train_acc(top1) : 51.150001525878906, test_loss : 1.4799834602355957, test_acc(top1) : 47.47999954223633, 
Epoch : 7, lr : 0.1, epoch_time : 4.859815919399262, train_loss : 1.2325282096862793, train_acc(top1) : 57.619998931884766, test_loss : 1.4177446403503418, test_acc(top1) : 51.04999923706055, 
Epoch : 8, lr : 0.1, epoch_time : 4.84539193312327, train_loss : 0.7954957485198975, train_acc(top1) : 62.35200119018555, test_loss : 1.1090213386535646, test_acc(top1) : 59.959999084472656, 
Epoch : 9, lr : 0.1, epoch_time : 4.859124640623729, train_loss : 1.0308318138122559, train_acc(top1) : 64.7760009765625, test_loss : 1.1633217674255372, test_acc(top1) : 59.529998779296875, 
Epoch : 10, lr : 0.1, epoch_time : 4.837496240933736, train_loss : 0.9651957750320435, train_acc(top1) : 66.30599975585938, test_loss : 1.1596641120910645, test_acc(top1) : 59.709999084472656, 
Epoch : 11, lr : 0.1, epoch_time : 4.848802077770233, train_loss : 0.8522788882255554, train_acc(top1) : 68.88999938964844, test_loss : 1.0229688850402832, test_acc(top1) : 64.01000213623047, 
Epoch : 12, lr : 0.1, epoch_time : 4.848401002089182, train_loss : 0.7517799139022827, train_acc(top1) : 70.76200103759766, test_loss : 1.3874573753356934, test_acc(top1) : 55.349998474121094, 
Epoch : 13, lr : 0.1, epoch_time : 4.851992988586426, train_loss : 0.6338915824890137, train_acc(top1) : 71.81999969482422, test_loss : 0.8647025100708008, test_acc(top1) : 70.75, 
Epoch : 14, lr : 0.1, epoch_time : 4.84446702003479, train_loss : 0.8036182522773743, train_acc(top1) : 72.56600189208984, test_loss : 0.9031570663452149, test_acc(top1) : 69.27999877929688, 
Epoch : 15, lr : 0.1, epoch_time : 4.865667148431142, train_loss : 0.7597315907478333, train_acc(top1) : 73.83200073242188, test_loss : 1.6772707206726074, test_acc(top1) : 52.029998779296875, 
Epoch : 16, lr : 0.1, epoch_time : 4.910127604007721, train_loss : 0.7572634816169739, train_acc(top1) : 74.31999969482422, test_loss : 0.9254772174835205, test_acc(top1) : 69.08999633789062, 
Epoch : 17, lr : 0.1, epoch_time : 4.9178940931955974, train_loss : 0.8953263759613037, train_acc(top1) : 75.05599975585938, test_loss : 0.8026751132965088, test_acc(top1) : 72.79000091552734, 
Epoch : 18, lr : 0.1, epoch_time : 4.903419184684753, train_loss : 0.8440611362457275, train_acc(top1) : 75.2300033569336, test_loss : 0.9848196662902832, test_acc(top1) : 66.47000122070312, 
Epoch : 19, lr : 0.1, epoch_time : 4.936656896273295, train_loss : 0.7826200127601624, train_acc(top1) : 75.43399810791016, test_loss : 1.5115269241333007, test_acc(top1) : 55.70000076293945, 
Epoch : 20, lr : 0.1, epoch_time : 4.9382363080978395, train_loss : 0.6987136602401733, train_acc(top1) : 76.34400177001953, test_loss : 0.7546794513702393, test_acc(top1) : 73.31999969482422, 
Epoch : 21, lr : 0.1, epoch_time : 4.8673100431760155, train_loss : 0.7519557476043701, train_acc(top1) : 76.12799835205078, test_loss : 1.0620942337036132, test_acc(top1) : 65.38999938964844, 
Epoch : 22, lr : 0.1, epoch_time : 4.863336006800334, train_loss : 0.7874894738197327, train_acc(top1) : 76.73200225830078, test_loss : 1.066393409729004, test_acc(top1) : 64.13999938964844, 
Epoch : 23, lr : 0.1, epoch_time : 4.866533374786377, train_loss : 0.6623641848564148, train_acc(top1) : 76.76399993896484, test_loss : 1.2726370849609374, test_acc(top1) : 59.130001068115234, 
Epoch : 24, lr : 0.1, epoch_time : 4.87268842458725, train_loss : 0.6419708132743835, train_acc(top1) : 77.65399932861328, test_loss : 0.7527241474151611, test_acc(top1) : 73.29000091552734, 
Epoch : 25, lr : 0.1, epoch_time : 4.856894322236379, train_loss : 0.6106790900230408, train_acc(top1) : 77.302001953125, test_loss : 0.8187234760284424, test_acc(top1) : 71.88999938964844, 
Epoch : 26, lr : 0.1, epoch_time : 4.873646529515584, train_loss : 0.5529108643531799, train_acc(top1) : 77.81999969482422, test_loss : 0.7899933887481689, test_acc(top1) : 73.76000213623047, 
Epoch : 27, lr : 0.1, epoch_time : 4.844693911075592, train_loss : 0.7655866742134094, train_acc(top1) : 78.30999755859375, test_loss : 1.2418574432373046, test_acc(top1) : 63.5, 
Epoch : 28, lr : 0.1, epoch_time : 4.857072099049886, train_loss : 0.6512348055839539, train_acc(top1) : 77.87200164794922, test_loss : 0.6977943000793457, test_acc(top1) : 76.23999786376953, 
Epoch : 29, lr : 0.1, epoch_time : 4.848126133282979, train_loss : 0.6031525731086731, train_acc(top1) : 78.32599639892578, test_loss : 0.7532632820129395, test_acc(top1) : 73.80000305175781, 
Epoch : 30, lr : 0.1, epoch_time : 4.861784239610036, train_loss : 0.6832979321479797, train_acc(top1) : 78.68399810791016, test_loss : 0.9183497871398926, test_acc(top1) : 69.76000213623047, 
Epoch : 31, lr : 0.1, epoch_time : 4.833224554856618, train_loss : 0.696363091468811, train_acc(top1) : 79.27400207519531, test_loss : 1.074137498474121, test_acc(top1) : 65.25, 
Epoch : 32, lr : 0.1, epoch_time : 4.852040926615397, train_loss : 0.6320123076438904, train_acc(top1) : 79.02200317382812, test_loss : 0.8398748344421386, test_acc(top1) : 71.55000305175781, 
Epoch : 33, lr : 0.1, epoch_time : 4.852619540691376, train_loss : 0.7470398545265198, train_acc(top1) : 79.52200317382812, test_loss : 1.1139098640441893, test_acc(top1) : 59.91999816894531, 
Epoch : 34, lr : 0.1, epoch_time : 4.933205755551656, train_loss : 0.4643501043319702, train_acc(top1) : 79.38400268554688, test_loss : 1.0170540267944337, test_acc(top1) : 69.69999694824219, 
Epoch : 35, lr : 0.1, epoch_time : 4.842699714501699, train_loss : 0.6297421455383301, train_acc(top1) : 80.04199981689453, test_loss : 0.891434362411499, test_acc(top1) : 70.61000061035156, 
Epoch : 36, lr : 0.1, epoch_time : 4.872824021180471, train_loss : 0.5460534691810608, train_acc(top1) : 79.79399871826172, test_loss : 0.9352950042724609, test_acc(top1) : 70.80000305175781, 
Epoch : 37, lr : 0.05, epoch_time : 4.861501200993856, train_loss : 0.4759736657142639, train_acc(top1) : 84.81999969482422, test_loss : 0.5490169988632202, test_acc(top1) : 82.22000122070312, 
Epoch : 38, lr : 0.05, epoch_time : 4.862294979890188, train_loss : 0.37856200337409973, train_acc(top1) : 85.39399719238281, test_loss : 0.6426323078155518, test_acc(top1) : 79.08999633789062, 
Epoch : 39, lr : 0.05, epoch_time : 4.8635790904363, train_loss : 0.4801750183105469, train_acc(top1) : 85.75800323486328, test_loss : 0.5265026695251465, test_acc(top1) : 82.63999938964844, 
Epoch : 40, lr : 0.05, epoch_time : 4.857014735539754, train_loss : 0.4204366207122803, train_acc(top1) : 85.47000122070312, test_loss : 0.7997315628051758, test_acc(top1) : 75.33999633789062, 
Epoch : 41, lr : 0.05, epoch_time : 4.863426979382833, train_loss : 0.500372052192688, train_acc(top1) : 85.72200012207031, test_loss : 0.568027066040039, test_acc(top1) : 80.80000305175781, 
Epoch : 42, lr : 0.05, epoch_time : 4.84310564994812, train_loss : 0.4396400451660156, train_acc(top1) : 85.86399841308594, test_loss : 0.6905903038024902, test_acc(top1) : 76.37999725341797, 
Epoch : 43, lr : 0.05, epoch_time : 4.839916833241781, train_loss : 0.4730798602104187, train_acc(top1) : 85.79399871826172, test_loss : 0.5377092926025391, test_acc(top1) : 81.41999816894531, 
Epoch : 44, lr : 0.05, epoch_time : 4.8496938387552895, train_loss : 0.39259955286979675, train_acc(top1) : 86.01200103759766, test_loss : 0.7277837028503418, test_acc(top1) : 76.8499984741211, 
Epoch : 45, lr : 0.05, epoch_time : 4.850003008047739, train_loss : 0.33613812923431396, train_acc(top1) : 85.68800354003906, test_loss : 0.51822913646698, test_acc(top1) : 83.12000274658203, 
Epoch : 46, lr : 0.05, epoch_time : 4.857531142234802, train_loss : 0.4262540936470032, train_acc(top1) : 85.947998046875, test_loss : 0.6239943216323852, test_acc(top1) : 79.13999938964844, 
Epoch : 47, lr : 0.05, epoch_time : 4.8662025928497314, train_loss : 0.4767138659954071, train_acc(top1) : 86.10199737548828, test_loss : 0.7514570743560791, test_acc(top1) : 75.62999725341797, 
Epoch : 48, lr : 0.05, epoch_time : 4.853646131356557, train_loss : 0.3218151330947876, train_acc(top1) : 85.91200256347656, test_loss : 0.5787147651672363, test_acc(top1) : 80.12999725341797, 
Epoch : 49, lr : 0.05, epoch_time : 4.868651795387268, train_loss : 0.2772568464279175, train_acc(top1) : 86.39800262451172, test_loss : 0.7015075443267822, test_acc(top1) : 79.11000061035156, 
Epoch : 50, lr : 0.05, epoch_time : 4.862120648225148, train_loss : 0.4599364101886749, train_acc(top1) : 86.24600219726562, test_loss : 1.0786244354248047, test_acc(top1) : 69.08999633789062, 
Epoch : 51, lr : 0.05, epoch_time : 4.840292847156524, train_loss : 0.5443624258041382, train_acc(top1) : 86.20800018310547, test_loss : 0.6353291122436523, test_acc(top1) : 79.95999908447266, 
Epoch : 52, lr : 0.05, epoch_time : 4.855383062362671, train_loss : 0.5353659987449646, train_acc(top1) : 86.4020004272461, test_loss : 0.6224343891143799, test_acc(top1) : 78.5, 
Epoch : 53, lr : 0.05, epoch_time : 4.864953327178955, train_loss : 0.2831151485443115, train_acc(top1) : 86.4540023803711, test_loss : 0.5241326076507569, test_acc(top1) : 82.43000030517578, 
Epoch : 54, lr : 0.025, epoch_time : 4.838023201624552, train_loss : 0.28582969307899475, train_acc(top1) : 89.89199829101562, test_loss : 0.3918469575881958, test_acc(top1) : 86.88999938964844, 
Epoch : 55, lr : 0.025, epoch_time : 4.853658056259155, train_loss : 0.29389235377311707, train_acc(top1) : 90.28199768066406, test_loss : 0.37716592102050783, test_acc(top1) : 87.25, 
Epoch : 56, lr : 0.025, epoch_time : 4.871640666325887, train_loss : 0.1906844675540924, train_acc(top1) : 90.31400299072266, test_loss : 0.3873642949104309, test_acc(top1) : 87.30000305175781, 
Epoch : 57, lr : 0.025, epoch_time : 4.861056939760844, train_loss : 0.2829277813434601, train_acc(top1) : 90.19999694824219, test_loss : 0.4589594797134399, test_acc(top1) : 85.58000183105469, 
Epoch : 58, lr : 0.025, epoch_time : 4.86178637345632, train_loss : 0.17683351039886475, train_acc(top1) : 90.23799896240234, test_loss : 0.4149492771148682, test_acc(top1) : 86.0, 
Epoch : 59, lr : 0.025, epoch_time : 4.870708195368449, train_loss : 0.3727653920650482, train_acc(top1) : 90.43800354003906, test_loss : 0.3846943919181824, test_acc(top1) : 87.13999938964844, 
Epoch : 60, lr : 0.025, epoch_time : 4.870591119925181, train_loss : 0.19773919880390167, train_acc(top1) : 90.48799896240234, test_loss : 0.4471176794052124, test_acc(top1) : 85.5, 
Epoch : 61, lr : 0.025, epoch_time : 4.8670188625653585, train_loss : 0.15682220458984375, train_acc(top1) : 90.5479965209961, test_loss : 0.46583931484222413, test_acc(top1) : 85.43000030517578, 
Epoch : 62, lr : 0.025, epoch_time : 4.874727515379588, train_loss : 0.32183578610420227, train_acc(top1) : 90.38400268554688, test_loss : 0.7211604633331299, test_acc(top1) : 78.19999694824219, 
Epoch : 63, lr : 0.025, epoch_time : 4.873074928919475, train_loss : 0.21967262029647827, train_acc(top1) : 90.50399780273438, test_loss : 0.4058917974472046, test_acc(top1) : 86.51000213623047, 
Epoch : 64, lr : 0.0125, epoch_time : 4.869613786538442, train_loss : 0.12834219634532928, train_acc(top1) : 92.79399871826172, test_loss : 0.33952132244110106, test_acc(top1) : 89.16999816894531, 
Epoch : 65, lr : 0.0125, epoch_time : 4.859479407469432, train_loss : 0.227650985121727, train_acc(top1) : 93.33000183105469, test_loss : 0.39478756828308104, test_acc(top1) : 88.41999816894531, 
Epoch : 66, lr : 0.0125, epoch_time : 4.869820121924082, train_loss : 0.28292471170425415, train_acc(top1) : 93.57599639892578, test_loss : 0.34288616800308225, test_acc(top1) : 89.26000213623047, 
Epoch : 67, lr : 0.0125, epoch_time : 4.880409940083822, train_loss : 0.3437443673610687, train_acc(top1) : 93.447998046875, test_loss : 0.36243051166534423, test_acc(top1) : 88.13999938964844, 
Epoch : 68, lr : 0.0125, epoch_time : 4.8588661829630535, train_loss : 0.35765427350997925, train_acc(top1) : 93.74199676513672, test_loss : 0.3716134881019592, test_acc(top1) : 88.44000244140625, 
Epoch : 69, lr : 0.0125, epoch_time : 4.865039054552714, train_loss : 0.24196311831474304, train_acc(top1) : 93.3759994506836, test_loss : 0.4226680383682251, test_acc(top1) : 86.91999816894531, 
Epoch : 70, lr : 0.0125, epoch_time : 4.880600293477376, train_loss : 0.189191535115242, train_acc(top1) : 93.43599700927734, test_loss : 0.34479907388687137, test_acc(top1) : 88.56999969482422, 
Epoch : 71, lr : 0.0125, epoch_time : 4.8743834614753725, train_loss : 0.2438402771949768, train_acc(top1) : 93.44000244140625, test_loss : 0.39994899044036863, test_acc(top1) : 87.23999786376953, 
Epoch : 72, lr : 0.0125, epoch_time : 4.89642771879832, train_loss : 0.17415814101696014, train_acc(top1) : 93.69599914550781, test_loss : 0.3751423709869385, test_acc(top1) : 88.51000213623047, 
Epoch : 73, lr : 0.00625, epoch_time : 4.866653736432394, train_loss : 0.04360778629779816, train_acc(top1) : 95.30799865722656, test_loss : 0.3327036540985107, test_acc(top1) : 89.88999938964844, 
Epoch : 74, lr : 0.00625, epoch_time : 4.884262017409006, train_loss : 0.12539595365524292, train_acc(top1) : 95.5999984741211, test_loss : 0.35439455347061155, test_acc(top1) : 89.61000061035156, 
Epoch : 75, lr : 0.00625, epoch_time : 4.890163624286652, train_loss : 0.17167358100414276, train_acc(top1) : 95.83599853515625, test_loss : 0.3753105325698853, test_acc(top1) : 89.06999969482422, 
Epoch : 76, lr : 0.00625, epoch_time : 4.951319591204325, train_loss : 0.07085808366537094, train_acc(top1) : 95.79399871826172, test_loss : 0.31008381633758547, test_acc(top1) : 90.16000366210938, 
Epoch : 77, lr : 0.00625, epoch_time : 4.966491329669952, train_loss : 0.15734022855758667, train_acc(top1) : 95.8479995727539, test_loss : 0.3445280144691467, test_acc(top1) : 89.83000183105469, 
Epoch : 78, lr : 0.00625, epoch_time : 4.952759528160096, train_loss : 0.1331762671470642, train_acc(top1) : 95.80799865722656, test_loss : 0.363457023525238, test_acc(top1) : 89.16000366210938, 
Epoch : 79, lr : 0.00625, epoch_time : 4.888895591100057, train_loss : 0.1846703588962555, train_acc(top1) : 95.74600219726562, test_loss : 0.34076834468841555, test_acc(top1) : 90.22000122070312, 
Epoch : 80, lr : 0.00625, epoch_time : 4.948250079154969, train_loss : 0.16247335076332092, train_acc(top1) : 95.82599639892578, test_loss : 0.3318284034729004, test_acc(top1) : 89.77999877929688, 
Epoch : 81, lr : 0.00625, epoch_time : 4.955651005109151, train_loss : 0.12947499752044678, train_acc(top1) : 95.8499984741211, test_loss : 0.37131745176315306, test_acc(top1) : 89.5, 
Epoch : 82, lr : 0.00625, epoch_time : 4.966358443101247, train_loss : 0.02734905667603016, train_acc(top1) : 95.95800018310547, test_loss : 0.3682212894439697, test_acc(top1) : 89.75, 
Epoch : 83, lr : 0.00625, epoch_time : 4.972948336601258, train_loss : 0.13655658066272736, train_acc(top1) : 95.84400177001953, test_loss : 0.38689853591918943, test_acc(top1) : 89.36000061035156, 
Epoch : 84, lr : 0.00625, epoch_time : 4.983399558067322, train_loss : 0.15094847977161407, train_acc(top1) : 95.91799926757812, test_loss : 0.36487117471694946, test_acc(top1) : 89.75, 
Epoch : 85, lr : 0.003125, epoch_time : 4.96243599653244, train_loss : 0.038123589009046555, train_acc(top1) : 97.04399871826172, test_loss : 0.34587415866851806, test_acc(top1) : 90.22000122070312, 
Epoch : 86, lr : 0.003125, epoch_time : 4.940942637125651, train_loss : 0.08698126673698425, train_acc(top1) : 97.26399993896484, test_loss : 0.3525042620658875, test_acc(top1) : 90.3499984741211, 
Epoch : 87, lr : 0.003125, epoch_time : 4.956248863538106, train_loss : 0.07004112005233765, train_acc(top1) : 97.39199829101562, test_loss : 0.3600837109565735, test_acc(top1) : 89.93000030517578, 
Epoch : 88, lr : 0.003125, epoch_time : 4.968779444694519, train_loss : 0.07788323611021042, train_acc(top1) : 97.49800109863281, test_loss : 0.360477260017395, test_acc(top1) : 90.37999725341797, 
Epoch : 89, lr : 0.003125, epoch_time : 4.894291031360626, train_loss : 0.05541464313864708, train_acc(top1) : 97.56800079345703, test_loss : 0.3551998259544373, test_acc(top1) : 90.04000091552734, 
Epoch : 90, lr : 0.003125, epoch_time : 4.881099708875021, train_loss : 0.09756194055080414, train_acc(top1) : 97.66400146484375, test_loss : 0.3868703742980957, test_acc(top1) : 90.02999877929688, 
Epoch : 91, lr : 0.003125, epoch_time : 4.87876025835673, train_loss : 0.1110769584774971, train_acc(top1) : 97.56199645996094, test_loss : 0.37700073404312134, test_acc(top1) : 89.70999908447266, 
Epoch : 92, lr : 0.003125, epoch_time : 4.880625136693319, train_loss : 0.08744940161705017, train_acc(top1) : 97.59200286865234, test_loss : 0.3696915197372437, test_acc(top1) : 90.19999694824219, 
Epoch : 93, lr : 0.0015625, epoch_time : 4.8793510278066, train_loss : 0.0451585091650486, train_acc(top1) : 98.16400146484375, test_loss : 0.36609349613189696, test_acc(top1) : 90.45999908447266, 
Epoch : 94, lr : 0.0015625, epoch_time : 4.9482642332712805, train_loss : 0.029497595503926277, train_acc(top1) : 98.30000305175781, test_loss : 0.3694186626434326, test_acc(top1) : 90.31999969482422, 
Epoch : 95, lr : 0.0015625, epoch_time : 4.93592293659846, train_loss : 0.0775490552186966, train_acc(top1) : 98.36799621582031, test_loss : 0.36247955474853516, test_acc(top1) : 90.55000305175781, 
Epoch : 96, lr : 0.0015625, epoch_time : 4.882430672645569, train_loss : 0.06724509596824646, train_acc(top1) : 98.39600372314453, test_loss : 0.38123747854232787, test_acc(top1) : 90.5199966430664, 
Epoch : 97, lr : 0.0015625, epoch_time : 4.866701209545136, train_loss : 0.046690475195646286, train_acc(top1) : 98.40399932861328, test_loss : 0.384152971124649, test_acc(top1) : 90.30000305175781, 
Epoch : 98, lr : 0.0015625, epoch_time : 4.880147278308868, train_loss : 0.053416818380355835, train_acc(top1) : 98.50399780273438, test_loss : 0.3696462511062622, test_acc(top1) : 90.3499984741211, 
Epoch : 99, lr : 0.0015625, epoch_time : 4.869818460941315, train_loss : 0.06760621070861816, train_acc(top1) : 98.52200317382812, test_loss : 0.3865004487991333, test_acc(top1) : 90.37000274658203, 
Epoch : 100, lr : 0.0015625, epoch_time : 4.887366100152334, train_loss : 0.05358729511499405, train_acc(top1) : 98.4540023803711, test_loss : 0.37756351976394653, test_acc(top1) : 90.4800033569336, 
Epoch : 101, lr : 0.00078125, epoch_time : 4.852528814474741, train_loss : 0.024196358397603035, train_acc(top1) : 98.63400268554688, test_loss : 0.3768898921012878, test_acc(top1) : 90.55999755859375, 
Epoch : 102, lr : 0.00078125, epoch_time : 4.873632212479909, train_loss : 0.028136583045125008, train_acc(top1) : 98.73799896240234, test_loss : 0.3791454710960388, test_acc(top1) : 90.56999969482422, 
Epoch : 103, lr : 0.00078125, epoch_time : 4.880338573455811, train_loss : 0.01600196771323681, train_acc(top1) : 98.84400177001953, test_loss : 0.3859220170021057, test_acc(top1) : 90.55999755859375, 
Epoch : 104, lr : 0.00078125, epoch_time : 4.885826603571574, train_loss : 0.0211752038449049, train_acc(top1) : 98.77200317382812, test_loss : 0.3867790885925293, test_acc(top1) : 90.5199966430664, 
Epoch : 105, lr : 0.00078125, epoch_time : 4.87338920434316, train_loss : 0.03322906792163849, train_acc(top1) : 98.71199798583984, test_loss : 0.3860838762283325, test_acc(top1) : 90.62000274658203, 
Epoch : 106, lr : 0.00078125, epoch_time : 4.949308435122172, train_loss : 0.06695599853992462, train_acc(top1) : 98.80999755859375, test_loss : 0.3884405330657959, test_acc(top1) : 90.41000366210938, 
Epoch : 107, lr : 0.00078125, epoch_time : 4.964497927824656, train_loss : 0.019179023802280426, train_acc(top1) : 98.81400299072266, test_loss : 0.3952640624046326, test_acc(top1) : 90.5, 
Epoch : 108, lr : 0.00078125, epoch_time : 4.937933818499247, train_loss : 0.027711309492588043, train_acc(top1) : 98.82599639892578, test_loss : 0.3953217222690582, test_acc(top1) : 90.5199966430664, 
Epoch : 109, lr : 0.000390625, epoch_time : 4.978248556454976, train_loss : 0.02551276609301567, train_acc(top1) : 98.90799713134766, test_loss : 0.3910837097644806, test_acc(top1) : 90.45999908447266, 
Epoch : 110, lr : 0.000390625, epoch_time : 4.909306526184082, train_loss : 0.037850990891456604, train_acc(top1) : 98.9000015258789, test_loss : 0.3946930409431458, test_acc(top1) : 90.5199966430664, 
Epoch : 111, lr : 0.000390625, epoch_time : 4.97298534711202, train_loss : 0.027911042794585228, train_acc(top1) : 98.99400329589844, test_loss : 0.3918797733783722, test_acc(top1) : 90.58000183105469, 
Epoch : 112, lr : 0.000390625, epoch_time : 4.959120810031891, train_loss : 0.015037203207612038, train_acc(top1) : 99.09200286865234, test_loss : 0.40011050205230714, test_acc(top1) : 90.55999755859375, 
Epoch : 113, lr : 0.000390625, epoch_time : 4.962596396605174, train_loss : 0.030044332146644592, train_acc(top1) : 99.01799774169922, test_loss : 0.39704936027526855, test_acc(top1) : 90.54000091552734, 
Epoch : 114, lr : 0.000390625, epoch_time : 4.964095401763916, train_loss : 0.014924225397408009, train_acc(top1) : 98.98999786376953, test_loss : 0.3993393410682678, test_acc(top1) : 90.3499984741211, 
Epoch : 115, lr : 0.000390625, epoch_time : 4.981734963258107, train_loss : 0.023774825036525726, train_acc(top1) : 98.9540023803711, test_loss : 0.39980683903694153, test_acc(top1) : 90.41999816894531, 
Epoch : 116, lr : 0.000390625, epoch_time : 4.986935635407765, train_loss : 0.02706427499651909, train_acc(top1) : 98.99800109863281, test_loss : 0.40303359327316285, test_acc(top1) : 90.41999816894531, 
Epoch : 117, lr : 0.0001953125, epoch_time : 4.985041459401448, train_loss : 0.025716781616210938, train_acc(top1) : 99.08200073242188, test_loss : 0.3979930534362793, test_acc(top1) : 90.47000122070312, 
Epoch : 118, lr : 0.0001953125, epoch_time : 4.978760937849681, train_loss : 0.01832468993961811, train_acc(top1) : 99.06199645996094, test_loss : 0.40008493809700013, test_acc(top1) : 90.43000030517578, 
Epoch : 119, lr : 0.0001953125, epoch_time : 4.9628273526827495, train_loss : 0.03125537931919098, train_acc(top1) : 99.06600189208984, test_loss : 0.40384139566421506, test_acc(top1) : 90.5, 
Epoch : 120, lr : 0.0001953125, epoch_time : 4.89431635538737, train_loss : 0.03242466598749161, train_acc(top1) : 99.10600280761719, test_loss : 0.39974326610565186, test_acc(top1) : 90.37000274658203, 
Epoch : 121, lr : 0.0001953125, epoch_time : 4.8928789893786115, train_loss : 0.03839747607707977, train_acc(top1) : 99.05400085449219, test_loss : 0.40278498697280884, test_acc(top1) : 90.3499984741211, 
Epoch : 122, lr : 0.0001953125, epoch_time : 4.874149096012116, train_loss : 0.016712121665477753, train_acc(top1) : 99.03199768066406, test_loss : 0.39742839603424074, test_acc(top1) : 90.55999755859375, 
Epoch : 123, lr : 0.0001953125, epoch_time : 4.892511840661367, train_loss : 0.012552971951663494, train_acc(top1) : 99.10399627685547, test_loss : 0.39855316247940065, test_acc(top1) : 90.44000244140625, 
Epoch : 124, lr : 0.0001953125, epoch_time : 4.8840111295382185, train_loss : 0.02862647920846939, train_acc(top1) : 99.0979995727539, test_loss : 0.40048110389709474, test_acc(top1) : 90.55000305175781, 
Epoch : 125, lr : 0.0001, epoch_time : 4.874276089668274, train_loss : 0.018100647255778313, train_acc(top1) : 99.0479965209961, test_loss : 0.4010941265106201, test_acc(top1) : 90.4800033569336, 
Epoch : 126, lr : 0.0001, epoch_time : 4.967117210229238, train_loss : 0.03655856475234032, train_acc(top1) : 99.11599731445312, test_loss : 0.4041011392593384, test_acc(top1) : 90.43000030517578, 
Epoch : 127, lr : 0.0001, epoch_time : 4.981991350650787, train_loss : 0.048806022852659225, train_acc(top1) : 99.19400024414062, test_loss : 0.4008554465293884, test_acc(top1) : 90.48999786376953, 
Epoch : 128, lr : 0.0001, epoch_time : 4.996690618991852, train_loss : 0.03473339229822159, train_acc(top1) : 99.15599822998047, test_loss : 0.4037500217437744, test_acc(top1) : 90.52999877929688, 
Epoch : 129, lr : 0.0001, epoch_time : 5.000446840127309, train_loss : 0.009047198109328747, train_acc(top1) : 99.10199737548828, test_loss : 0.4005662715911865, test_acc(top1) : 90.38999938964844, 
Epoch : 130, lr : 0.0001, epoch_time : 4.986710691452027, train_loss : 0.027326317504048347, train_acc(top1) : 99.1520004272461, test_loss : 0.401188463306427, test_acc(top1) : 90.38999938964844, 
Epoch : 131, lr : 0.0001, epoch_time : 4.9906374454498295, train_loss : 0.01972193643450737, train_acc(top1) : 99.15799713134766, test_loss : 0.40223748021125794, test_acc(top1) : 90.38999938964844, 
Epoch : 132, lr : 0.0001, epoch_time : 4.979570889472962, train_loss : 0.019919734448194504, train_acc(top1) : 99.15599822998047, test_loss : 0.402305205821991, test_acc(top1) : 90.44000244140625, 
Epoch : 133, lr : 0.0001, epoch_time : 4.9833531975746155, train_loss : 0.04775140434503555, train_acc(top1) : 99.11599731445312, test_loss : 0.40088909950256346, test_acc(top1) : 90.45999908447266, 
Epoch : 134, lr : 0.0001, epoch_time : 4.993679332733154, train_loss : 0.027731455862522125, train_acc(top1) : 99.13200378417969, test_loss : 0.4016865824699402, test_acc(top1) : 90.47000122070312, 
Epoch : 135, lr : 0.0001, epoch_time : 4.982984439531962, train_loss : 0.0430184081196785, train_acc(top1) : 99.1500015258789, test_loss : 0.4026419887542725, test_acc(top1) : 90.38999938964844, 
Epoch : 136, lr : 0.0001, epoch_time : 4.982301390171051, train_loss : 0.01817212998867035, train_acc(top1) : 99.06800079345703, test_loss : 0.4038982144355774, test_acc(top1) : 90.4000015258789, 
Epoch : 137, lr : 0.0001, epoch_time : 4.959083533287048, train_loss : 0.02539822645485401, train_acc(top1) : 99.10199737548828, test_loss : 0.40099727535247803, test_acc(top1) : 90.31999969482422, 
Epoch : 138, lr : 0.0001, epoch_time : 4.921994638442993, train_loss : 0.0627230852842331, train_acc(top1) : 99.1719970703125, test_loss : 0.40543418278694154, test_acc(top1) : 90.4000015258789, 
Epoch : 139, lr : 0.0001, epoch_time : 4.881160275141398, train_loss : 0.03296521678566933, train_acc(top1) : 99.16200256347656, test_loss : 0.4085686017036438, test_acc(top1) : 90.36000061035156, 
Epoch : 140, lr : 0.0001, epoch_time : 4.875142244497935, train_loss : 0.015784407034516335, train_acc(top1) : 99.11399841308594, test_loss : 0.4039128130912781, test_acc(top1) : 90.4000015258789, 
Epoch : 141, lr : 0.0001, epoch_time : 4.887597227096558, train_loss : 0.04105329141020775, train_acc(top1) : 99.16000366210938, test_loss : 0.4048996735572815, test_acc(top1) : 90.3499984741211, 
Epoch : 142, lr : 0.0001, epoch_time : 4.90455961227417, train_loss : 0.05778823792934418, train_acc(top1) : 99.12200164794922, test_loss : 0.40904418392181396, test_acc(top1) : 90.4800033569336, 
Epoch : 143, lr : 0.0001, epoch_time : 4.918191079298655, train_loss : 0.012831063009798527, train_acc(top1) : 99.15599822998047, test_loss : 0.40592117419242857, test_acc(top1) : 90.41000366210938, 
Epoch : 144, lr : 0.0001, epoch_time : 4.914940555890401, train_loss : 0.008134889416396618, train_acc(top1) : 99.10600280761719, test_loss : 0.40607822380065917, test_acc(top1) : 90.38999938964844, 
Epoch : 145, lr : 0.0001, epoch_time : 4.924391829967499, train_loss : 0.021169818937778473, train_acc(top1) : 99.21399688720703, test_loss : 0.40421279797554016, test_acc(top1) : 90.43000030517578, 
Epoch : 146, lr : 0.0001, epoch_time : 4.906409343083699, train_loss : 0.02853086031973362, train_acc(top1) : 99.12000274658203, test_loss : 0.4041099714279175, test_acc(top1) : 90.37999725341797, 
Epoch : 147, lr : 0.0001, epoch_time : 4.915385111172994, train_loss : 0.015531420707702637, train_acc(top1) : 99.08200073242188, test_loss : 0.40671820125579833, test_acc(top1) : 90.30000305175781, 
Epoch : 148, lr : 0.0001, epoch_time : 4.8946824471155805, train_loss : 0.030059823766350746, train_acc(top1) : 99.13200378417969, test_loss : 0.4037188224315643, test_acc(top1) : 90.43000030517578, 
Epoch : 149, lr : 0.0001, epoch_time : 4.865445482730865, train_loss : 0.03559795394539833, train_acc(top1) : 99.16999816894531, test_loss : 0.40628758192062375, test_acc(top1) : 90.29000091552734, 
Epoch : 150, lr : 0.0001, epoch_time : 4.89449379046758, train_loss : 0.020796513184905052, train_acc(top1) : 99.06999969482422, test_loss : 0.40649555854797365, test_acc(top1) : 90.43000030517578, 
Epoch : 151, lr : 0.0001, epoch_time : 4.881434480349223, train_loss : 0.016126366332173347, train_acc(top1) : 99.14199829101562, test_loss : 0.40850600633621215, test_acc(top1) : 90.37000274658203, 
Epoch : 152, lr : 0.0001, epoch_time : 4.90096154610316, train_loss : 0.014596567489206791, train_acc(top1) : 99.14800262451172, test_loss : 0.40668404207229614, test_acc(top1) : 90.37999725341797, 
Epoch : 153, lr : 0.0001, epoch_time : 4.886598253250122, train_loss : 0.05012326315045357, train_acc(top1) : 99.13400268554688, test_loss : 0.4043981011390686, test_acc(top1) : 90.4800033569336, 
Epoch : 154, lr : 0.0001, epoch_time : 4.878668785095215, train_loss : 0.03911621868610382, train_acc(top1) : 99.1719970703125, test_loss : 0.403762016916275, test_acc(top1) : 90.51000213623047, 
Epoch : 155, lr : 0.0001, epoch_time : 4.943305703004201, train_loss : 0.01668255776166916, train_acc(top1) : 99.13999938964844, test_loss : 0.40818174304962157, test_acc(top1) : 90.41999816894531, 
Epoch : 156, lr : 0.0001, epoch_time : 4.966238605976105, train_loss : 0.03286297619342804, train_acc(top1) : 99.2040023803711, test_loss : 0.4050610944747925, test_acc(top1) : 90.41000366210938, 
Epoch : 157, lr : 0.0001, epoch_time : 4.973157080014547, train_loss : 0.05954652279615402, train_acc(top1) : 99.13600158691406, test_loss : 0.4058972106933594, test_acc(top1) : 90.38999938964844, 
Epoch : 158, lr : 0.0001, epoch_time : 4.90035283168157, train_loss : 0.02482987381517887, train_acc(top1) : 99.25, test_loss : 0.4087022746086121, test_acc(top1) : 90.37999725341797, 
Epoch : 159, lr : 0.0001, epoch_time : 4.88786879380544, train_loss : 0.017090314999222755, train_acc(top1) : 99.15399932861328, test_loss : 0.40790154495239256, test_acc(top1) : 90.33999633789062, 
Epoch : 160, lr : 0.0001, epoch_time : 4.893830704689026, train_loss : 0.01943390443921089, train_acc(top1) : 99.19999694824219, test_loss : 0.4094068798065186, test_acc(top1) : 90.56999969482422, 
Epoch : 161, lr : 0.0001, epoch_time : 4.901355775197347, train_loss : 0.048613861203193665, train_acc(top1) : 99.13999938964844, test_loss : 0.40908942565917966, test_acc(top1) : 90.44000244140625, 
Epoch : 162, lr : 0.0001, epoch_time : 4.884398372968038, train_loss : 0.03648357465863228, train_acc(top1) : 99.16000366210938, test_loss : 0.40792672014236453, test_acc(top1) : 90.44000244140625, 
Epoch : 163, lr : 0.0001, epoch_time : 4.896628332138062, train_loss : 0.01595761813223362, train_acc(top1) : 99.18800354003906, test_loss : 0.40687884159088133, test_acc(top1) : 90.52999877929688, 
Epoch : 164, lr : 0.0001, epoch_time : 4.9170974612236025, train_loss : 0.02241966873407364, train_acc(top1) : 99.18599700927734, test_loss : 0.4100864273071289, test_acc(top1) : 90.37000274658203, 
Epoch : 165, lr : 0.0001, epoch_time : 4.98018737634023, train_loss : 0.025057444348931313, train_acc(top1) : 99.18000030517578, test_loss : 0.41037548704147336, test_acc(top1) : 90.48999786376953, 
Epoch : 166, lr : 0.0001, epoch_time : 4.9659754196802774, train_loss : 0.03896148502826691, train_acc(top1) : 99.23600006103516, test_loss : 0.4107361496925354, test_acc(top1) : 90.48999786376953, 
Epoch : 167, lr : 0.0001, epoch_time : 4.958691771825155, train_loss : 0.029797019436955452, train_acc(top1) : 99.16600036621094, test_loss : 0.40693074979782107, test_acc(top1) : 90.5199966430664, 
Epoch : 168, lr : 0.0001, epoch_time : 4.9696083784103395, train_loss : 0.013926129788160324, train_acc(top1) : 99.19599914550781, test_loss : 0.4071775875091553, test_acc(top1) : 90.51000213623047, 
Epoch : 169, lr : 0.0001, epoch_time : 4.9835334380467735, train_loss : 0.04072806239128113, train_acc(top1) : 99.11799621582031, test_loss : 0.40857088012695314, test_acc(top1) : 90.41000366210938, 
Epoch : 170, lr : 0.0001, epoch_time : 4.992336130142212, train_loss : 0.021192055195569992, train_acc(top1) : 99.16200256347656, test_loss : 0.4132633522033691, test_acc(top1) : 90.5199966430664, 
Epoch : 171, lr : 0.0001, epoch_time : 4.980310034751892, train_loss : 0.04821421951055527, train_acc(top1) : 99.16400146484375, test_loss : 0.4068941753387451, test_acc(top1) : 90.54000091552734, 
Epoch : 172, lr : 0.0001, epoch_time : 4.976335171858469, train_loss : 0.014157447963953018, train_acc(top1) : 99.19999694824219, test_loss : 0.4103973316192627, test_acc(top1) : 90.47000122070312, 
Epoch : 173, lr : 0.0001, epoch_time : 4.9867825667063395, train_loss : 0.016667980700731277, train_acc(top1) : 99.1500015258789, test_loss : 0.40931296939849854, test_acc(top1) : 90.33999633789062, 
Epoch : 174, lr : 0.0001, epoch_time : 4.986804517110189, train_loss : 0.05510188639163971, train_acc(top1) : 99.22200012207031, test_loss : 0.4109610349655151, test_acc(top1) : 90.4800033569336, 
Epoch : 175, lr : 0.0001, epoch_time : 4.96437375942866, train_loss : 0.028637981042265892, train_acc(top1) : 99.20800018310547, test_loss : 0.40895637483596803, test_acc(top1) : 90.44999694824219, 
Epoch : 176, lr : 0.0001, epoch_time : 4.989805547396342, train_loss : 0.022774038836359978, train_acc(top1) : 99.15399932861328, test_loss : 0.4109436366081238, test_acc(top1) : 90.55999755859375, 
Epoch : 177, lr : 0.0001, epoch_time : 4.990482588609059, train_loss : 0.0318261943757534, train_acc(top1) : 99.20600128173828, test_loss : 0.4075369993686676, test_acc(top1) : 90.55999755859375, 
Epoch : 178, lr : 0.0001, epoch_time : 4.989875062306722, train_loss : 0.017565026879310608, train_acc(top1) : 99.2020034790039, test_loss : 0.4082276927947998, test_acc(top1) : 90.45999908447266, 
Epoch : 179, lr : 0.0001, epoch_time : 4.979835800329844, train_loss : 0.03013763017952442, train_acc(top1) : 99.10199737548828, test_loss : 0.40690122032165527, test_acc(top1) : 90.52999877929688, 
Epoch : 180, lr : 0.0001, epoch_time : 4.980053083101908, train_loss : 0.009823990054428577, train_acc(top1) : 99.18399810791016, test_loss : 0.40690674896240236, test_acc(top1) : 90.41000366210938, 
Epoch : 181, lr : 0.0001, epoch_time : 4.975674939155579, train_loss : 0.0058389282785356045, train_acc(top1) : 99.23400115966797, test_loss : 0.41330441255569456, test_acc(top1) : 90.44000244140625, 
Epoch : 182, lr : 0.0001, epoch_time : 4.957606335481008, train_loss : 0.03291965648531914, train_acc(top1) : 99.22000122070312, test_loss : 0.4067141584396362, test_acc(top1) : 90.31999969482422, 
Epoch : 183, lr : 0.0001, epoch_time : 4.97981565395991, train_loss : 0.023593692108988762, train_acc(top1) : 99.29199981689453, test_loss : 0.41173319625854493, test_acc(top1) : 90.44000244140625, 
Epoch : 184, lr : 0.0001, epoch_time : 4.985739763577779, train_loss : 0.02138392999768257, train_acc(top1) : 99.18000030517578, test_loss : 0.4102308298110962, test_acc(top1) : 90.58000183105469, 
Epoch : 185, lr : 0.0001, epoch_time : 4.900042104721069, train_loss : 0.00923160556703806, train_acc(top1) : 99.21600341796875, test_loss : 0.40877672300338747, test_acc(top1) : 90.4800033569336, 
Epoch : 186, lr : 0.0001, epoch_time : 4.888946274916331, train_loss : 0.026017041876912117, train_acc(top1) : 99.15399932861328, test_loss : 0.41084581451416013, test_acc(top1) : 90.51000213623047, 
Epoch : 187, lr : 0.0001, epoch_time : 4.8874265313148495, train_loss : 0.043360766023397446, train_acc(top1) : 99.23200225830078, test_loss : 0.40816059598922727, test_acc(top1) : 90.45999908447266, 
Epoch : 188, lr : 0.0001, epoch_time : 4.873951264222463, train_loss : 0.012960677035152912, train_acc(top1) : 99.22599792480469, test_loss : 0.4103059160232544, test_acc(top1) : 90.45999908447266, 
Epoch : 189, lr : 0.0001, epoch_time : 4.9480403939882915, train_loss : 0.01522077526897192, train_acc(top1) : 99.18199920654297, test_loss : 0.41530860624313354, test_acc(top1) : 90.51000213623047, 
Epoch : 190, lr : 0.0001, epoch_time : 4.979985630512237, train_loss : 0.04704456776380539, train_acc(top1) : 99.19000244140625, test_loss : 0.4136123999595642, test_acc(top1) : 90.44999694824219, 
Epoch : 191, lr : 0.0001, epoch_time : 4.99399231672287, train_loss : 0.03727561980485916, train_acc(top1) : 99.13200378417969, test_loss : 0.4096545658111572, test_acc(top1) : 90.45999908447266, 
Epoch : 192, lr : 0.0001, epoch_time : 4.969174774487813, train_loss : 0.012393031269311905, train_acc(top1) : 99.18000030517578, test_loss : 0.4163984791755676, test_acc(top1) : 90.45999908447266, 
Epoch : 193, lr : 0.0001, epoch_time : 4.973290510972341, train_loss : 0.03127504512667656, train_acc(top1) : 99.26200103759766, test_loss : 0.41211616144180296, test_acc(top1) : 90.4800033569336, 
Epoch : 194, lr : 0.0001, epoch_time : 4.968886133035024, train_loss : 0.04084983840584755, train_acc(top1) : 99.22599792480469, test_loss : 0.4112597634315491, test_acc(top1) : 90.37000274658203, 
Epoch : 195, lr : 0.0001, epoch_time : 4.984917612870534, train_loss : 0.05042918771505356, train_acc(top1) : 99.16799926757812, test_loss : 0.41231939096450804, test_acc(top1) : 90.47000122070312, 
Epoch : 196, lr : 0.0001, epoch_time : 4.963576416174571, train_loss : 0.02305576391518116, train_acc(top1) : 99.30000305175781, test_loss : 0.41277167024612427, test_acc(top1) : 90.44000244140625, 
Epoch : 197, lr : 0.0001, epoch_time : 4.983255048592885, train_loss : 0.009219646453857422, train_acc(top1) : 99.2040023803711, test_loss : 0.4114869526863098, test_acc(top1) : 90.43000030517578, 
Epoch : 198, lr : 0.0001, epoch_time : 4.984974420070648, train_loss : 0.039362773299217224, train_acc(top1) : 99.23999786376953, test_loss : 0.4112645176887512, test_acc(top1) : 90.56999969482422, 
Epoch : 199, lr : 0.0001, epoch_time : 4.9833358009656274, train_loss : 0.03443533554673195, train_acc(top1) : 99.2300033569336, test_loss : 0.4090901741027832, test_acc(top1) : 90.52999877929688, 
Epoch : 200, lr : 0.0001, epoch_time : 4.90831800699234, train_loss : 0.03010743111371994, train_acc(top1) : 99.23600006103516, test_loss : 0.4129599754333496, test_acc(top1) : 90.3499984741211, 
