Namespace(activ='tanh', auto_augment=False, batch_size=100, bias=False, checkpoint_freq=0, conv_mode='mb1', cutout=0, dataset=['cifar10'], epochs=200, filters=208, gamma=0.5, history=5, iter=30, learning_rate=0.1, min_lr=0.0001, model='resthrifty', momentum=0.9, n_mini_batch=1, n_params=60000, name='pool2_60K', nesterov=True, optimizer='sgd', out_mode='pool', patience=7, pool=[10], resume=None, seed=119738, test_batch_size=100, topk=None, weight_decay=0.0005)
Parameters : 59886
Filters : 208
*******
Epoch : 1, lr : 0.1, epoch_time : 3.419555179278056, train_loss : 2.0437703132629395, train_acc(top1) : 18.29800033569336, test_loss : 2.040359394836426, test_acc(top1) : 23.329999923706055, 
Epoch : 2, lr : 0.1, epoch_time : 3.413725169499715, train_loss : 2.0457186698913574, train_acc(top1) : 23.777999877929688, test_loss : 1.9832066802978516, test_acc(top1) : 26.5, 
Epoch : 3, lr : 0.1, epoch_time : 3.4146401047706605, train_loss : 2.0658316612243652, train_acc(top1) : 25.715999603271484, test_loss : 1.9539090377807617, test_acc(top1) : 27.81999969482422, 
Epoch : 4, lr : 0.1, epoch_time : 3.4138312379519147, train_loss : 2.0492072105407715, train_acc(top1) : 25.913999557495117, test_loss : 2.125680418395996, test_acc(top1) : 25.270000457763672, 
Epoch : 5, lr : 0.1, epoch_time : 3.4134877999623616, train_loss : 1.9320979118347168, train_acc(top1) : 28.81800079345703, test_loss : 2.067800897216797, test_acc(top1) : 24.700000762939453, 
Epoch : 6, lr : 0.1, epoch_time : 3.414507516225179, train_loss : 1.8838937282562256, train_acc(top1) : 31.1200008392334, test_loss : 2.0166648223876953, test_acc(top1) : 25.25, 
Epoch : 7, lr : 0.1, epoch_time : 3.4138643304506937, train_loss : 1.8142907619476318, train_acc(top1) : 32.28200149536133, test_loss : 1.9802301986694335, test_acc(top1) : 27.540000915527344, 
Epoch : 8, lr : 0.1, epoch_time : 3.4121263146400453, train_loss : 1.87592351436615, train_acc(top1) : 33.43600082397461, test_loss : 2.206676043701172, test_acc(top1) : 24.75, 
Epoch : 9, lr : 0.1, epoch_time : 3.4126254081726075, train_loss : 1.588039755821228, train_acc(top1) : 35.62200164794922, test_loss : 1.819730809020996, test_acc(top1) : 36.45000076293945, 
Epoch : 10, lr : 0.1, epoch_time : 3.414474380016327, train_loss : 1.8496038913726807, train_acc(top1) : 35.77000045776367, test_loss : 1.774132292175293, test_acc(top1) : 36.209999084472656, 
Epoch : 11, lr : 0.1, epoch_time : 3.414379568894704, train_loss : 1.8312095403671265, train_acc(top1) : 37.63199996948242, test_loss : 1.7210245056152345, test_acc(top1) : 38.459999084472656, 
Epoch : 12, lr : 0.1, epoch_time : 3.4138058344523112, train_loss : 1.589309573173523, train_acc(top1) : 40.395999908447266, test_loss : 1.6666469924926757, test_acc(top1) : 40.47999954223633, 
Epoch : 13, lr : 0.1, epoch_time : 3.411451816558838, train_loss : 1.377266526222229, train_acc(top1) : 42.880001068115234, test_loss : 1.875428367614746, test_acc(top1) : 38.02000045776367, 
Epoch : 14, lr : 0.1, epoch_time : 3.413728415966034, train_loss : 1.4795429706573486, train_acc(top1) : 46.375999450683594, test_loss : 1.5093023933410645, test_acc(top1) : 45.790000915527344, 
Epoch : 15, lr : 0.1, epoch_time : 3.4130841970443724, train_loss : 1.3249752521514893, train_acc(top1) : 49.7760009765625, test_loss : 1.4430185775756836, test_acc(top1) : 48.95000076293945, 
Epoch : 16, lr : 0.1, epoch_time : 3.4132588426272075, train_loss : 1.4448438882827759, train_acc(top1) : 54.80799865722656, test_loss : 1.16819380569458, test_acc(top1) : 58.11000061035156, 
Epoch : 17, lr : 0.1, epoch_time : 3.4151232838630676, train_loss : 1.145073413848877, train_acc(top1) : 58.65800094604492, test_loss : 1.368995110321045, test_acc(top1) : 51.849998474121094, 
Epoch : 18, lr : 0.1, epoch_time : 3.41384334564209, train_loss : 0.9874669909477234, train_acc(top1) : 61.75, test_loss : 1.2652461631774903, test_acc(top1) : 57.66999816894531, 
Epoch : 19, lr : 0.1, epoch_time : 3.413865093390147, train_loss : 0.9152995347976685, train_acc(top1) : 63.801998138427734, test_loss : 1.0856098236083984, test_acc(top1) : 62.27000045776367, 
Epoch : 20, lr : 0.1, epoch_time : 3.414256227016449, train_loss : 0.9825292825698853, train_acc(top1) : 65.3759994506836, test_loss : 1.0623679428100585, test_acc(top1) : 61.5, 
Epoch : 21, lr : 0.1, epoch_time : 3.411664430300395, train_loss : 0.6489366888999939, train_acc(top1) : 66.22000122070312, test_loss : 1.154472550201416, test_acc(top1) : 60.27000045776367, 
Epoch : 22, lr : 0.1, epoch_time : 3.411366041501363, train_loss : 0.8488463759422302, train_acc(top1) : 67.26000213623047, test_loss : 1.0951526947021484, test_acc(top1) : 62.7599983215332, 
Epoch : 23, lr : 0.1, epoch_time : 3.41405105193456, train_loss : 1.0818766355514526, train_acc(top1) : 67.71399688720703, test_loss : 0.9049856941223144, test_acc(top1) : 68.16999816894531, 
Epoch : 24, lr : 0.1, epoch_time : 3.4128052671750386, train_loss : 0.9259607195854187, train_acc(top1) : 68.48400115966797, test_loss : 0.9886907943725586, test_acc(top1) : 64.94999694824219, 
Epoch : 25, lr : 0.1, epoch_time : 3.415157965819041, train_loss : 0.8829132914543152, train_acc(top1) : 69.24800109863281, test_loss : 1.2747438217163085, test_acc(top1) : 58.08000183105469, 
Epoch : 26, lr : 0.1, epoch_time : 3.414770805835724, train_loss : 1.2048348188400269, train_acc(top1) : 69.74600219726562, test_loss : 1.043636400604248, test_acc(top1) : 64.0199966430664, 
Epoch : 27, lr : 0.1, epoch_time : 3.4130796949068705, train_loss : 0.857656717300415, train_acc(top1) : 70.64600372314453, test_loss : 0.8834647789001465, test_acc(top1) : 69.66000366210938, 
Epoch : 28, lr : 0.1, epoch_time : 3.4147631247838337, train_loss : 0.8090288043022156, train_acc(top1) : 70.7040023803711, test_loss : 0.841268989944458, test_acc(top1) : 69.91000366210938, 
Epoch : 29, lr : 0.1, epoch_time : 3.4141817410786945, train_loss : 0.8868777751922607, train_acc(top1) : 71.41799926757812, test_loss : 0.931760765838623, test_acc(top1) : 68.0199966430664, 
Epoch : 30, lr : 0.1, epoch_time : 3.4130908727645872, train_loss : 0.6302376985549927, train_acc(top1) : 71.60600280761719, test_loss : 0.8377155113220215, test_acc(top1) : 70.58000183105469, 
Epoch : 31, lr : 0.1, epoch_time : 3.413426478703817, train_loss : 0.6993606090545654, train_acc(top1) : 71.88999938964844, test_loss : 0.8210979496002198, test_acc(top1) : 70.37999725341797, 
Epoch : 32, lr : 0.1, epoch_time : 3.412035961945852, train_loss : 0.9101820588111877, train_acc(top1) : 72.12200164794922, test_loss : 1.162010897064209, test_acc(top1) : 62.63999938964844, 
Epoch : 33, lr : 0.1, epoch_time : 3.4124809583028157, train_loss : 0.5715733170509338, train_acc(top1) : 72.55599975585938, test_loss : 0.8744661445617676, test_acc(top1) : 69.62000274658203, 
Epoch : 34, lr : 0.1, epoch_time : 3.412896227836609, train_loss : 0.6437711119651794, train_acc(top1) : 72.7959976196289, test_loss : 0.8090348358154297, test_acc(top1) : 71.61000061035156, 
Epoch : 35, lr : 0.1, epoch_time : 3.4123135844866437, train_loss : 1.0929466485977173, train_acc(top1) : 72.88600158691406, test_loss : 0.8119245601654053, test_acc(top1) : 72.0199966430664, 
Epoch : 36, lr : 0.1, epoch_time : 3.4127973397572835, train_loss : 0.8429298400878906, train_acc(top1) : 73.30999755859375, test_loss : 0.9051105979919434, test_acc(top1) : 68.58000183105469, 
Epoch : 37, lr : 0.1, epoch_time : 3.4146062692006427, train_loss : 0.7967888116836548, train_acc(top1) : 72.9219970703125, test_loss : 1.5969162010192872, test_acc(top1) : 51.20000076293945, 
Epoch : 38, lr : 0.1, epoch_time : 3.4115791161855062, train_loss : 0.6433873176574707, train_acc(top1) : 73.1500015258789, test_loss : 0.8079433624267578, test_acc(top1) : 71.05999755859375, 
Epoch : 39, lr : 0.1, epoch_time : 3.4119221766789756, train_loss : 0.7394000887870789, train_acc(top1) : 74.0780029296875, test_loss : 0.8734426815032958, test_acc(top1) : 69.73999786376953, 
Epoch : 40, lr : 0.1, epoch_time : 3.4147193392117816, train_loss : 0.8872013092041016, train_acc(top1) : 73.4540023803711, test_loss : 1.0298802284240722, test_acc(top1) : 63.09000015258789, 
Epoch : 41, lr : 0.1, epoch_time : 3.414728792508443, train_loss : 0.7270881533622742, train_acc(top1) : 73.53399658203125, test_loss : 0.7825653751373292, test_acc(top1) : 72.61000061035156, 
Epoch : 42, lr : 0.1, epoch_time : 3.4137843092282614, train_loss : 0.6069790720939636, train_acc(top1) : 73.99600219726562, test_loss : 0.8680722881317139, test_acc(top1) : 70.2300033569336, 
Epoch : 43, lr : 0.1, epoch_time : 3.413281031449636, train_loss : 0.8615405559539795, train_acc(top1) : 74.26799774169922, test_loss : 0.9143127590179443, test_acc(top1) : 69.38999938964844, 
Epoch : 44, lr : 0.1, epoch_time : 3.411768130461375, train_loss : 0.7334446907043457, train_acc(top1) : 74.44599914550781, test_loss : 0.9035644878387451, test_acc(top1) : 68.16999816894531, 
Epoch : 45, lr : 0.1, epoch_time : 3.4115440209706622, train_loss : 0.7185036540031433, train_acc(top1) : 73.98400115966797, test_loss : 0.7961924175262451, test_acc(top1) : 72.05000305175781, 
Epoch : 46, lr : 0.1, epoch_time : 3.4123278816541034, train_loss : 0.7220990657806396, train_acc(top1) : 74.72599792480469, test_loss : 0.8780494506835937, test_acc(top1) : 68.51000213623047, 
Epoch : 47, lr : 0.1, epoch_time : 3.4142423431078592, train_loss : 0.6217081546783447, train_acc(top1) : 74.91200256347656, test_loss : 0.7619642093658447, test_acc(top1) : 73.41999816894531, 
Epoch : 48, lr : 0.1, epoch_time : 3.4141550779342653, train_loss : 0.7069069743156433, train_acc(top1) : 75.4260025024414, test_loss : 0.7535274070739746, test_acc(top1) : 73.76000213623047, 
Epoch : 49, lr : 0.1, epoch_time : 3.412978990872701, train_loss : 0.7689563632011414, train_acc(top1) : 75.77799987792969, test_loss : 0.8755851383209229, test_acc(top1) : 70.18000030517578, 
Epoch : 50, lr : 0.1, epoch_time : 3.4123230377833047, train_loss : 0.82172030210495, train_acc(top1) : 76.05999755859375, test_loss : 0.8662856323242187, test_acc(top1) : 70.45999908447266, 
Epoch : 51, lr : 0.1, epoch_time : 3.41165235042572, train_loss : 0.6929642558097839, train_acc(top1) : 76.35600280761719, test_loss : 0.8851259346008301, test_acc(top1) : 70.12999725341797, 
Epoch : 52, lr : 0.1, epoch_time : 3.4123728394508364, train_loss : 0.6794678568840027, train_acc(top1) : 76.43000030517578, test_loss : 0.7883755996704102, test_acc(top1) : 72.73999786376953, 
Epoch : 53, lr : 0.1, epoch_time : 3.4132951855659486, train_loss : 0.8282404541969299, train_acc(top1) : 76.7239990234375, test_loss : 0.8302150302886963, test_acc(top1) : 72.18000030517578, 
Epoch : 54, lr : 0.1, epoch_time : 3.4118648409843444, train_loss : 0.6386010050773621, train_acc(top1) : 76.63600158691406, test_loss : 0.8059354766845703, test_acc(top1) : 71.45999908447266, 
Epoch : 55, lr : 0.1, epoch_time : 3.413853410879771, train_loss : 0.7445437908172607, train_acc(top1) : 76.697998046875, test_loss : 0.7456276092529297, test_acc(top1) : 74.5999984741211, 
Epoch : 56, lr : 0.1, epoch_time : 3.414859608809153, train_loss : 0.6004495620727539, train_acc(top1) : 76.83399963378906, test_loss : 0.7029291439056397, test_acc(top1) : 75.63999938964844, 
Epoch : 57, lr : 0.1, epoch_time : 3.42149787346522, train_loss : 0.6850956678390503, train_acc(top1) : 77.54399871826172, test_loss : 0.6895670665740967, test_acc(top1) : 76.5999984741211, 
Epoch : 58, lr : 0.1, epoch_time : 3.414770412445068, train_loss : 0.9902449250221252, train_acc(top1) : 77.16999816894531, test_loss : 0.7942403327941895, test_acc(top1) : 72.91999816894531, 
Epoch : 59, lr : 0.1, epoch_time : 3.412099536259969, train_loss : 0.8172590732574463, train_acc(top1) : 77.42400360107422, test_loss : 1.0960201431274414, test_acc(top1) : 64.66999816894531, 
Epoch : 60, lr : 0.1, epoch_time : 3.414860232671102, train_loss : 0.9108597636222839, train_acc(top1) : 76.99199676513672, test_loss : 0.6798991485595703, test_acc(top1) : 76.31999969482422, 
Epoch : 61, lr : 0.1, epoch_time : 3.412043050924937, train_loss : 0.642076849937439, train_acc(top1) : 78.02999877929688, test_loss : 1.0920393516540527, test_acc(top1) : 65.47000122070312, 
Epoch : 62, lr : 0.1, epoch_time : 3.4126057585080463, train_loss : 0.4988497495651245, train_acc(top1) : 77.86799621582031, test_loss : 0.769272981262207, test_acc(top1) : 73.94000244140625, 
Epoch : 63, lr : 0.1, epoch_time : 3.4137967665990194, train_loss : 0.7853870391845703, train_acc(top1) : 77.90599822998047, test_loss : 1.2657013427734376, test_acc(top1) : 57.93000030517578, 
Epoch : 64, lr : 0.1, epoch_time : 3.4147135615348816, train_loss : 0.7198407649993896, train_acc(top1) : 78.10399627685547, test_loss : 0.7049829021453857, test_acc(top1) : 75.19000244140625, 
Epoch : 65, lr : 0.1, epoch_time : 3.413657553990682, train_loss : 0.7037914395332336, train_acc(top1) : 77.8239974975586, test_loss : 0.7844380016326904, test_acc(top1) : 73.58000183105469, 
Epoch : 66, lr : 0.1, epoch_time : 3.4136700948079426, train_loss : 0.6234297156333923, train_acc(top1) : 78.35800170898438, test_loss : 0.7167988395690919, test_acc(top1) : 74.80999755859375, 
Epoch : 67, lr : 0.1, epoch_time : 3.4116392572720846, train_loss : 0.6012853980064392, train_acc(top1) : 78.02200317382812, test_loss : 0.8381095211029053, test_acc(top1) : 71.86000061035156, 
Epoch : 68, lr : 0.1, epoch_time : 3.4117367267608643, train_loss : 0.5207088589668274, train_acc(top1) : 78.302001953125, test_loss : 0.7473850234985352, test_acc(top1) : 73.47000122070312, 
Epoch : 69, lr : 0.05, epoch_time : 3.413667118549347, train_loss : 0.25554603338241577, train_acc(top1) : 83.60600280761719, test_loss : 0.501245927619934, test_acc(top1) : 82.94999694824219, 
Epoch : 70, lr : 0.05, epoch_time : 3.412746187051137, train_loss : 0.6346665620803833, train_acc(top1) : 84.25399780273438, test_loss : 0.5553499221801758, test_acc(top1) : 81.25, 
Epoch : 71, lr : 0.05, epoch_time : 3.4139946897824607, train_loss : 0.3138442933559418, train_acc(top1) : 84.41799926757812, test_loss : 0.5527674015045166, test_acc(top1) : 81.05000305175781, 
Epoch : 72, lr : 0.05, epoch_time : 3.4138026038805642, train_loss : 0.5167161822319031, train_acc(top1) : 84.3499984741211, test_loss : 0.6448928386688232, test_acc(top1) : 77.95999908447266, 
Epoch : 73, lr : 0.05, epoch_time : 3.4128485282262164, train_loss : 0.3347865343093872, train_acc(top1) : 84.54000091552734, test_loss : 0.5293470132827759, test_acc(top1) : 81.83000183105469, 
Epoch : 74, lr : 0.05, epoch_time : 3.4135152220726015, train_loss : 0.44537681341171265, train_acc(top1) : 84.37999725341797, test_loss : 0.4997456443786621, test_acc(top1) : 83.18000030517578, 
Epoch : 75, lr : 0.05, epoch_time : 3.41106938123703, train_loss : 0.6066441535949707, train_acc(top1) : 84.44999694824219, test_loss : 0.4893936811447144, test_acc(top1) : 83.69000244140625, 
Epoch : 76, lr : 0.05, epoch_time : 3.4129723151524862, train_loss : 0.42106887698173523, train_acc(top1) : 84.75199890136719, test_loss : 0.498125061416626, test_acc(top1) : 83.0999984741211, 
Epoch : 77, lr : 0.05, epoch_time : 3.412117036183675, train_loss : 0.7083101868629456, train_acc(top1) : 84.74800109863281, test_loss : 0.5518604845046997, test_acc(top1) : 81.38999938964844, 
Epoch : 78, lr : 0.05, epoch_time : 3.415596822897593, train_loss : 0.5570037364959717, train_acc(top1) : 84.58999633789062, test_loss : 0.49008408489227295, test_acc(top1) : 82.83000183105469, 
Epoch : 79, lr : 0.05, epoch_time : 3.414793539047241, train_loss : 0.36299264430999756, train_acc(top1) : 84.8280029296875, test_loss : 0.47255393180847166, test_acc(top1) : 83.47000122070312, 
Epoch : 80, lr : 0.05, epoch_time : 3.41229069630305, train_loss : 0.4443051815032959, train_acc(top1) : 84.6259994506836, test_loss : 0.5872052963256836, test_acc(top1) : 80.44000244140625, 
Epoch : 81, lr : 0.05, epoch_time : 3.4132840474446615, train_loss : 0.4526973366737366, train_acc(top1) : 84.59200286865234, test_loss : 0.4778423086166382, test_acc(top1) : 83.5, 
Epoch : 82, lr : 0.05, epoch_time : 3.4140638947486877, train_loss : 0.4147391617298126, train_acc(top1) : 84.79199981689453, test_loss : 0.5385944793701172, test_acc(top1) : 81.86000061035156, 
Epoch : 83, lr : 0.05, epoch_time : 3.4116084535916644, train_loss : 0.4900696277618408, train_acc(top1) : 85.0260009765625, test_loss : 0.5146791625976562, test_acc(top1) : 82.04000091552734, 
Epoch : 84, lr : 0.05, epoch_time : 3.4126222133636475, train_loss : 0.529888391494751, train_acc(top1) : 84.8219985961914, test_loss : 0.5058157821655274, test_acc(top1) : 82.55999755859375, 
Epoch : 85, lr : 0.05, epoch_time : 3.412811879316966, train_loss : 0.43463996052742004, train_acc(top1) : 85.02200317382812, test_loss : 0.5253434982299805, test_acc(top1) : 81.76000213623047, 
Epoch : 86, lr : 0.05, epoch_time : 3.4140877882639566, train_loss : 0.5222663283348083, train_acc(top1) : 84.96800231933594, test_loss : 0.5009852025985718, test_acc(top1) : 82.68000030517578, 
Epoch : 87, lr : 0.05, epoch_time : 3.4147473017374677, train_loss : 0.4178464114665985, train_acc(top1) : 85.05999755859375, test_loss : 0.647973821258545, test_acc(top1) : 79.0999984741211, 
Epoch : 88, lr : 0.025, epoch_time : 3.414267094930013, train_loss : 0.27620160579681396, train_acc(top1) : 88.56800079345703, test_loss : 0.38851127529144286, test_acc(top1) : 86.37000274658203, 
Epoch : 89, lr : 0.025, epoch_time : 3.4130916357040406, train_loss : 0.26386842131614685, train_acc(top1) : 88.96600341796875, test_loss : 0.38660557880401614, test_acc(top1) : 86.93000030517578, 
Epoch : 90, lr : 0.025, epoch_time : 3.413911839326223, train_loss : 0.31217458844184875, train_acc(top1) : 89.08399963378906, test_loss : 0.38525939502716067, test_acc(top1) : 87.27999877929688, 
Epoch : 91, lr : 0.025, epoch_time : 3.4112213611602784, train_loss : 0.33271634578704834, train_acc(top1) : 89.12999725341797, test_loss : 0.3808414175033569, test_acc(top1) : 87.0999984741211, 
Epoch : 92, lr : 0.025, epoch_time : 3.41371439297994, train_loss : 0.3534228503704071, train_acc(top1) : 89.1780014038086, test_loss : 0.37824845237731936, test_acc(top1) : 87.16000366210938, 
Epoch : 93, lr : 0.025, epoch_time : 3.412772464752197, train_loss : 0.3997766077518463, train_acc(top1) : 89.24400329589844, test_loss : 0.5155474822998047, test_acc(top1) : 83.3499984741211, 
Epoch : 94, lr : 0.025, epoch_time : 3.4133866389592487, train_loss : 0.3359079360961914, train_acc(top1) : 89.09200286865234, test_loss : 0.4121646924972534, test_acc(top1) : 86.44999694824219, 
Epoch : 95, lr : 0.025, epoch_time : 3.4122586210568744, train_loss : 0.42687588930130005, train_acc(top1) : 89.18399810791016, test_loss : 0.40752787895202636, test_acc(top1) : 86.23999786376953, 
Epoch : 96, lr : 0.025, epoch_time : 3.4141961971918744, train_loss : 0.24975033104419708, train_acc(top1) : 88.91799926757812, test_loss : 0.3792310157775879, test_acc(top1) : 87.08999633789062, 
Epoch : 97, lr : 0.025, epoch_time : 3.4130271037419635, train_loss : 0.33351948857307434, train_acc(top1) : 89.10199737548828, test_loss : 0.4316628768920898, test_acc(top1) : 85.4800033569336, 
Epoch : 98, lr : 0.025, epoch_time : 3.415450104077657, train_loss : 0.34437134861946106, train_acc(top1) : 89.00599670410156, test_loss : 0.394938360786438, test_acc(top1) : 86.51000213623047, 
Epoch : 99, lr : 0.025, epoch_time : 3.4121135671933494, train_loss : 0.365116685628891, train_acc(top1) : 89.29399871826172, test_loss : 0.4253669422149658, test_acc(top1) : 85.54000091552734, 
Epoch : 100, lr : 0.025, epoch_time : 3.4125499606132506, train_loss : 0.34323185682296753, train_acc(top1) : 89.25399780273438, test_loss : 0.4371107797622681, test_acc(top1) : 85.41999816894531, 
Epoch : 101, lr : 0.0125, epoch_time : 3.412264410654704, train_loss : 0.2198881208896637, train_acc(top1) : 91.62999725341797, test_loss : 0.31751385164260865, test_acc(top1) : 89.23999786376953, 
Epoch : 102, lr : 0.0125, epoch_time : 3.4123199741045633, train_loss : 0.2485649734735489, train_acc(top1) : 91.99800109863281, test_loss : 0.32883767309188844, test_acc(top1) : 89.2300033569336, 
Epoch : 103, lr : 0.0125, epoch_time : 3.4135957320531207, train_loss : 0.2526090145111084, train_acc(top1) : 92.24199676513672, test_loss : 0.32687076358795164, test_acc(top1) : 88.72000122070312, 
Epoch : 104, lr : 0.0125, epoch_time : 3.4121007998784383, train_loss : 0.1826634258031845, train_acc(top1) : 92.11799621582031, test_loss : 0.32331462669372557, test_acc(top1) : 89.12999725341797, 
Epoch : 105, lr : 0.0125, epoch_time : 3.412944813569387, train_loss : 0.3529786765575409, train_acc(top1) : 92.4260025024414, test_loss : 0.3895006845474243, test_acc(top1) : 87.41999816894531, 
Epoch : 106, lr : 0.0125, epoch_time : 3.414617403348287, train_loss : 0.2532108426094055, train_acc(top1) : 92.25199890136719, test_loss : 0.34954866552352903, test_acc(top1) : 88.27999877929688, 
Epoch : 107, lr : 0.0125, epoch_time : 3.412824221452077, train_loss : 0.29543429613113403, train_acc(top1) : 92.2040023803711, test_loss : 0.3248804925918579, test_acc(top1) : 89.2300033569336, 
Epoch : 108, lr : 0.0125, epoch_time : 3.412658226490021, train_loss : 0.15743333101272583, train_acc(top1) : 92.37000274658203, test_loss : 0.3492412023544312, test_acc(top1) : 88.43000030517578, 
Epoch : 109, lr : 0.0125, epoch_time : 3.4142587582270303, train_loss : 0.23116695880889893, train_acc(top1) : 92.302001953125, test_loss : 0.3471623687744141, test_acc(top1) : 88.11000061035156, 
Epoch : 110, lr : 0.00625, epoch_time : 3.412959361076355, train_loss : 0.23173938691616058, train_acc(top1) : 94.03199768066406, test_loss : 0.29639843349456785, test_acc(top1) : 90.45999908447266, 
Epoch : 111, lr : 0.00625, epoch_time : 3.4142035206158954, train_loss : 0.1006956398487091, train_acc(top1) : 94.21199798583984, test_loss : 0.29306419324874877, test_acc(top1) : 90.48999786376953, 
Epoch : 112, lr : 0.00625, epoch_time : 3.4132511337598164, train_loss : 0.13600875437259674, train_acc(top1) : 94.47200012207031, test_loss : 0.3011011535644531, test_acc(top1) : 90.23999786376953, 
Epoch : 113, lr : 0.00625, epoch_time : 3.4139744718869527, train_loss : 0.29788970947265625, train_acc(top1) : 94.53199768066406, test_loss : 0.31270351390838624, test_acc(top1) : 90.08000183105469, 
Epoch : 114, lr : 0.00625, epoch_time : 3.4147945443789163, train_loss : 0.11366084963083267, train_acc(top1) : 94.42400360107422, test_loss : 0.32374715957641603, test_acc(top1) : 89.55999755859375, 
Epoch : 115, lr : 0.00625, epoch_time : 3.411881430943807, train_loss : 0.11614125967025757, train_acc(top1) : 94.44000244140625, test_loss : 0.3071504538536072, test_acc(top1) : 89.7699966430664, 
Epoch : 116, lr : 0.00625, epoch_time : 3.413847303390503, train_loss : 0.13001008331775665, train_acc(top1) : 94.58200073242188, test_loss : 0.31163354263305665, test_acc(top1) : 90.12999725341797, 
Epoch : 117, lr : 0.00625, epoch_time : 3.4143353501955667, train_loss : 0.17776627838611603, train_acc(top1) : 94.57599639892578, test_loss : 0.3264733613014221, test_acc(top1) : 89.43000030517578, 
Epoch : 118, lr : 0.00625, epoch_time : 3.413794740041097, train_loss : 0.2119358628988266, train_acc(top1) : 94.45600128173828, test_loss : 0.33886945772171023, test_acc(top1) : 89.2699966430664, 
Epoch : 119, lr : 0.00625, epoch_time : 3.411679228146871, train_loss : 0.08295784145593643, train_acc(top1) : 94.5739974975586, test_loss : 0.31401712760925293, test_acc(top1) : 89.66000366210938, 
Epoch : 120, lr : 0.003125, epoch_time : 3.417620396614075, train_loss : 0.09063022583723068, train_acc(top1) : 95.64800262451172, test_loss : 0.2936840668678284, test_acc(top1) : 90.6500015258789, 
Epoch : 121, lr : 0.003125, epoch_time : 3.4132267316182454, train_loss : 0.1034453883767128, train_acc(top1) : 95.94999694824219, test_loss : 0.2890612382888794, test_acc(top1) : 90.98999786376953, 
Epoch : 122, lr : 0.003125, epoch_time : 3.4141610821088153, train_loss : 0.15104281902313232, train_acc(top1) : 95.95800018310547, test_loss : 0.30556355419158937, test_acc(top1) : 90.4000015258789, 
Epoch : 123, lr : 0.003125, epoch_time : 3.412423320611318, train_loss : 0.08705497533082962, train_acc(top1) : 95.98799896240234, test_loss : 0.3026853572845459, test_acc(top1) : 90.43000030517578, 
Epoch : 124, lr : 0.003125, epoch_time : 3.4139087478319805, train_loss : 0.2525724768638611, train_acc(top1) : 96.06999969482422, test_loss : 0.2963312322616577, test_acc(top1) : 90.69000244140625, 
Epoch : 125, lr : 0.003125, epoch_time : 3.4142439285914103, train_loss : 0.12125973403453827, train_acc(top1) : 96.1259994506836, test_loss : 0.2998842580318451, test_acc(top1) : 90.76000213623047, 
Epoch : 126, lr : 0.003125, epoch_time : 3.4145065267880756, train_loss : 0.11516427993774414, train_acc(top1) : 96.04399871826172, test_loss : 0.3030700297355652, test_acc(top1) : 90.66999816894531, 
Epoch : 127, lr : 0.003125, epoch_time : 3.412739706039429, train_loss : 0.09991907328367233, train_acc(top1) : 96.01599884033203, test_loss : 0.3093786198616028, test_acc(top1) : 90.30999755859375, 
Epoch : 128, lr : 0.003125, epoch_time : 3.415760072072347, train_loss : 0.07677630335092545, train_acc(top1) : 96.14399719238281, test_loss : 0.30758040752410887, test_acc(top1) : 90.33000183105469, 
Epoch : 129, lr : 0.003125, epoch_time : 3.4128053307533266, train_loss : 0.12861722707748413, train_acc(top1) : 96.20800018310547, test_loss : 0.3055640428543091, test_acc(top1) : 90.54000091552734, 
Epoch : 130, lr : 0.0015625, epoch_time : 3.4114850838979085, train_loss : 0.12548235058784485, train_acc(top1) : 96.64199829101562, test_loss : 0.29506764640808103, test_acc(top1) : 90.83999633789062, 
Epoch : 131, lr : 0.0015625, epoch_time : 3.4133477290471395, train_loss : 0.03546040505170822, train_acc(top1) : 96.95600128173828, test_loss : 0.2918296767234802, test_acc(top1) : 90.94999694824219, 
Epoch : 132, lr : 0.0015625, epoch_time : 3.4137338201204934, train_loss : 0.06565999239683151, train_acc(top1) : 96.9800033569336, test_loss : 0.294186171913147, test_acc(top1) : 90.9000015258789, 
Epoch : 133, lr : 0.0015625, epoch_time : 3.4135050853093465, train_loss : 0.0792902484536171, train_acc(top1) : 96.91000366210938, test_loss : 0.29978438453674316, test_acc(top1) : 90.66000366210938, 
Epoch : 134, lr : 0.0015625, epoch_time : 3.412503190835317, train_loss : 0.08383985608816147, train_acc(top1) : 97.00399780273438, test_loss : 0.3017094822883606, test_acc(top1) : 90.72000122070312, 
Epoch : 135, lr : 0.0015625, epoch_time : 3.414021921157837, train_loss : 0.1232566386461258, train_acc(top1) : 96.87000274658203, test_loss : 0.30424147672653196, test_acc(top1) : 90.87999725341797, 
Epoch : 136, lr : 0.0015625, epoch_time : 3.413823672135671, train_loss : 0.056367773562669754, train_acc(top1) : 97.06999969482422, test_loss : 0.3058098361968994, test_acc(top1) : 90.58000183105469, 
Epoch : 137, lr : 0.0015625, epoch_time : 3.41200875043869, train_loss : 0.0614570751786232, train_acc(top1) : 97.06199645996094, test_loss : 0.30994369106292724, test_acc(top1) : 90.55000305175781, 
Epoch : 138, lr : 0.00078125, epoch_time : 3.411770029862722, train_loss : 0.07928141951560974, train_acc(top1) : 97.31400299072266, test_loss : 0.3065369185447693, test_acc(top1) : 90.77999877929688, 
Epoch : 139, lr : 0.00078125, epoch_time : 3.412204313278198, train_loss : 0.08974367380142212, train_acc(top1) : 97.4540023803711, test_loss : 0.3042492765426636, test_acc(top1) : 90.83999633789062, 
Epoch : 140, lr : 0.00078125, epoch_time : 3.4145687023798623, train_loss : 0.058595430105924606, train_acc(top1) : 97.52400207519531, test_loss : 0.3032190272331238, test_acc(top1) : 90.75, 
Epoch : 141, lr : 0.00078125, epoch_time : 3.4126821041107176, train_loss : 0.09527222812175751, train_acc(top1) : 97.45800018310547, test_loss : 0.3056186224937439, test_acc(top1) : 90.7300033569336, 
Epoch : 142, lr : 0.00078125, epoch_time : 3.4177016178766886, train_loss : 0.05932778865098953, train_acc(top1) : 97.58999633789062, test_loss : 0.30984186754226684, test_acc(top1) : 90.80999755859375, 
Epoch : 143, lr : 0.00078125, epoch_time : 3.4148587505022685, train_loss : 0.03903104364871979, train_acc(top1) : 97.51200103759766, test_loss : 0.31130882873535154, test_acc(top1) : 90.91999816894531, 
Epoch : 144, lr : 0.00078125, epoch_time : 3.411746887365977, train_loss : 0.11785175651311874, train_acc(top1) : 97.58999633789062, test_loss : 0.3135216728210449, test_acc(top1) : 90.66999816894531, 
Epoch : 145, lr : 0.00078125, epoch_time : 3.4128403663635254, train_loss : 0.06690467894077301, train_acc(top1) : 97.61399841308594, test_loss : 0.30799737367630003, test_acc(top1) : 90.75, 
Epoch : 146, lr : 0.000390625, epoch_time : 3.4127853393554686, train_loss : 0.10940054059028625, train_acc(top1) : 97.62799835205078, test_loss : 0.31037671546936035, test_acc(top1) : 90.83000183105469, 
Epoch : 147, lr : 0.000390625, epoch_time : 3.4182101289431253, train_loss : 0.15047363936901093, train_acc(top1) : 97.75, test_loss : 0.30716560039520263, test_acc(top1) : 90.97000122070312, 
Epoch : 148, lr : 0.000390625, epoch_time : 3.413531605402629, train_loss : 0.04183460399508476, train_acc(top1) : 97.73400115966797, test_loss : 0.30688065128326414, test_acc(top1) : 90.97000122070312, 
Epoch : 149, lr : 0.000390625, epoch_time : 3.413232672214508, train_loss : 0.09256431460380554, train_acc(top1) : 97.78600311279297, test_loss : 0.3079221639633179, test_acc(top1) : 90.9000015258789, 
Epoch : 150, lr : 0.000390625, epoch_time : 3.4137557705243426, train_loss : 0.030774030834436417, train_acc(top1) : 97.76000213623047, test_loss : 0.3097281272888184, test_acc(top1) : 90.98999786376953, 
Epoch : 151, lr : 0.000390625, epoch_time : 3.413293647766113, train_loss : 0.030023036524653435, train_acc(top1) : 97.77799987792969, test_loss : 0.3081825131893158, test_acc(top1) : 90.83000183105469, 
Epoch : 152, lr : 0.000390625, epoch_time : 3.4137019236882526, train_loss : 0.07909299433231354, train_acc(top1) : 97.83999633789062, test_loss : 0.30558580360412596, test_acc(top1) : 90.83999633789062, 
Epoch : 153, lr : 0.000390625, epoch_time : 3.4143378337224326, train_loss : 0.10350684821605682, train_acc(top1) : 97.87999725341797, test_loss : 0.3074388136863708, test_acc(top1) : 90.8499984741211, 
Epoch : 154, lr : 0.0001953125, epoch_time : 3.4148143490155536, train_loss : 0.12244599312543869, train_acc(top1) : 97.87200164794922, test_loss : 0.3080023317337036, test_acc(top1) : 91.0, 
Epoch : 155, lr : 0.0001953125, epoch_time : 3.413766034444173, train_loss : 0.07188814133405685, train_acc(top1) : 98.01799774169922, test_loss : 0.31061482048034667, test_acc(top1) : 90.86000061035156, 
Epoch : 156, lr : 0.0001953125, epoch_time : 3.4147076765696207, train_loss : 0.02767098881304264, train_acc(top1) : 97.9739990234375, test_loss : 0.30924211897850035, test_acc(top1) : 90.83000183105469, 
Epoch : 157, lr : 0.0001953125, epoch_time : 3.4129355867703755, train_loss : 0.07343175262212753, train_acc(top1) : 97.77799987792969, test_loss : 0.31011638593673707, test_acc(top1) : 90.8499984741211, 
Epoch : 158, lr : 0.0001953125, epoch_time : 3.412336508433024, train_loss : 0.06037236377596855, train_acc(top1) : 97.88200378417969, test_loss : 0.3114918414115906, test_acc(top1) : 90.73999786376953, 
Epoch : 159, lr : 0.0001953125, epoch_time : 3.4122563441594442, train_loss : 0.05656983703374863, train_acc(top1) : 97.93599700927734, test_loss : 0.3086133179664612, test_acc(top1) : 90.91000366210938, 
Epoch : 160, lr : 0.0001953125, epoch_time : 3.4127060572306314, train_loss : 0.05015122517943382, train_acc(top1) : 97.9800033569336, test_loss : 0.31068004302978514, test_acc(top1) : 90.72000122070312, 
Epoch : 161, lr : 0.0001953125, epoch_time : 3.4118779341379804, train_loss : 0.0742562785744667, train_acc(top1) : 97.93199920654297, test_loss : 0.3096604772567749, test_acc(top1) : 90.93000030517578, 
Epoch : 162, lr : 0.0001, epoch_time : 3.4140768607457477, train_loss : 0.06519003212451935, train_acc(top1) : 98.05400085449219, test_loss : 0.3097150841712952, test_acc(top1) : 90.86000061035156, 
Epoch : 163, lr : 0.0001, epoch_time : 3.414531966050466, train_loss : 0.08926206827163696, train_acc(top1) : 98.01599884033203, test_loss : 0.3115428158283234, test_acc(top1) : 90.8499984741211, 
Epoch : 164, lr : 0.0001, epoch_time : 3.4115694403648376, train_loss : 0.06899847835302353, train_acc(top1) : 97.98400115966797, test_loss : 0.3109428448677063, test_acc(top1) : 90.79000091552734, 
Epoch : 165, lr : 0.0001, epoch_time : 3.4138110518455504, train_loss : 0.1313515305519104, train_acc(top1) : 98.0, test_loss : 0.31108282766342166, test_acc(top1) : 90.73999786376953, 
Epoch : 166, lr : 0.0001, epoch_time : 3.414500876267751, train_loss : 0.06561046838760376, train_acc(top1) : 98.0260009765625, test_loss : 0.31053871822357176, test_acc(top1) : 90.94999694824219, 
Epoch : 167, lr : 0.0001, epoch_time : 3.414953033129374, train_loss : 0.0511808842420578, train_acc(top1) : 97.91000366210938, test_loss : 0.3105028847694397, test_acc(top1) : 90.93000030517578, 
Epoch : 168, lr : 0.0001, epoch_time : 3.4124785979588825, train_loss : 0.061024632304906845, train_acc(top1) : 97.96800231933594, test_loss : 0.31071403436660766, test_acc(top1) : 90.76000213623047, 
Epoch : 169, lr : 0.0001, epoch_time : 3.4136672457059225, train_loss : 0.08555210381746292, train_acc(top1) : 97.96399688720703, test_loss : 0.3114684021949768, test_acc(top1) : 90.83999633789062, 
Epoch : 170, lr : 0.0001, epoch_time : 3.412154718240102, train_loss : 0.06522339582443237, train_acc(top1) : 98.00800323486328, test_loss : 0.31100245428085327, test_acc(top1) : 90.80999755859375, 
Epoch : 171, lr : 0.0001, epoch_time : 3.4155927459398905, train_loss : 0.08409625291824341, train_acc(top1) : 98.052001953125, test_loss : 0.31086939458847046, test_acc(top1) : 90.8499984741211, 
Epoch : 172, lr : 0.0001, epoch_time : 3.4128076871236166, train_loss : 0.050134364515542984, train_acc(top1) : 97.89600372314453, test_loss : 0.3085710478782654, test_acc(top1) : 90.87999725341797, 
Epoch : 173, lr : 0.0001, epoch_time : 3.413642716407776, train_loss : 0.07258340716362, train_acc(top1) : 97.9219970703125, test_loss : 0.31265820446014403, test_acc(top1) : 90.7699966430664, 
Epoch : 174, lr : 0.0001, epoch_time : 3.412937124570211, train_loss : 0.05592833086848259, train_acc(top1) : 97.96399688720703, test_loss : 0.3107530425071716, test_acc(top1) : 90.9000015258789, 
Epoch : 175, lr : 0.0001, epoch_time : 3.411766942342122, train_loss : 0.19492828845977783, train_acc(top1) : 97.94999694824219, test_loss : 0.30814234361648557, test_acc(top1) : 90.91000366210938, 
Epoch : 176, lr : 0.0001, epoch_time : 3.4136632919311523, train_loss : 0.03970590978860855, train_acc(top1) : 98.12200164794922, test_loss : 0.31202980999946595, test_acc(top1) : 90.80000305175781, 
Epoch : 177, lr : 0.0001, epoch_time : 3.41305197874705, train_loss : 0.09322475641965866, train_acc(top1) : 98.10399627685547, test_loss : 0.31139982028007507, test_acc(top1) : 90.87000274658203, 
Epoch : 178, lr : 0.0001, epoch_time : 3.4125003814697266, train_loss : 0.04716532677412033, train_acc(top1) : 97.9280014038086, test_loss : 0.3110128746032715, test_acc(top1) : 90.8499984741211, 
Epoch : 179, lr : 0.0001, epoch_time : 3.414859147866567, train_loss : 0.04687689244747162, train_acc(top1) : 98.00399780273438, test_loss : 0.31139569916725157, test_acc(top1) : 90.81999969482422, 
Epoch : 180, lr : 0.0001, epoch_time : 3.414219049612681, train_loss : 0.04588811472058296, train_acc(top1) : 98.01599884033203, test_loss : 0.3160412877082825, test_acc(top1) : 90.79000091552734, 
Epoch : 181, lr : 0.0001, epoch_time : 3.413017944494883, train_loss : 0.06855287402868271, train_acc(top1) : 98.02999877929688, test_loss : 0.31273833055496214, test_acc(top1) : 90.81999969482422, 
Epoch : 182, lr : 0.0001, epoch_time : 3.4125962456067405, train_loss : 0.041939593851566315, train_acc(top1) : 98.052001953125, test_loss : 0.3109995535850525, test_acc(top1) : 90.8499984741211, 
Epoch : 183, lr : 0.0001, epoch_time : 3.4146886507670087, train_loss : 0.04029703140258789, train_acc(top1) : 97.99199676513672, test_loss : 0.313915136051178, test_acc(top1) : 90.88999938964844, 
Epoch : 184, lr : 0.0001, epoch_time : 3.4120065053304036, train_loss : 0.11459185928106308, train_acc(top1) : 98.07599639892578, test_loss : 0.3131421048164368, test_acc(top1) : 90.8499984741211, 
Epoch : 185, lr : 0.0001, epoch_time : 3.413288442293803, train_loss : 0.03211725875735283, train_acc(top1) : 98.05400085449219, test_loss : 0.3135999676704407, test_acc(top1) : 90.86000061035156, 
Epoch : 186, lr : 0.0001, epoch_time : 3.411725966135661, train_loss : 0.07080354541540146, train_acc(top1) : 97.98999786376953, test_loss : 0.312264884185791, test_acc(top1) : 90.83999633789062, 
Epoch : 187, lr : 0.0001, epoch_time : 3.4137898802757265, train_loss : 0.08950988948345184, train_acc(top1) : 98.01599884033203, test_loss : 0.3126225788116455, test_acc(top1) : 90.7699966430664, 
Epoch : 188, lr : 0.0001, epoch_time : 3.4124257365862527, train_loss : 0.05890524014830589, train_acc(top1) : 98.06999969482422, test_loss : 0.3145693067550659, test_acc(top1) : 90.75, 
Epoch : 189, lr : 0.0001, epoch_time : 3.413462769985199, train_loss : 0.037686336785554886, train_acc(top1) : 97.99199676513672, test_loss : 0.3128479493141174, test_acc(top1) : 90.87000274658203, 
Epoch : 190, lr : 0.0001, epoch_time : 3.41631733973821, train_loss : 0.0962587296962738, train_acc(top1) : 98.00599670410156, test_loss : 0.31382164635658266, test_acc(top1) : 90.88999938964844, 
Epoch : 191, lr : 0.0001, epoch_time : 3.413730053106944, train_loss : 0.08390901237726212, train_acc(top1) : 97.99600219726562, test_loss : 0.3120184197425842, test_acc(top1) : 90.8499984741211, 
Epoch : 192, lr : 0.0001, epoch_time : 3.413128332297007, train_loss : 0.08673521131277084, train_acc(top1) : 98.04399871826172, test_loss : 0.3122778590679169, test_acc(top1) : 90.91000366210938, 
Epoch : 193, lr : 0.0001, epoch_time : 3.413517928123474, train_loss : 0.05803554132580757, train_acc(top1) : 98.0479965209961, test_loss : 0.31316840476989743, test_acc(top1) : 90.80000305175781, 
Epoch : 194, lr : 0.0001, epoch_time : 3.4134180784225463, train_loss : 0.056422796100378036, train_acc(top1) : 98.03800201416016, test_loss : 0.31059449167251585, test_acc(top1) : 90.87000274658203, 
Epoch : 195, lr : 0.0001, epoch_time : 3.4139634648958843, train_loss : 0.06145014613866806, train_acc(top1) : 98.02400207519531, test_loss : 0.31416064233779906, test_acc(top1) : 90.72000122070312, 
Epoch : 196, lr : 0.0001, epoch_time : 3.414634950955709, train_loss : 0.0728568583726883, train_acc(top1) : 98.01399993896484, test_loss : 0.31403704805374144, test_acc(top1) : 90.83000183105469, 
Epoch : 197, lr : 0.0001, epoch_time : 3.4131453076998395, train_loss : 0.052120331674814224, train_acc(top1) : 98.02400207519531, test_loss : 0.3131905035018921, test_acc(top1) : 90.83999633789062, 
Epoch : 198, lr : 0.0001, epoch_time : 3.4145523866017657, train_loss : 0.0945587232708931, train_acc(top1) : 98.06400299072266, test_loss : 0.31345272903442384, test_acc(top1) : 90.7699966430664, 
Epoch : 199, lr : 0.0001, epoch_time : 3.4149365862210592, train_loss : 0.06710218638181686, train_acc(top1) : 98.03800201416016, test_loss : 0.3123270525932312, test_acc(top1) : 90.91000366210938, 
Epoch : 200, lr : 0.0001, epoch_time : 3.4133551518122354, train_loss : 0.07893255352973938, train_acc(top1) : 98.0979995727539, test_loss : 0.3131268189430237, test_acc(top1) : 90.8499984741211, 
