Namespace(activ='tanh', auto_augment=False, batch_size=100, bias=False, checkpoint_freq=0, conv_mode='mb1', cutout=0, dataset=['cifar10'], epochs=200, filters=163, gamma=0.5, history=5, iter=30, learning_rate=0.1, min_lr=0.0001, model='resthrifty', momentum=0.9, n_mini_batch=1, n_params=40000, name='pool1_40K', nesterov=True, optimizer='sgd', patience=7, pool=[15], resume=None, seed=608454, test_batch_size=100, topk=None, weight_decay=0.0005)
Parameters : 39636
Filters : 163
*******
Epoch : 1, lr : 0.1, epoch_time : 7.908086899916331, train_loss : 1.964343547821045, train_acc(top1) : 18.90999984741211, test_loss : 2.2298696685791017, 
Epoch : 2, lr : 0.1, epoch_time : 7.904878667990366, train_loss : 2.010756015777588, train_acc(top1) : 24.850000381469727, test_loss : 2.013796549987793, 
Epoch : 3, lr : 0.1, epoch_time : 7.904918094476064, train_loss : 1.7831623554229736, train_acc(top1) : 24.079999923706055, test_loss : 2.2205809143066406, 
Epoch : 4, lr : 0.1, epoch_time : 7.905310889085134, train_loss : 1.8347314596176147, train_acc(top1) : 23.329999923706055, test_loss : 2.166289381408691, 
Epoch : 5, lr : 0.1, epoch_time : 7.905667579174041, train_loss : 1.9424182176589966, train_acc(top1) : 29.8799991607666, test_loss : 1.8811723587036133, 
Epoch : 6, lr : 0.1, epoch_time : 7.914757259686788, train_loss : 1.8531699180603027, train_acc(top1) : 32.06999969482422, test_loss : 1.8008258911132813, 
Epoch : 7, lr : 0.1, epoch_time : 7.9172028541564945, train_loss : 1.7318404912948608, train_acc(top1) : 32.61000061035156, test_loss : 1.9142932235717773, 
Epoch : 8, lr : 0.1, epoch_time : 7.9182408332824705, train_loss : 1.3504241704940796, train_acc(top1) : 51.029998779296875, test_loss : 1.393044546508789, 
Epoch : 9, lr : 0.1, epoch_time : 7.917983575661977, train_loss : 1.2710766792297363, train_acc(top1) : 43.93000030517578, test_loss : 1.7133025527954102, 
Epoch : 10, lr : 0.1, epoch_time : 7.917374308904012, train_loss : 1.122626781463623, train_acc(top1) : 54.849998474121094, test_loss : 1.257089207458496, 
Epoch : 11, lr : 0.1, epoch_time : 7.916625543435415, train_loss : 1.074905514717102, train_acc(top1) : 51.939998626708984, test_loss : 1.4699894592285156, 
Epoch : 12, lr : 0.1, epoch_time : 7.917940533161163, train_loss : 1.3871629238128662, train_acc(top1) : 62.06999969482422, test_loss : 1.0702767715454102, 
Epoch : 13, lr : 0.1, epoch_time : 7.917517920335134, train_loss : 1.0475964546203613, train_acc(top1) : 57.13999938964844, test_loss : 1.283796385192871, 
Epoch : 14, lr : 0.1, epoch_time : 7.9169960180918375, train_loss : 0.9795718193054199, train_acc(top1) : 65.23999786376953, test_loss : 0.9992820404052735, 
Epoch : 15, lr : 0.1, epoch_time : 7.915244011084239, train_loss : 0.9675946831703186, train_acc(top1) : 54.279998779296875, test_loss : 1.3086360252380371, 
Epoch : 16, lr : 0.1, epoch_time : 7.915273217360179, train_loss : 0.6736282110214233, train_acc(top1) : 58.400001525878906, test_loss : 1.2093441528320312, 
Epoch : 17, lr : 0.1, epoch_time : 7.9158819357554115, train_loss : 0.9828941226005554, train_acc(top1) : 60.81999969482422, test_loss : 1.0963979095458984, 
Epoch : 18, lr : 0.1, epoch_time : 7.915730865796407, train_loss : 0.7769086956977844, train_acc(top1) : 67.5199966430664, test_loss : 0.9307555397033691, 
Epoch : 19, lr : 0.1, epoch_time : 7.916136833031972, train_loss : 0.775417149066925, train_acc(top1) : 65.66000366210938, test_loss : 1.0262945579528808, 
Epoch : 20, lr : 0.1, epoch_time : 7.9160585641860965, train_loss : 0.878587543964386, train_acc(top1) : 67.31999969482422, test_loss : 0.8982004776000977, 
Epoch : 21, lr : 0.1, epoch_time : 7.915987269083659, train_loss : 0.7641094326972961, train_acc(top1) : 61.619998931884766, test_loss : 1.1055120956420899, 
Epoch : 22, lr : 0.1, epoch_time : 7.915928641955058, train_loss : 0.8263862729072571, train_acc(top1) : 64.37000274658203, test_loss : 1.0514896690368651, 
Epoch : 23, lr : 0.1, epoch_time : 7.9161209543546045, train_loss : 0.7327170372009277, train_acc(top1) : 60.45000076293945, test_loss : 1.273862042236328, 
Epoch : 24, lr : 0.1, epoch_time : 7.9160706718762714, train_loss : 0.7857441902160645, train_acc(top1) : 59.0099983215332, test_loss : 1.3069052368164062, 
Epoch : 25, lr : 0.1, epoch_time : 7.916344646612803, train_loss : 0.6809533834457397, train_acc(top1) : 65.29000091552734, test_loss : 1.0521689094543456, 
Epoch : 26, lr : 0.1, epoch_time : 7.916778457164765, train_loss : 0.7469995021820068, train_acc(top1) : 62.27000045776367, test_loss : 1.0866924026489257, 
Epoch : 27, lr : 0.1, epoch_time : 7.9159640630086265, train_loss : 0.9261724948883057, train_acc(top1) : 62.220001220703125, test_loss : 1.0738107894897462, 
Epoch : 28, lr : 0.1, epoch_time : 7.916984577973683, train_loss : 0.7375583648681641, train_acc(top1) : 69.2300033569336, test_loss : 0.9000312065124512, 
Epoch : 29, lr : 0.05, epoch_time : 7.915569655100504, train_loss : 0.575260579586029, train_acc(top1) : 77.13999938964844, test_loss : 0.6609758777618409, 
Epoch : 30, lr : 0.05, epoch_time : 7.915974541505178, train_loss : 0.5861251950263977, train_acc(top1) : 78.16999816894531, test_loss : 0.6233610858917237, 
Epoch : 31, lr : 0.05, epoch_time : 7.916662673155467, train_loss : 0.4197118282318115, train_acc(top1) : 78.12999725341797, test_loss : 0.6492018768310547, 
Epoch : 32, lr : 0.05, epoch_time : 7.916643857955933, train_loss : 0.43318814039230347, train_acc(top1) : 78.33999633789062, test_loss : 0.6227915157318116, 
Epoch : 33, lr : 0.05, epoch_time : 7.9163722475369775, train_loss : 0.526850163936615, train_acc(top1) : 74.2699966430664, test_loss : 0.7487358577728271, 
Epoch : 34, lr : 0.05, epoch_time : 7.916972490151723, train_loss : 0.45277008414268494, train_acc(top1) : 74.91999816894531, test_loss : 0.7579590553283692, 
Epoch : 35, lr : 0.05, epoch_time : 7.915195858478546, train_loss : 0.6568927764892578, train_acc(top1) : 74.87999725341797, test_loss : 0.7332431354522705, 
Epoch : 36, lr : 0.05, epoch_time : 7.916141680876414, train_loss : 0.611859142780304, train_acc(top1) : 75.77999877929688, test_loss : 0.6842835861206055, 
Epoch : 37, lr : 0.05, epoch_time : 7.9146772464116415, train_loss : 0.5816908478736877, train_acc(top1) : 74.72000122070312, test_loss : 0.7693337398529053, 
Epoch : 38, lr : 0.05, epoch_time : 7.916282757123311, train_loss : 0.5498487949371338, train_acc(top1) : 71.7300033569336, test_loss : 0.8208855167388917, 
Epoch : 39, lr : 0.05, epoch_time : 7.915375065803528, train_loss : 0.5493925213813782, train_acc(top1) : 76.43000030517578, test_loss : 0.6889141254425049, 
Epoch : 40, lr : 0.05, epoch_time : 7.915132749080658, train_loss : 0.44669973850250244, train_acc(top1) : 77.12000274658203, test_loss : 0.667931840133667, 
Epoch : 41, lr : 0.025, epoch_time : 7.915709606806437, train_loss : 0.38126954436302185, train_acc(top1) : 82.0, test_loss : 0.5201243877410888, 
Epoch : 42, lr : 0.025, epoch_time : 7.9156723896662395, train_loss : 0.49192267656326294, train_acc(top1) : 82.9000015258789, test_loss : 0.5144217193603515, 
Epoch : 43, lr : 0.025, epoch_time : 7.915972173213959, train_loss : 0.47083455324172974, train_acc(top1) : 83.19000244140625, test_loss : 0.4913746513366699, 
Epoch : 44, lr : 0.025, epoch_time : 7.914738933245341, train_loss : 0.46567848324775696, train_acc(top1) : 81.95999908447266, test_loss : 0.5344660701751709, 
Epoch : 45, lr : 0.025, epoch_time : 7.916167291005452, train_loss : 0.27638640999794006, train_acc(top1) : 79.31999969482422, test_loss : 0.6178381652832031, 
Epoch : 46, lr : 0.025, epoch_time : 7.916497667630513, train_loss : 0.3297385275363922, train_acc(top1) : 82.37000274658203, test_loss : 0.5189451240539551, 
Epoch : 47, lr : 0.025, epoch_time : 7.915989871819814, train_loss : 0.34525859355926514, train_acc(top1) : 79.80999755859375, test_loss : 0.5778529300689698, 
Epoch : 48, lr : 0.025, epoch_time : 7.915483363469442, train_loss : 0.3992258906364441, train_acc(top1) : 82.2699966430664, test_loss : 0.5259276790618896, 
Epoch : 49, lr : 0.025, epoch_time : 7.915448582172393, train_loss : 0.4157322943210602, train_acc(top1) : 83.70999908447266, test_loss : 0.4808763288497925, 
Epoch : 50, lr : 0.025, epoch_time : 7.9157084941864015, train_loss : 0.451759934425354, train_acc(top1) : 79.62999725341797, test_loss : 0.6086550758361816, 
Epoch : 51, lr : 0.025, epoch_time : 7.916368333498637, train_loss : 0.44765183329582214, train_acc(top1) : 79.13999938964844, test_loss : 0.6205999778747558, 
Epoch : 52, lr : 0.025, epoch_time : 7.914799066384633, train_loss : 0.32161495089530945, train_acc(top1) : 80.69999694824219, test_loss : 0.6023700416564941, 
Epoch : 53, lr : 0.025, epoch_time : 7.9158300717671715, train_loss : 0.45218124985694885, train_acc(top1) : 78.0199966430664, test_loss : 0.689524589920044, 
Epoch : 54, lr : 0.025, epoch_time : 7.914983224868775, train_loss : 0.24554939568042755, train_acc(top1) : 81.44999694824219, test_loss : 0.5432380474090576, 
Epoch : 55, lr : 0.025, epoch_time : 7.915253818035126, train_loss : 0.366087406873703, train_acc(top1) : 82.18000030517578, test_loss : 0.5235110542297363, 
Epoch : 56, lr : 0.025, epoch_time : 7.915978169441223, train_loss : 0.3555259704589844, train_acc(top1) : 83.31999969482422, test_loss : 0.5114011711120605, 
Epoch : 57, lr : 0.025, epoch_time : 7.915038084983825, train_loss : 0.603277325630188, train_acc(top1) : 81.36000061035156, test_loss : 0.5585001300811767, 
Epoch : 58, lr : 0.0125, epoch_time : 7.916197824478149, train_loss : 0.38844820857048035, train_acc(top1) : 86.75, test_loss : 0.39382814025878904, 
Epoch : 59, lr : 0.0125, epoch_time : 7.9160396456718445, train_loss : 0.3694932162761688, train_acc(top1) : 86.16999816894531, test_loss : 0.4109090209960938, 
Epoch : 60, lr : 0.0125, epoch_time : 7.9163308103879295, train_loss : 0.29733937978744507, train_acc(top1) : 86.25, test_loss : 0.4158944160461426, 
Epoch : 61, lr : 0.0125, epoch_time : 7.915643374125163, train_loss : 0.48573851585388184, train_acc(top1) : 86.63999938964844, test_loss : 0.39833173503875735, 
Epoch : 62, lr : 0.0125, epoch_time : 7.915064756075541, train_loss : 0.3775959014892578, train_acc(top1) : 86.58000183105469, test_loss : 0.3981679721832275, 
Epoch : 63, lr : 0.0125, epoch_time : 7.916008134682973, train_loss : 0.17817285656929016, train_acc(top1) : 85.73999786376953, test_loss : 0.41842594108581543, 
Epoch : 64, lr : 0.0125, epoch_time : 7.9151802142461145, train_loss : 0.25756457448005676, train_acc(top1) : 84.0, test_loss : 0.4718839996337891, 
Epoch : 65, lr : 0.0125, epoch_time : 7.9160643776257835, train_loss : 0.47507384419441223, train_acc(top1) : 85.54000091552734, test_loss : 0.45652389011383054, 
Epoch : 66, lr : 0.0125, epoch_time : 7.916196036338806, train_loss : 0.3480696380138397, train_acc(top1) : 86.26000213623047, test_loss : 0.42391355628967287, 
Epoch : 67, lr : 0.00625, epoch_time : 7.916352121035258, train_loss : 0.2750195562839508, train_acc(top1) : 87.88999938964844, test_loss : 0.3741457524299622, 
Epoch : 68, lr : 0.00625, epoch_time : 7.916742293039958, train_loss : 0.18290549516677856, train_acc(top1) : 87.56999969482422, test_loss : 0.3826370059967041, 
Epoch : 69, lr : 0.00625, epoch_time : 7.914464588960012, train_loss : 0.18334509432315826, train_acc(top1) : 87.72000122070312, test_loss : 0.3890330083847046, 
Epoch : 70, lr : 0.00625, epoch_time : 7.915486967563629, train_loss : 0.27420052886009216, train_acc(top1) : 87.0199966430664, test_loss : 0.38994309005737304, 
Epoch : 71, lr : 0.00625, epoch_time : 7.916192849477132, train_loss : 0.13218948245048523, train_acc(top1) : 87.58999633789062, test_loss : 0.3810194736480713, 
Epoch : 72, lr : 0.00625, epoch_time : 7.91543710231781, train_loss : 0.146904855966568, train_acc(top1) : 87.08999633789062, test_loss : 0.414828413105011, 
Epoch : 73, lr : 0.00625, epoch_time : 7.916029230753581, train_loss : 0.25661078095436096, train_acc(top1) : 86.76000213623047, test_loss : 0.4306664291381836, 
Epoch : 74, lr : 0.00625, epoch_time : 7.91583575407664, train_loss : 0.20214210450649261, train_acc(top1) : 87.19999694824219, test_loss : 0.38958128204345704, 
Epoch : 75, lr : 0.00625, epoch_time : 7.915102867285411, train_loss : 0.2523346245288849, train_acc(top1) : 86.47000122070312, test_loss : 0.4234295862197876, 
Epoch : 76, lr : 0.003125, epoch_time : 7.915638371308645, train_loss : 0.11156321316957474, train_acc(top1) : 88.44000244140625, test_loss : 0.37376002855300905, 
Epoch : 77, lr : 0.003125, epoch_time : 7.914906871318817, train_loss : 0.2050004005432129, train_acc(top1) : 88.83000183105469, test_loss : 0.3686129348754883, 
Epoch : 78, lr : 0.003125, epoch_time : 7.9165015578269955, train_loss : 0.05993715301156044, train_acc(top1) : 88.04000091552734, test_loss : 0.37889368839263915, 
Epoch : 79, lr : 0.003125, epoch_time : 7.916461718082428, train_loss : 0.08636972308158875, train_acc(top1) : 87.94999694824219, test_loss : 0.3860444550514221, 
Epoch : 80, lr : 0.003125, epoch_time : 7.914724532763163, train_loss : 0.09694325178861618, train_acc(top1) : 88.29000091552734, test_loss : 0.38246522312164305, 
Epoch : 81, lr : 0.003125, epoch_time : 7.916335745652517, train_loss : 0.14133358001708984, train_acc(top1) : 87.6500015258789, test_loss : 0.41530209255218503, 
Epoch : 82, lr : 0.003125, epoch_time : 7.916480350494385, train_loss : 0.13106302917003632, train_acc(top1) : 88.11000061035156, test_loss : 0.40521421632766724, 
Epoch : 83, lr : 0.003125, epoch_time : 7.915766565004985, train_loss : 0.13567833602428436, train_acc(top1) : 88.11000061035156, test_loss : 0.40765147943496705, 
Epoch : 84, lr : 0.003125, epoch_time : 7.916068740685781, train_loss : 0.08492496609687805, train_acc(top1) : 88.30000305175781, test_loss : 0.3875162878036499, 
Epoch : 85, lr : 0.003125, epoch_time : 7.915526429812114, train_loss : 0.15016046166419983, train_acc(top1) : 88.08000183105469, test_loss : 0.39911693859100345, 
Epoch : 86, lr : 0.0015625, epoch_time : 7.91689373254776, train_loss : 0.16225139796733856, train_acc(top1) : 88.61000061035156, test_loss : 0.38645096311569216, 
Epoch : 87, lr : 0.0015625, epoch_time : 7.917653652032216, train_loss : 0.12845467031002045, train_acc(top1) : 88.6500015258789, test_loss : 0.41224244718551634, 
Epoch : 88, lr : 0.0015625, epoch_time : 7.918105022112528, train_loss : 0.16061680018901825, train_acc(top1) : 88.26000213623047, test_loss : 0.40786922454833985, 
Epoch : 89, lr : 0.0015625, epoch_time : 7.916923407713572, train_loss : 0.09319032728672028, train_acc(top1) : 88.23999786376953, test_loss : 0.4090662448883057, 
Epoch : 90, lr : 0.0015625, epoch_time : 7.917492727438609, train_loss : 0.16356858611106873, train_acc(top1) : 88.36000061035156, test_loss : 0.4049236476898193, 
Epoch : 91, lr : 0.0015625, epoch_time : 7.916450949509938, train_loss : 0.0984879657626152, train_acc(top1) : 88.16999816894531, test_loss : 0.41665717258453366, 
Epoch : 92, lr : 0.0015625, epoch_time : 7.917379713058471, train_loss : 0.16624081134796143, train_acc(top1) : 88.41999816894531, test_loss : 0.41379945125579837, 
Epoch : 93, lr : 0.0015625, epoch_time : 7.917622351646424, train_loss : 0.09695503115653992, train_acc(top1) : 88.18000030517578, test_loss : 0.4138237377166748, 
Epoch : 94, lr : 0.00078125, epoch_time : 7.91715840101242, train_loss : 0.07988390326499939, train_acc(top1) : 88.37999725341797, test_loss : 0.4121452814102173, 
Epoch : 95, lr : 0.00078125, epoch_time : 7.917630139986674, train_loss : 0.06473634392023087, train_acc(top1) : 88.36000061035156, test_loss : 0.42361670179367067, 
Epoch : 96, lr : 0.00078125, epoch_time : 7.917649634679159, train_loss : 0.10198960453271866, train_acc(top1) : 88.20999908447266, test_loss : 0.4214215058326721, 
Epoch : 97, lr : 0.00078125, epoch_time : 7.917963202794393, train_loss : 0.1717362403869629, train_acc(top1) : 88.3499984741211, test_loss : 0.4178754614830017, 
Epoch : 98, lr : 0.00078125, epoch_time : 7.917102964719136, train_loss : 0.07520214468240738, train_acc(top1) : 88.16999816894531, test_loss : 0.4222701641082764, 
Epoch : 99, lr : 0.00078125, epoch_time : 7.91825012365977, train_loss : 0.12865671515464783, train_acc(top1) : 88.2699966430664, test_loss : 0.42395742654800417, 
Epoch : 100, lr : 0.00078125, epoch_time : 7.917833614349365, train_loss : 0.08512143045663834, train_acc(top1) : 88.05000305175781, test_loss : 0.42810730409622194, 
Epoch : 101, lr : 0.00078125, epoch_time : 7.916864347457886, train_loss : 0.08168887346982956, train_acc(top1) : 88.38999938964844, test_loss : 0.4310797957420349, 
Epoch : 102, lr : 0.000390625, epoch_time : 7.916512767473857, train_loss : 0.04163101315498352, train_acc(top1) : 88.37999725341797, test_loss : 0.43221822566986084, 
Epoch : 103, lr : 0.000390625, epoch_time : 7.917617150147756, train_loss : 0.06476693600416183, train_acc(top1) : 88.11000061035156, test_loss : 0.43551894941329955, 
Epoch : 104, lr : 0.000390625, epoch_time : 7.917347157001496, train_loss : 0.1683187335729599, train_acc(top1) : 88.29000091552734, test_loss : 0.43772064409255984, 
Epoch : 105, lr : 0.000390625, epoch_time : 7.918028823534647, train_loss : 0.060073480010032654, train_acc(top1) : 88.41999816894531, test_loss : 0.43513489093780516, 
Epoch : 106, lr : 0.000390625, epoch_time : 7.917835390567779, train_loss : 0.08122240751981735, train_acc(top1) : 88.41999816894531, test_loss : 0.4389257206916809, 
Epoch : 107, lr : 0.000390625, epoch_time : 7.916931617259979, train_loss : 0.14087402820587158, train_acc(top1) : 88.55999755859375, test_loss : 0.4348238130569458, 
Epoch : 108, lr : 0.000390625, epoch_time : 7.917465821901957, train_loss : 0.10770223289728165, train_acc(top1) : 88.33999633789062, test_loss : 0.4416405445098877, 
Epoch : 109, lr : 0.000390625, epoch_time : 7.916477819283803, train_loss : 0.10565336048603058, train_acc(top1) : 88.31999969482422, test_loss : 0.44113145008087157, 
Epoch : 110, lr : 0.0001953125, epoch_time : 7.918967084089915, train_loss : 0.08286376297473907, train_acc(top1) : 88.4000015258789, test_loss : 0.4399442004203796, 
Epoch : 111, lr : 0.0001953125, epoch_time : 7.918548711140951, train_loss : 0.02042764239013195, train_acc(top1) : 88.29000091552734, test_loss : 0.4410105297088623, 
Epoch : 112, lr : 0.0001953125, epoch_time : 7.917121104399363, train_loss : 0.11006659269332886, train_acc(top1) : 88.43000030517578, test_loss : 0.4367204062461853, 
Epoch : 113, lr : 0.0001953125, epoch_time : 7.9172196308771765, train_loss : 0.08377528935670853, train_acc(top1) : 88.2300033569336, test_loss : 0.44364098138809205, 
Epoch : 114, lr : 0.0001953125, epoch_time : 7.917290333906809, train_loss : 0.07815732806921005, train_acc(top1) : 88.26000213623047, test_loss : 0.4390989803314209, 
Epoch : 115, lr : 0.0001953125, epoch_time : 7.916972231864929, train_loss : 0.069943368434906, train_acc(top1) : 88.2300033569336, test_loss : 0.43923287315368653, 
Epoch : 116, lr : 0.0001953125, epoch_time : 7.916578420003256, train_loss : 0.0671914592385292, train_acc(top1) : 88.16000366210938, test_loss : 0.4390316447257996, 
Epoch : 117, lr : 0.0001953125, epoch_time : 7.9162346164385475, train_loss : 0.061231378465890884, train_acc(top1) : 88.23999786376953, test_loss : 0.4505995595932007, 
Epoch : 118, lr : 0.0001, epoch_time : 7.916053450107574, train_loss : 0.10511544346809387, train_acc(top1) : 88.22000122070312, test_loss : 0.45139627656936643, 
Epoch : 119, lr : 0.0001, epoch_time : 7.91771449247996, train_loss : 0.11105160415172577, train_acc(top1) : 88.23999786376953, test_loss : 0.4477308546066284, 
Epoch : 120, lr : 0.0001, epoch_time : 7.917489171028137, train_loss : 0.09179674088954926, train_acc(top1) : 88.08999633789062, test_loss : 0.44915101871490476, 
Epoch : 121, lr : 0.0001, epoch_time : 7.917715851465861, train_loss : 0.09441342949867249, train_acc(top1) : 88.29000091552734, test_loss : 0.4513993455886841, 
Epoch : 122, lr : 0.0001, epoch_time : 7.9165003657341, train_loss : 0.08663007616996765, train_acc(top1) : 88.25, test_loss : 0.4467040083885193, 
Epoch : 123, lr : 0.0001, epoch_time : 7.916869886716207, train_loss : 0.06130598857998848, train_acc(top1) : 88.31999969482422, test_loss : 0.4432916742324829, 
Epoch : 124, lr : 0.0001, epoch_time : 7.917571938037872, train_loss : 0.0659857913851738, train_acc(top1) : 88.27999877929688, test_loss : 0.45134326133728025, 
Epoch : 125, lr : 0.0001, epoch_time : 7.916363223393758, train_loss : 0.04795699194073677, train_acc(top1) : 88.2300033569336, test_loss : 0.4581471780776978, 
Epoch : 126, lr : 0.0001, epoch_time : 7.917921944459279, train_loss : 0.1272074282169342, train_acc(top1) : 88.16999816894531, test_loss : 0.44989699726104737, 
Epoch : 127, lr : 0.0001, epoch_time : 7.917027123769125, train_loss : 0.08406439423561096, train_acc(top1) : 88.1500015258789, test_loss : 0.4503873732566834, 
Epoch : 128, lr : 0.0001, epoch_time : 7.916703184445699, train_loss : 0.04184643179178238, train_acc(top1) : 88.1500015258789, test_loss : 0.4559097743988037, 
Epoch : 129, lr : 0.0001, epoch_time : 7.917611686388652, train_loss : 0.05949704349040985, train_acc(top1) : 88.1500015258789, test_loss : 0.45394308376312253, 
Epoch : 130, lr : 0.0001, epoch_time : 7.917619856198629, train_loss : 0.030925054103136063, train_acc(top1) : 88.16999816894531, test_loss : 0.45045420989990237, 
Epoch : 131, lr : 0.0001, epoch_time : 7.917653020222982, train_loss : 0.04571967199444771, train_acc(top1) : 88.26000213623047, test_loss : 0.44999313526153567, 
Epoch : 132, lr : 0.0001, epoch_time : 7.917836729685465, train_loss : 0.10630667954683304, train_acc(top1) : 88.36000061035156, test_loss : 0.45215682764053344, 
Epoch : 133, lr : 0.0001, epoch_time : 7.917931163311005, train_loss : 0.07516156136989594, train_acc(top1) : 88.19999694824219, test_loss : 0.45147824249267576, 
Epoch : 134, lr : 0.0001, epoch_time : 7.9163736462593075, train_loss : 0.0957309752702713, train_acc(top1) : 88.23999786376953, test_loss : 0.4503540452957153, 
Epoch : 135, lr : 0.0001, epoch_time : 7.916618259747823, train_loss : 0.11475004255771637, train_acc(top1) : 88.13999938964844, test_loss : 0.45263008546829225, 
Epoch : 136, lr : 0.0001, epoch_time : 7.9167568723360695, train_loss : 0.04104437306523323, train_acc(top1) : 88.12000274658203, test_loss : 0.4551025944709778, 
Epoch : 137, lr : 0.0001, epoch_time : 7.917498795191447, train_loss : 0.05622721090912819, train_acc(top1) : 88.22000122070312, test_loss : 0.4547730697631836, 
Epoch : 138, lr : 0.0001, epoch_time : 7.918045091629028, train_loss : 0.1358366161584854, train_acc(top1) : 88.12999725341797, test_loss : 0.4599002830505371, 
Epoch : 139, lr : 0.0001, epoch_time : 7.917498441537221, train_loss : 0.07754652947187424, train_acc(top1) : 88.12000274658203, test_loss : 0.45251407566070556, 
Epoch : 140, lr : 0.0001, epoch_time : 7.916786309083303, train_loss : 0.05661119893193245, train_acc(top1) : 88.1500015258789, test_loss : 0.45370217723846434, 
Epoch : 141, lr : 0.0001, epoch_time : 7.917411434650421, train_loss : 0.04533515125513077, train_acc(top1) : 88.22000122070312, test_loss : 0.45261630649566653, 
Epoch : 142, lr : 0.0001, epoch_time : 7.917554052670797, train_loss : 0.07174967974424362, train_acc(top1) : 88.1500015258789, test_loss : 0.459669448184967, 
Epoch : 143, lr : 0.0001, epoch_time : 7.917685969670614, train_loss : 0.08496686816215515, train_acc(top1) : 88.22000122070312, test_loss : 0.46304323558807375, 
Epoch : 144, lr : 0.0001, epoch_time : 7.917652865250905, train_loss : 0.07359465956687927, train_acc(top1) : 88.23999786376953, test_loss : 0.45963947486877443, 
Epoch : 145, lr : 0.0001, epoch_time : 7.918156627813975, train_loss : 0.10560232400894165, train_acc(top1) : 88.23999786376953, test_loss : 0.4543983193397522, 
Epoch : 146, lr : 0.0001, epoch_time : 7.917509305477142, train_loss : 0.03346751630306244, train_acc(top1) : 88.11000061035156, test_loss : 0.457657329750061, 
Epoch : 147, lr : 0.0001, epoch_time : 7.9171477595965065, train_loss : 0.039111193269491196, train_acc(top1) : 88.16000366210938, test_loss : 0.45824112777709963, 
Epoch : 148, lr : 0.0001, epoch_time : 7.917760709921519, train_loss : 0.07107502222061157, train_acc(top1) : 88.2699966430664, test_loss : 0.4615551332473755, 
Epoch : 149, lr : 0.0001, epoch_time : 7.916984577973683, train_loss : 0.05878861993551254, train_acc(top1) : 88.1500015258789, test_loss : 0.4608393054962158, 
Epoch : 150, lr : 0.0001, epoch_time : 7.917253903547922, train_loss : 0.06818028539419174, train_acc(top1) : 88.12999725341797, test_loss : 0.45647097902297973, 
Epoch : 151, lr : 0.0001, epoch_time : 7.916970713933309, train_loss : 0.11361227929592133, train_acc(top1) : 88.1500015258789, test_loss : 0.4628536586761475, 
Epoch : 152, lr : 0.0001, epoch_time : 7.916513649622599, train_loss : 0.056236814707517624, train_acc(top1) : 88.19000244140625, test_loss : 0.4597537363052368, 
Epoch : 153, lr : 0.0001, epoch_time : 7.916916445891062, train_loss : 0.055293310433626175, train_acc(top1) : 88.0999984741211, test_loss : 0.4657538481712341, 
Epoch : 154, lr : 0.0001, epoch_time : 7.917771430810292, train_loss : 0.06431089341640472, train_acc(top1) : 88.23999786376953, test_loss : 0.4646058793067932, 
Epoch : 155, lr : 0.0001, epoch_time : 7.917090022563935, train_loss : 0.058912765234708786, train_acc(top1) : 88.1500015258789, test_loss : 0.4568780038833618, 
Epoch : 156, lr : 0.0001, epoch_time : 7.91687060991923, train_loss : 0.049492236226797104, train_acc(top1) : 88.2300033569336, test_loss : 0.4598044281005859, 
Epoch : 157, lr : 0.0001, epoch_time : 7.917425322532654, train_loss : 0.058460984379053116, train_acc(top1) : 88.3499984741211, test_loss : 0.4574050651550293, 
Epoch : 158, lr : 0.0001, epoch_time : 7.914989427725474, train_loss : 0.10060644149780273, train_acc(top1) : 88.30000305175781, test_loss : 0.46078688039779664, 
Epoch : 159, lr : 0.0001, epoch_time : 7.915267491340638, train_loss : 0.0667206272482872, train_acc(top1) : 88.16000366210938, test_loss : 0.4623203874588013, 
Epoch : 160, lr : 0.0001, epoch_time : 7.916077359517415, train_loss : 0.08442562073469162, train_acc(top1) : 88.27999877929688, test_loss : 0.458119393825531, 
Epoch : 161, lr : 0.0001, epoch_time : 7.91476450363795, train_loss : 0.07301729172468185, train_acc(top1) : 88.2699966430664, test_loss : 0.46000330867767336, 
Epoch : 162, lr : 0.0001, epoch_time : 7.915967818101247, train_loss : 0.036486126482486725, train_acc(top1) : 88.25, test_loss : 0.4653782018661499, 
Epoch : 163, lr : 0.0001, epoch_time : 7.915673240025838, train_loss : 0.056607939302921295, train_acc(top1) : 88.33999633789062, test_loss : 0.4602395932197571, 
Epoch : 164, lr : 0.0001, epoch_time : 7.916351942221324, train_loss : 0.08213455229997635, train_acc(top1) : 88.05000305175781, test_loss : 0.45927619152069094, 
Epoch : 165, lr : 0.0001, epoch_time : 7.9166077693303425, train_loss : 0.0167618989944458, train_acc(top1) : 88.13999938964844, test_loss : 0.4626002395629883, 
Epoch : 166, lr : 0.0001, epoch_time : 7.915163282553355, train_loss : 0.035970840603113174, train_acc(top1) : 88.29000091552734, test_loss : 0.4585666234970093, 
Epoch : 167, lr : 0.0001, epoch_time : 7.915582354863485, train_loss : 0.08670370280742645, train_acc(top1) : 88.27999877929688, test_loss : 0.4568206651687622, 
Epoch : 168, lr : 0.0001, epoch_time : 7.914895725250244, train_loss : 0.06618745625019073, train_acc(top1) : 88.18000030517578, test_loss : 0.46039913997650145, 
Epoch : 169, lr : 0.0001, epoch_time : 7.915565494696299, train_loss : 0.05618113651871681, train_acc(top1) : 88.16999816894531, test_loss : 0.46095618019104007, 
Epoch : 170, lr : 0.0001, epoch_time : 7.916259463628133, train_loss : 0.07647877931594849, train_acc(top1) : 88.1500015258789, test_loss : 0.46170255947113037, 
Epoch : 171, lr : 0.0001, epoch_time : 7.915255713462829, train_loss : 0.04325724020600319, train_acc(top1) : 88.25, test_loss : 0.461183464050293, 
Epoch : 172, lr : 0.0001, epoch_time : 7.9161993821462, train_loss : 0.02954365685582161, train_acc(top1) : 88.13999938964844, test_loss : 0.465976229095459, 
Epoch : 173, lr : 0.0001, epoch_time : 7.915510761737823, train_loss : 0.08240573108196259, train_acc(top1) : 88.0999984741211, test_loss : 0.4606943826675415, 
Epoch : 174, lr : 0.0001, epoch_time : 7.915438572565715, train_loss : 0.08122032135725021, train_acc(top1) : 88.27999877929688, test_loss : 0.4591278133392334, 
Epoch : 175, lr : 0.0001, epoch_time : 7.916306567192078, train_loss : 0.09141585975885391, train_acc(top1) : 88.05000305175781, test_loss : 0.47344049263000487, 
Epoch : 176, lr : 0.0001, epoch_time : 7.915963776906332, train_loss : 0.11545068770647049, train_acc(top1) : 88.31999969482422, test_loss : 0.46245581521987916, 
Epoch : 177, lr : 0.0001, epoch_time : 7.915580920378367, train_loss : 0.07727555930614471, train_acc(top1) : 88.25, test_loss : 0.46678208885192873, 
Epoch : 178, lr : 0.0001, epoch_time : 7.915445629755656, train_loss : 0.05882532149553299, train_acc(top1) : 88.13999938964844, test_loss : 0.46558557538986206, 
Epoch : 179, lr : 0.0001, epoch_time : 7.916165300210317, train_loss : 0.07436812669038773, train_acc(top1) : 88.16000366210938, test_loss : 0.472022430229187, 
Epoch : 180, lr : 0.0001, epoch_time : 7.9152436057726545, train_loss : 0.09292291849851608, train_acc(top1) : 88.19999694824219, test_loss : 0.4720467763900757, 
Epoch : 181, lr : 0.0001, epoch_time : 7.9159897843996685, train_loss : 0.08497647196054459, train_acc(top1) : 88.19000244140625, test_loss : 0.4713470988273621, 
Epoch : 182, lr : 0.0001, epoch_time : 7.914801029364268, train_loss : 0.038177598267793655, train_acc(top1) : 88.20999908447266, test_loss : 0.47196883935928347, 
Epoch : 183, lr : 0.0001, epoch_time : 7.916329701741536, train_loss : 0.10448288172483444, train_acc(top1) : 88.08999633789062, test_loss : 0.470509440612793, 
Epoch : 184, lr : 0.0001, epoch_time : 7.915085399150849, train_loss : 0.03783820942044258, train_acc(top1) : 88.22000122070312, test_loss : 0.46582500495910645, 
Epoch : 185, lr : 0.0001, epoch_time : 7.916687814394633, train_loss : 0.12405911087989807, train_acc(top1) : 88.19000244140625, test_loss : 0.469949743270874, 
Epoch : 186, lr : 0.0001, epoch_time : 7.914964811007182, train_loss : 0.08348877727985382, train_acc(top1) : 88.02999877929688, test_loss : 0.4703404682159424, 
Epoch : 187, lr : 0.0001, epoch_time : 7.915940992037455, train_loss : 0.02512199431657791, train_acc(top1) : 88.11000061035156, test_loss : 0.4669810507774353, 
Epoch : 188, lr : 0.0001, epoch_time : 7.915946809450785, train_loss : 0.08190564811229706, train_acc(top1) : 88.1500015258789, test_loss : 0.46773268642425536, 
Epoch : 189, lr : 0.0001, epoch_time : 7.915504741668701, train_loss : 0.13352204859256744, train_acc(top1) : 88.11000061035156, test_loss : 0.47288485679626463, 
Epoch : 190, lr : 0.0001, epoch_time : 7.916002074877421, train_loss : 0.04688198119401932, train_acc(top1) : 88.18000030517578, test_loss : 0.46588311157226564, 
Epoch : 191, lr : 0.0001, epoch_time : 7.9162764350573225, train_loss : 0.02569412626326084, train_acc(top1) : 88.08999633789062, test_loss : 0.4686345458984375, 
Epoch : 192, lr : 0.0001, epoch_time : 7.915508739153544, train_loss : 0.12840749323368073, train_acc(top1) : 88.29000091552734, test_loss : 0.4701938871383667, 
Epoch : 193, lr : 0.0001, epoch_time : 7.916212638219197, train_loss : 0.05746849998831749, train_acc(top1) : 88.18000030517578, test_loss : 0.4690167407035828, 
Epoch : 194, lr : 0.0001, epoch_time : 7.915180945396424, train_loss : 0.04784144461154938, train_acc(top1) : 88.25, test_loss : 0.46916889019012453, 
Epoch : 195, lr : 0.0001, epoch_time : 7.91571018298467, train_loss : 0.04450807720422745, train_acc(top1) : 88.23999786376953, test_loss : 0.46780162858963015, 
Epoch : 196, lr : 0.0001, epoch_time : 7.916299045085907, train_loss : 0.042748916894197464, train_acc(top1) : 88.1500015258789, test_loss : 0.46987928638458254, 
Epoch : 197, lr : 0.0001, epoch_time : 7.916379900773366, train_loss : 0.07486791908740997, train_acc(top1) : 88.0199966430664, test_loss : 0.47581319227218627, 
Epoch : 198, lr : 0.0001, epoch_time : 7.91429078578949, train_loss : 0.053245045244693756, train_acc(top1) : 88.02999877929688, test_loss : 0.473191494512558, 
Epoch : 199, lr : 0.0001, epoch_time : 7.915214693546295, train_loss : 0.06603069603443146, train_acc(top1) : 88.0, test_loss : 0.4701515230178833, 
Epoch : 200, lr : 0.0001, epoch_time : 7.915425602595011, train_loss : 0.044716864824295044, train_acc(top1) : 88.08999633789062, test_loss : 0.4715825932502747, 
